0 0 0 0 0 0 0 0 0 0 0 1 0 0.8125 0.8125 0
0 0 0.142857 0 0 0 0 0.857143 3 1 2.07143 5 1 1.5 0.35 0.523809
0 0 0.142857 0 0 0 0 0.857143 3 1 2.07143 5 1 1.5 0.35 0.523809
0 0 0.142857 0 0 0 0 0.857143 3 1 2.07143 4 1 1.5 0.35 0.523809
0 0 0 0 0 0 0 0 0 0 0 1 0 0.901961 0.901961 0
0 0 0.219512 0 0 0 0.0365854 0.743902 4 1 2.02439 10 1 1.63725 0.444444 0.352439
0 0 0.219512 0 0 0 0.0365854 0.743902 4 1 2.02439 9 1 1.63725 0.444444 0.352439
0 0 0.219512 0 0 0 0.0365854 0.743902 4 1 2.0122 10 1 1.62745 0.444444 0.352439
0 0 0.219512 0 0 0 0.0365854 0.743902 4 1 2.0122 9 1 1.62745 0.444444 0.352439
0 0 0.228916 0 0 0 0.0361446 0.73494 4 1 2.01205 10 1 1.63107 0.440129 0.350602
0 0 0.228916 0 0 0 0.0361446 0.73494 4 1 2.01205 9 1 1.63107 0.440129 0.350602
0 0 0.219512 0 0 0 0.0365854 0.743902 4 1 2.02439 9 1 1.63725 0.444444 0.352439
0 0 0.219512 0 0 0 0.0365854 0.743902 4 1 2.02439 10 1 1.63725 0.444444 0.352439
0 0 0.219512 0 0 0 0.0365854 0.743902 4 1 2.02439 9 1 1.63725 0.444444 0.352439
0 0 0.219512 0 0 0 0.0365854 0.743902 4 1 2.02439 10 1 1.63725 0.434641 0.352439
0 0 0.219512 0 0 0 0.0365854 0.743902 4 1 2.02439 9 1 1.63725 0.444444 0.352439
0 0 0.219512 0 0 0 0.0365854 0.743902 4 1 2.02439 10 1 1.63725 0.444444 0.352439
0 0 0.219512 0 0 0 0.0365854 0.743902 4 1 2.02439 9 1 1.63725 0.444444 0.352439
0 0 0.219512 0 0 0 0.0365854 0.743902 4 1 2.02439 10 1 1.63725 0.434641 0.352439
0 0 0.219512 0 0 0 0.0365854 0.743902 4 1 2.02439 9 1 1.63725 0.444444 0.352439
0 0 0 0 0 0 0 0 0 0 0 1 0 0.938811 0.938811 0
0 0 0.241117 0 0 0 0.220812 0.538071 4 1 1.84772 34 1 1.57112 0.542385 0.231907
0 0 0.241117 0 0 0 0.220812 0.538071 4 1 1.84772 35 1 1.57112 0.540948 0.231907
0 0 0.241117 0 0 0 0.220812 0.538071 4 1 1.84772 34 1 1.57112 0.542385 0.231907
0 0 0.241117 0 0 0 0.220812 0.538071 4 1 1.84772 35 1 1.57112 0.542385 0.231907
0 0 0.241117 0 0 0 0.220812 0.538071 4 1 1.84772 34 1 1.57112 0.542385 0.231907
0 0 0.241117 0 0 0 0.220812 0.538071 4 1 1.84772 35 1 1.57112 0.540948 0.231907
0 0 0.241117 0 0 0 0.220812 0.538071 4 1 1.84772 34 1 1.57112 0.542385 0.231907
0 0 0.241117 0 0 0 0.220812 0.538071 4 1 1.84772 35 1 1.57112 0.542385 0.231907
0 0 0.241117 0 0 0 0.220812 0.538071 4 1 1.84772 34 1 1.57112 0.542385 0.231907
0 0 0.241117 0 0 0 0.220812 0.538071 4 1 1.84772 35 1 1.57112 0.540948 0.231907
0 0 0.241117 0 0 0 0.220812 0.538071 4 1 1.84772 35 1 1.57112 0.542385 0.231907
0 0 0.241117 0 0 0 0.220812 0.538071 4 1 1.84772 34 1 1.57112 0.542385 0.231907
0 0 0.241117 0 0 0 0.220812 0.538071 4 1 1.84772 35 1 1.57112 0.542385 0.231907
0 0 0.241117 0 0 0 0.220812 0.538071 4 1 1.84772 34 1 1.57112 0.542385 0.231907
0 0 0.241117 0 0 0 0.220812 0.538071 4 1 1.84772 35 1 1.57112 0.540948 0.231907
0 0 0.241117 0 0 0 0.220812 0.538071 4 1 1.84772 34 1 1.57112 0.542385 0.231907
0 0 0.241117 0 0 0 0.220812 0.538071 4 1 1.84772 35 1 1.57112 0.542385 0.231907
0 0 0.241117 0 0 0 0.220812 0.538071 4 1 1.84772 34 1 1.57112 0.542385 0.231907
0 0 0.241117 0 0 0 0.220812 0.538071 4 1 1.84772 35 1 1.57112 0.540948 0.231907
0 0 0.241117 0 0 0 0.220812 0.538071 4 1 1.84772 34 1 1.57112 0.542385 0.231907
0 0 0.241117 0 0 0 0.220812 0.538071 4 1 1.84772 35 1 1.57112 0.542385 0.231907
0 0 0.241117 0 0 0 0.220812 0.538071 4 1 1.84772 34 1 1.57112 0.542385 0.231907
0 0 0.241117 0 0 0 0.220812 0.538071 4 1 1.84772 34 1 1.57112 0.542385 0.231907
0 0 0.241117 0 0 0 0.220812 0.538071 4 1 1.84772 35 1 1.57112 0.540948 0.231907
0 0 0.241117 0 0 0 0.220812 0.538071 4 1 1.84772 34 1 1.57112 0.542385 0.231907
0 0 0.241117 0 0 0 0.220812 0.538071 4 1 1.84772 35 1 1.57112 0.542385 0.231907
0 0 0.241117 0 0 0 0.220812 0.538071 4 1 1.84772 34 1 1.57112 0.542385 0.231907
0 0 0.241117 0 0 0 0.220812 0.538071 4 1 1.84772 35 1 1.57112 0.540948 0.231907
0 0 0.241117 0 0 0 0.220812 0.538071 4 1 1.84772 34 1 1.57112 0.542385 0.231907
0 0 0.241117 0 0 0 0.220812 0.538071 4 1 1.84772 35 1 1.57112 0.542385 0.231907
0 0 0.241117 0 0 0 0.220812 0.538071 4 1 1.84772 34 1 1.57112 0.542385 0.231907
0 0 0.241117 0 0 0 0.220812 0.538071 4 1 1.84772 35 1 1.57112 0.540948 0.231907
0 0 0.241117 0 0 0 0.220812 0.538071 4 1 1.84772 35 1 1.57112 0.540948 0.231907
0 0 0.241117 0 0 0 0.220812 0.538071 4 1 1.84772 34 1 1.57112 0.542385 0.231907
0 0 0.241117 0 0 0 0.220812 0.538071 4 1 1.84772 35 1 1.57112 0.542385 0.231907
0 0 0.241117 0 0 0 0.220812 0.538071 4 1 1.84772 34 1 1.57112 0.542385 0.231907
0 0 0.241117 0 0 0 0.220812 0.538071 4 1 1.84772 35 1 1.57112 0.540948 0.231907
0 0 0.241117 0 0 0 0.220812 0.538071 4 1 1.84772 34 1 1.57112 0.542385 0.231907
0 0 0.241117 0 0 0 0.220812 0.538071 4 1 1.84772 35 1 1.57112 0.542385 0.231907
0 0 0.241117 0 0 0 0.220812 0.538071 4 1 1.84772 34 1 1.57112 0.542385 0.231907
0 0 0.241117 0 0 0 0.220812 0.538071 4 1 1.84772 35 1 1.57112 0.540948 0.231907
0 0 0.241117 0 0 0 0.220812 0.538071 4 1 1.84772 34 1 1.57112 0.542385 0.231907
0 0 0.241117 0 0 0 0.220812 0.538071 4 1 1.84772 35 1 1.57112 0.542385 0.231907
0 0 0.241117 0 0 0 0.220812 0.538071 4 1 1.84772 34 1 1.57112 0.542385 0.231907
0 0 0.241117 0 0 0 0.220812 0.538071 4 1 1.84772 34 1 1.57112 0.542385 0.231907
0 0 0.241117 0 0 0 0.220812 0.538071 4 1 1.84772 35 1 1.57112 0.540948 0.231907
0 0 0.241117 0 0 0 0.220812 0.538071 4 1 1.84772 34 1 1.57112 0.542385 0.231907
0 0 0.241117 0 0 0 0.220812 0.538071 4 1 1.84772 35 1 1.57112 0.542385 0.231907
0 0 0.241117 0 0 0 0.220812 0.538071 4 1 1.84772 34 1 1.57112 0.542385 0.231907
0 0 0.241117 0 0 0 0.220812 0.538071 4 1 1.84772 35 1 1.57112 0.540948 0.231907
0 0 0.242424 0 0 0 0.224747 0.532828 4 1 1.84091 35 1 1.56652 0.542203 0.231097
0 0 0.242424 0 0 0 0.224747 0.532828 4 1 1.84091 34 1 1.56652 0.544349 0.231097
0 0 0.242424 0 0 0 0.224747 0.532828 4 1 1.84091 35 1 1.56652 0.544349 0.231097
0 0 0.242424 0 0 0 0.224747 0.532828 4 1 1.84091 34 1 1.56652 0.544349 0.231097
0 0 0.241117 0 0 0 0.220812 0.538071 4 1 1.84772 35 1 1.57112 0.542385 0.231907
0 0 0.243038 0 0 0 0.222785 0.534177 4 1 1.84304 34 1 1.56774 0.543369 0.231501
0 0 0.243038 0 0 0 0.222785 0.534177 4 1 1.84304 33 1 1.56774 0.54552 0.231501
0 0 0.241117 0 0 0 0.22335 0.535533 4 1 1.84772 35 1 1.57112 0.542385 0.231871
0 0 0.241117 0 0 0 0.22335 0.535533 4 1 1.84772 34 1 1.57112 0.542385 0.231871
0 0 0.241117 0 0 0 0.220812 0.538071 4 1 1.84772 34 1 1.57112 0.542385 0.231907
0 0 0.241117 0 0 0 0.220812 0.538071 4 1 1.84772 35 1 1.57112 0.540948 0.231907
0 0 0.241117 0 0 0 0.220812 0.538071 4 1 1.84772 34 1 1.57112 0.542385 0.231907
0 0 0.241117 0 0 0 0.220812 0.538071 4 1 1.84772 35 1 1.57112 0.542385 0.231907
0 0 0 0 0 0 0 0 0 0 0 1 0 0.955071 0.955005 0
0 0 0.180501 0 0 0 0.214097 0.605402 4 1 1.86759 131 1 1.59147 0.5419 0.193304
0 0 0.180501 0 0 0 0.214097 0.605402 4 1 1.86759 132 1 1.59147 0.5419 0.193304
0 0 0.180501 0 0 0 0.214097 0.605402 4 1 1.86759 131 1 1.59147 0.542275 0.193304
0 0 0.180501 0 0 0 0.214097 0.605402 4 1 1.86759 132 1 1.59147 0.5419 0.193304
0 0 0.180501 0 0 0 0.214097 0.605402 4 1 1.86759 131 1 1.59147 0.542275 0.193304
0 0 0.180501 0 0 0 0.214097 0.605402 4 1 1.86759 132 1 1.59147 0.542275 0.193304
0 0 0.180501 0 0 0 0.214097 0.605402 4 1 1.86759 131 1 1.59147 0.542836 0.193304
0 0 0.180501 0 0 0 0.214097 0.605402 4 1 1.86759 132 1 1.59147 0.542462 0.193304
0 0 0.180501 0 0 0 0.214097 0.605402 4 1 1.86759 131 1 1.59147 0.5419 0.193304
0 0 0.180501 0 0 0 0.214097 0.605402 4 1 1.86759 132 1 1.59147 0.5419 0.193304
0 0 0.181159 0 0 0 0.214097 0.604743 4 1 1.86693 132 1 1.59091 0.542462 0.193304
0 0 0.180501 0 0 0 0.214097 0.605402 4 1 1.86759 131 1 1.59147 0.542275 0.193304
0 0 0.180501 0 0 0 0.214097 0.605402 4 1 1.86759 132 1 1.59147 0.5419 0.193304
0 0 0.180501 0 0 0 0.214097 0.605402 4 1 1.86759 131 1 1.59147 0.542088 0.193304
0 0 0.180501 0 0 0 0.214097 0.605402 4 1 1.86759 132 1 1.59147 0.542088 0.193304
0 0 0.180501 0 0 0 0.214097 0.605402 4 1 1.86759 131 1 1.59147 0.542649 0.193304
0 0 0.180501 0 0 0 0.214097 0.605402 4 1 1.86759 132 1 1.59147 0.542275 0.193304
0 0 0.180501 0 0 0 0.214097 0.605402 4 1 1.86759 131 1 1.59147 0.5419 0.193304
0 0 0.180501 0 0 0 0.214097 0.605402 4 1 1.86759 132 1 1.59147 0.5419 0.193304
0 0 0.180501 0 0 0 0.214097 0.605402 4 1 1.86759 131 1 1.59147 0.542275 0.193304
0 0 0.180501 0 0 0 0.214097 0.605402 4 1 1.86759 132 1 1.59147 0.5419 0.193304
0 0 0.181159 0 0 0 0.214097 0.604743 4 1 1.86693 131 1 1.59091 0.542462 0.193304
0 0 0.180501 0 0 0 0.214097 0.605402 4 1 1.86759 131 1 1.59147 0.542275 0.193304
0 0 0.180501 0 0 0 0.214097 0.605402 4 1 1.86759 132 1 1.59147 0.542275 0.193304
0 0 0.180501 0 0 0 0.214097 0.605402 4 1 1.86759 131 1 1.59147 0.542836 0.193304
0 0 0.180501 0 0 0 0.214097 0.605402 4 1 1.86759 132 1 1.59147 0.542462 0.193304
0 0 0.180501 0 0 0 0.214097 0.605402 4 1 1.86759 131 1 1.59147 0.5419 0.193304
0 0 0.180501 0 0 0 0.214097 0.605402 4 1 1.86759 132 1 1.59147 0.5419 0.193304
0 0 0.180501 0 0 0 0.214097 0.605402 4 1 1.86759 131 1 1.59147 0.542275 0.193304
0 0 0.180501 0 0 0 0.214097 0.605402 4 1 1.86759 132 1 1.59147 0.5419 0.193304
0 0 0.180501 0 0 0 0.214097 0.605402 4 1 1.86759 131 1 1.59147 0.542088 0.193304
0 0 0.180501 0 0 0 0.214097 0.605402 4 1 1.86759 132 1 1.59147 0.542088 0.193304
0 0 0.181159 0 0 0 0.214097 0.604743 4 1 1.86693 132 1 1.59091 0.542275 0.193304
0 0 0.180501 0 0 0 0.214097 0.605402 4 1 1.86759 131 1 1.59147 0.542649 0.193304
0 0 0.180501 0 0 0 0.214097 0.605402 4 1 1.86759 132 1 1.59147 0.542275 0.193304
0 0 0.180501 0 0 0 0.214097 0.605402 4 1 1.86759 131 1 1.59147 0.5419 0.193304
0 0 0.180501 0 0 0 0.214097 0.605402 4 1 1.86759 132 1 1.59147 0.5419 0.193304
0 0 0.180501 0 0 0 0.214097 0.605402 4 1 1.86759 131 1 1.59147 0.542275 0.193304
0 0 0.180501 0 0 0 0.214097 0.605402 4 1 1.86759 132 1 1.59147 0.5419 0.193304
0 0 0.180501 0 0 0 0.214097 0.605402 4 1 1.86759 131 1 1.59147 0.542275 0.193304
0 0 0.180501 0 0 0 0.214097 0.605402 4 1 1.86759 132 1 1.59147 0.542275 0.193304
0 0 0.180501 0 0 0 0.214097 0.605402 4 1 1.86759 131 1 1.59147 0.542836 0.193304
0 0 0.180501 0 0 0 0.214097 0.605402 4 1 1.86759 132 1 1.59147 0.542462 0.193304
0 0 0.181159 0 0 0 0.214097 0.604743 4 1 1.86693 131 1 1.59091 0.542836 0.193304
0 0 0.180501 0 0 0 0.214097 0.605402 4 1 1.86759 131 1 1.59147 0.5419 0.193304
0 0 0.180501 0 0 0 0.214097 0.605402 4 1 1.86759 132 1 1.59147 0.5419 0.193304
0 0 0.180501 0 0 0 0.214097 0.605402 4 1 1.86759 131 1 1.59147 0.542275 0.193304
0 0 0.180501 0 0 0 0.214097 0.605402 4 1 1.86759 132 1 1.59147 0.5419 0.193304
0 0 0.180501 0 0 0 0.214097 0.605402 4 1 1.86759 131 1 1.59147 0.542088 0.193304
0 0 0.180501 0 0 0 0.214097 0.605402 4 1 1.86759 132 1 1.59147 0.542088 0.193304
0 0 0.180501 0 0 0 0.214097 0.605402 4 1 1.86759 131 1 1.59147 0.542649 0.193304
0 0 0.180501 0 0 0 0.214097 0.605402 4 1 1.86759 132 1 1.59147 0.542275 0.193304
0 0 0.180501 0 0 0 0.214097 0.605402 4 1 1.86759 131 1 1.59147 0.5419 0.193304
0 0 0.180501 0 0 0 0.214097 0.605402 4 1 1.86759 132 1 1.59147 0.5419 0.193304
0 0 0.181159 0 0 0 0.214097 0.604743 4 1 1.86693 132 1 1.59091 0.542462 0.193304
0 0 0.180501 0 0 0 0.214097 0.605402 4 1 1.86759 131 1 1.59147 0.542275 0.193304
0 0 0.180501 0 0 0 0.214097 0.605402 4 1 1.86759 132 1 1.59147 0.5419 0.193304
0 0 0.180501 0 0 0 0.214097 0.605402 4 1 1.86759 131 1 1.59147 0.542275 0.193304
0 0 0.180501 0 0 0 0.214097 0.605402 4 1 1.86759 132 1 1.59147 0.542275 0.193304
0 0 0.180501 0 0 0 0.214097 0.605402 4 1 1.86759 131 1 1.59147 0.542836 0.193304
0 0 0.180501 0 0 0 0.214097 0.605402 4 1 1.86759 132 1 1.59147 0.542462 0.193304
0 0 0.180501 0 0 0 0.214097 0.605402 4 1 1.86759 131 1 1.59147 0.5419 0.193304
0 0 0.180501 0 0 0 0.214097 0.605402 4 1 1.86759 132 1 1.59147 0.5419 0.193304
0 0 0.180501 0 0 0 0.214097 0.605402 4 1 1.86759 131 1 1.59147 0.542275 0.193304
0 0 0.180501 0 0 0 0.214097 0.605402 4 1 1.86759 132 1 1.59147 0.5419 0.193304
0 0 0.181159 0 0 0 0.214097 0.604743 4 1 1.86693 131 1 1.59091 0.542462 0.193304
0 0 0.180501 0 0 0 0.214097 0.605402 4 1 1.86759 131 1 1.59147 0.542088 0.193304
0 0 0.180501 0 0 0 0.214097 0.605402 4 1 1.86759 132 1 1.59147 0.542088 0.193304
0 0 0.180501 0 0 0 0.214097 0.605402 4 1 1.86759 131 1 1.59147 0.542649 0.193304
0 0 0.180501 0 0 0 0.214097 0.605402 4 1 1.86759 132 1 1.59147 0.542275 0.193304
0 0 0.180501 0 0 0 0.214097 0.605402 4 1 1.86759 131 1 1.59147 0.5419 0.193304
0 0 0.180501 0 0 0 0.214097 0.605402 4 1 1.86759 132 1 1.59147 0.5419 0.193304
0 0 0.180501 0 0 0 0.214097 0.605402 4 1 1.86759 131 1 1.59147 0.542275 0.193304
0 0 0.180501 0 0 0 0.214097 0.605402 4 1 1.86759 132 1 1.59147 0.5419 0.193304
0 0 0.180501 0 0 0 0.214097 0.605402 4 1 1.86759 131 1 1.59147 0.542275 0.193304
0 0 0.180501 0 0 0 0.214097 0.605402 4 1 1.86759 132 1 1.59147 0.542275 0.193304
0 0 0.181159 0 0 0 0.214097 0.604743 4 1 1.86693 132 1 1.59091 0.541713 0.193304
0 0 0.180501 0 0 0 0.214097 0.605402 4 1 1.86759 131 1 1.59147 0.542836 0.193304
0 0 0.180501 0 0 0 0.214097 0.605402 4 1 1.86759 132 1 1.59147 0.542462 0.193304
0 0 0.180501 0 0 0 0.214097 0.605402 4 1 1.86759 131 1 1.59147 0.5419 0.193304
0 0 0.180501 0 0 0 0.214097 0.605402 4 1 1.86759 132 1 1.59147 0.5419 0.193304
0 0 0.180501 0 0 0 0.214097 0.605402 4 1 1.86759 131 1 1.59147 0.542275 0.193304
0 0 0.180501 0 0 0 0.214097 0.605402 4 1 1.86759 132 1 1.59147 0.5419 0.193304
0 0 0.180501 0 0 0 0.214097 0.605402 4 1 1.86759 131 1 1.59147 0.542088 0.193304
0 0 0.180501 0 0 0 0.214097 0.605402 4 1 1.86759 132 1 1.59147 0.542088 0.193304
0 0 0.180501 0 0 0 0.214097 0.605402 4 1 1.86759 131 1 1.59147 0.542649 0.193304
0 0 0.180501 0 0 0 0.214097 0.605402 4 1 1.86759 132 1 1.59147 0.542275 0.193304
0 0 0.181159 0 0 0 0.214097 0.604743 4 1 1.86693 131 1 1.59091 0.542275 0.193304
0 0 0.180501 0 0 0 0.214097 0.605402 4 1 1.86759 131 1 1.59147 0.5419 0.193304
0 0 0.180501 0 0 0 0.214097 0.605402 4 1 1.86759 132 1 1.59147 0.5419 0.193304
0 0 0.180501 0 0 0 0.214097 0.605402 4 1 1.86759 131 1 1.59147 0.542275 0.193304
0 0 0.180501 0 0 0 0.214097 0.605402 4 1 1.86759 132 1 1.59147 0.5419 0.193304
0 0 0.180501 0 0 0 0.214097 0.605402 4 1 1.86759 131 1 1.59147 0.542275 0.193304
0 0 0.180501 0 0 0 0.214097 0.605402 4 1 1.86759 132 1 1.59147 0.542275 0.193304
0 0 0.180501 0 0 0 0.214097 0.605402 4 1 1.86759 131 1 1.59147 0.542836 0.193304
0 0 0.180501 0 0 0 0.214097 0.605402 4 1 1.86759 132 1 1.59147 0.542462 0.193304
0 0 0.180501 0 0 0 0.214097 0.605402 4 1 1.86759 131 1 1.59147 0.5419 0.193304
0 0 0.180501 0 0 0 0.214097 0.605402 4 1 1.86759 132 1 1.59147 0.5419 0.193304
0 0 0.181159 0 0 0 0.214097 0.604743 4 1 1.86693 132 1 1.59091 0.5419 0.193304
0 0 0.180501 0 0 0 0.214097 0.605402 4 1 1.86759 131 1 1.59147 0.542275 0.193304
0 0 0.180501 0 0 0 0.214097 0.605402 4 1 1.86759 132 1 1.59147 0.5419 0.193304
0 0 0.181159 0 0 0 0.214097 0.604743 4 1 1.86693 132 1 1.59091 0.541713 0.193304
0 0 0.181159 0 0 0 0.214097 0.604743 4 1 1.86693 131 1 1.59091 0.542275 0.193304
0 0 0.181159 0 0 0 0.214097 0.604743 4 1 1.86693 132 1 1.59091 0.5419 0.193304
0 0 0.181159 0 0 0 0.214097 0.604743 4 1 1.86693 131 1 1.59091 0.5419 0.193304
0 0 0.181159 0 0 0 0.214097 0.604743 4 1 1.86693 132 1 1.59091 0.541713 0.193304
0 0 0.181159 0 0 0 0.214097 0.604743 4 1 1.86693 131 1 1.59091 0.542275 0.193304
0 0 0.181159 0 0 0 0.214097 0.604743 4 1 1.86693 132 1 1.59091 0.5419 0.193304
0 0 0.181159 0 0 0 0.214097 0.604743 4 1 1.86693 131 1 1.59091 0.5419 0.193304
0 0 0.181159 0 0 0 0.214097 0.604743 4 1 1.86693 131 1 1.59091 0.5419 0.193304
0 0 0.181159 0 0 0 0.214097 0.604743 4 1 1.86693 131 1 1.59091 0.542275 0.193304
0 0 0.181159 0 0 0 0.214097 0.604743 4 1 1.86693 132 1 1.59091 0.542275 0.193304
0 0 0.181159 0 0 0 0.214097 0.604743 4 1 1.86693 131 1 1.59091 0.542836 0.193304
0 0 0.181159 0 0 0 0.214097 0.604743 4 1 1.86693 132 1 1.59091 0.542462 0.193304
0 0 0.181159 0 0 0 0.214097 0.604743 4 1 1.86693 131 1 1.59091 0.542462 0.193304
0 0 0.181159 0 0 0 0.214097 0.604743 4 1 1.86693 132 1 1.59091 0.542275 0.193304
0 0 0.181159 0 0 0 0.214097 0.604743 4 1 1.86693 131 1 1.59091 0.542836 0.193304
0 0 0.181159 0 0 0 0.214097 0.604743 4 1 1.86693 132 1 1.59091 0.542462 0.193304
0 0 0.181159 0 0 0 0.214097 0.604743 4 1 1.86693 131 1 1.59091 0.542462 0.193304
0 0 0.181159 0 0 0 0.214097 0.604743 4 1 1.86693 132 1 1.59091 0.541713 0.193304
0 0 0.181159 0 0 0 0.214097 0.604743 4 1 1.86693 131 1 1.59091 0.542275 0.193304
0 0 0.181159 0 0 0 0.214097 0.604743 4 1 1.86693 132 1 1.59091 0.541713 0.193304
0 0 0.181159 0 0 0 0.214097 0.604743 4 1 1.86693 132 1 1.59091 0.5419 0.193304
0 0 0.181159 0 0 0 0.214097 0.604743 4 1 1.86693 131 1 1.59091 0.5419 0.193304
0 0 0.181159 0 0 0 0.214097 0.604743 4 1 1.86693 132 1 1.59091 0.541713 0.193304
0 0 0.181159 0 0 0 0.214097 0.604743 4 1 1.86693 131 1 1.59091 0.542275 0.193304
0 0 0.181159 0 0 0 0.214097 0.604743 4 1 1.86693 132 1 1.59091 0.5419 0.193304
0 0 0.181159 0 0 0 0.214097 0.604743 4 1 1.86693 131 1 1.59091 0.5419 0.193304
0 0 0.181159 0 0 0 0.214097 0.604743 4 1 1.86693 132 1 1.59091 0.542275 0.193304
0 0 0.181159 0 0 0 0.214097 0.604743 4 1 1.86693 131 1 1.59091 0.542836 0.193304
0 0 0.181159 0 0 0 0.214097 0.604743 4 1 1.86693 132 1 1.59091 0.542462 0.193304
0 0 0.181159 0 0 0 0.214097 0.604743 4 1 1.86693 131 1 1.59091 0.542462 0.193304
0 0 0.181159 0 0 0 0.214097 0.604743 4 1 1.86693 131 1 1.59091 0.542275 0.193304
0 0 0.181159 0 0 0 0.214097 0.604743 4 1 1.86693 132 1 1.59091 0.542275 0.193304
0 0 0.181159 0 0 0 0.214097 0.604743 4 1 1.86693 131 1 1.59091 0.542836 0.193304
0 0 0.181159 0 0 0 0.214097 0.604743 4 1 1.86693 132 1 1.59091 0.542462 0.193304
0 0 0.181159 0 0 0 0.214097 0.604743 4 1 1.86693 131 1 1.59091 0.542462 0.193304
0 0 0.180079 0 0 0 0.21372 0.606201 4 1 1.86807 131 1 1.59157 0.542135 0.193529
0 0 0.180079 0 0 0 0.21372 0.606201 4 1 1.86807 132 1 1.59157 0.542135 0.193529
0 0 0.180079 0 0 0 0.21372 0.606201 4 1 1.86807 131 1 1.59157 0.542135 0.193529
0 0 0.180079 0 0 0 0.21372 0.606201 4 1 1.86807 132 1 1.59157 0.54176 0.193529
0 0 0.180079 0 0 0 0.21372 0.606201 4 1 1.86807 131 1 1.59157 0.542135 0.193529
0 0 0.180079 0 0 0 0.21372 0.606201 4 1 1.86807 132 1 1.59157 0.542135 0.193529
0 0 0.181159 0 0 0 0.214097 0.604743 4 1 1.86693 132 1 1.59091 0.5419 0.193304
0 0 0.180079 0 0 0 0.21372 0.606201 4 1 1.86807 131 1 1.59157 0.542135 0.193529
0 0 0.180079 0 0 0 0.21372 0.606201 4 1 1.86807 132 1 1.59157 0.54176 0.193529
0 0 0.180079 0 0 0 0.21372 0.606201 4 1 1.86807 131 1 1.59157 0.542135 0.193529
0 0 0.180079 0 0 0 0.21372 0.606201 4 1 1.86807 132 1 1.59157 0.542135 0.193529
0 0 0.180079 0 0 0 0.21372 0.606201 4 1 1.86807 131 1 1.59157 0.542135 0.193529
0 0 0.180079 0 0 0 0.21372 0.606201 4 1 1.86807 132 1 1.59157 0.54176 0.193529
0 0 0.180079 0 0 0 0.21372 0.606201 4 1 1.86807 131 1 1.59157 0.542135 0.193529
0 0 0.180079 0 0 0 0.21372 0.606201 4 1 1.86807 132 1 1.59157 0.542135 0.193529
0 0 0.180079 0 0 0 0.21372 0.606201 4 1 1.86807 131 1 1.59157 0.542135 0.193529
0 0 0.180079 0 0 0 0.21372 0.606201 4 1 1.86807 132 1 1.59157 0.54176 0.193529
0 0 0.181159 0 0 0 0.214097 0.604743 4 1 1.86693 131 1 1.59091 0.5419 0.193304
0 0 0.180501 0 0 0 0.214097 0.605402 4 1 1.86759 131 1 1.59147 0.542088 0.193304
0 0 0.180501 0 0 0 0.214097 0.605402 4 1 1.86759 132 1 1.59147 0.542088 0.193304
0 0 0.180501 0 0 0 0.214097 0.605402 4 1 1.86759 131 1 1.59147 0.542649 0.193304
0 0 0.180501 0 0 0 0.214097 0.605402 4 1 1.86759 132 1 1.59147 0.542275 0.193304
0 0 0.180501 0 0 0 0.214097 0.605402 4 1 1.86759 131 1 1.59147 0.5419 0.193304
0 0 0.180501 0 0 0 0.214097 0.605402 4 1 1.86759 132 1 1.59147 0.5419 0.193304
0 0 0.180501 0 0 0 0.214097 0.605402 4 1 1.86759 131 1 1.59147 0.542275 0.193304
0 0 0.180501 0 0 0 0.214097 0.605402 4 1 1.86759 132 1 1.59147 0.5419 0.193304
0 0 0.18062 0 0 0 0.213579 0.605801 4 1 1.8675 131 1 1.59124 0.542205 0.193419
0 0 0.18062 0 0 0 0.213579 0.605801 4 1 1.8675 132 1 1.59124 0.542205 0.193419
0 0 0.181159 0 0 0 0.214097 0.604743 4 1 1.86693 132 1 1.59091 0.542275 0.193304
0 0 0.18062 0 0 0 0.213579 0.605801 4 1 1.8675 131 1 1.59124 0.542766 0.193419
0 0 0.18062 0 0 0 0.213579 0.605801 4 1 1.8675 132 1 1.59124 0.542392 0.193419
0 0 0.18062 0 0 0 0.214239 0.605142 4 1 1.86684 131 1 1.59068 0.542392 0.193419
0 0 0.18062 0 0 0 0.214239 0.605142 4 1 1.86684 130 1 1.59068 0.542766 0.193419
0 0 0.18062 0 0 0 0.214239 0.605142 4 1 1.86684 131 1 1.59068 0.542766 0.193419
0 0 0.18062 0 0 0 0.214239 0.605142 4 1 1.86684 130 1 1.59068 0.542766 0.193419
0 0 0.181159 0 0 0 0.214097 0.604743 4 1 1.86693 131 1 1.59091 0.542836 0.193304
0 0 0.181159 0 0 0 0.214097 0.604743 4 1 1.86693 132 1 1.59091 0.542462 0.193304
0 0 0.181159 0 0 0 0.214097 0.604743 4 1 1.86693 131 1 1.59091 0.542462 0.193304
0 0 0.181159 0 0 0 0.214097 0.604743 4 1 1.86693 132 1 1.59091 0.542275 0.193304
0 0 0.181159 0 0 0 0.214097 0.604743 4 1 1.86693 131 1 1.59091 0.542836 0.193304
0 0 0.181159 0 0 0 0.214097 0.604743 4 1 1.86693 132 1 1.59091 0.5419 0.193304
0 0 0.181159 0 0 0 0.214097 0.604743 4 1 1.86693 132 1 1.59091 0.542462 0.193304
0 0 0.181159 0 0 0 0.214097 0.604743 4 1 1.86693 131 1 1.59091 0.542462 0.193304
0 0 0.181159 0 0 0 0.214097 0.604743 4 1 1.86693 132 1 1.59091 0.541713 0.193304
0 0 0.181159 0 0 0 0.214097 0.604743 4 1 1.86693 131 1 1.59091 0.542275 0.193304
0 0 0.181159 0 0 0 0.214097 0.604743 4 1 1.86693 132 1 1.59091 0.5419 0.193304
0 0 0.181159 0 0 0 0.214097 0.604743 4 1 1.86693 131 1 1.59091 0.5419 0.193304
0 0 0.181159 0 0 0 0.214097 0.604743 4 1 1.86693 132 1 1.59091 0.541713 0.193304
0 0 0.181159 0 0 0 0.214097 0.604743 4 1 1.86693 131 1 1.59091 0.542275 0.193304
0 0 0.181159 0 0 0 0.214097 0.604743 4 1 1.86693 132 1 1.59091 0.5419 0.193304
0 0 0.181159 0 0 0 0.214097 0.604743 4 1 1.86693 131 1 1.59091 0.5419 0.193304
0 0 0.181159 0 0 0 0.214097 0.604743 4 1 1.86693 131 1 1.59091 0.5419 0.193304
0 0 0.181159 0 0 0 0.214097 0.604743 4 1 1.86693 132 1 1.59091 0.542275 0.193304
0 0 0.181159 0 0 0 0.214097 0.604743 4 1 1.86693 131 1 1.59091 0.542836 0.193304
0 0 0.181159 0 0 0 0.214097 0.604743 4 1 1.86693 132 1 1.59091 0.542462 0.193304
0 0 0.181159 0 0 0 0.214097 0.604743 4 1 1.86693 131 1 1.59091 0.542462 0.193304
0 0 0.181159 0 0 0 0.214097 0.604743 4 1 1.86693 132 1 1.59091 0.542275 0.193304
0 0 0.181159 0 0 0 0.214097 0.604743 4 1 1.86693 131 1 1.59091 0.542836 0.193304
0 0 0.181159 0 0 0 0.214097 0.604743 4 1 1.86693 132 1 1.59091 0.542462 0.193304
0 0 0.181159 0 0 0 0.214097 0.604743 4 1 1.86693 131 1 1.59091 0.542462 0.193304
0 0 0.181159 0 0 0 0.214097 0.604743 4 1 1.86693 132 1 1.59091 0.541713 0.193304
0 0 0.181159 0 0 0 0.214097 0.604743 4 1 1.86693 131 1 1.59091 0.542275 0.193304
0 0 0.181159 0 0 0 0.214097 0.604743 4 1 1.86693 132 1 1.59091 0.541713 0.193304
0 0 0.181159 0 0 0 0.214097 0.604743 4 1 1.86693 132 1 1.59091 0.5419 0.193304
0 0 0.181159 0 0 0 0.214097 0.604743 4 1 1.86693 131 1 1.59091 0.5419 0.193304
0 0 0.181159 0 0 0 0.214097 0.604743 4 1 1.86693 132 1 1.59091 0.541713 0.193304
0 0 0.181159 0 0 0 0.214097 0.604743 4 1 1.86693 131 1 1.59091 0.542275 0.193304
0 0 0.181159 0 0 0 0.214097 0.604743 4 1 1.86693 132 1 1.59091 0.5419 0.193304
0 0 0.181159 0 0 0 0.214097 0.604743 4 1 1.86693 131 1 1.59091 0.5419 0.193304
0 0 0.181159 0 0 0 0.214097 0.604743 4 1 1.86693 132 1 1.59091 0.542275 0.193304
0 0 0.181159 0 0 0 0.214097 0.604743 4 1 1.86693 131 1 1.59091 0.542836 0.193304
0 0 0.181159 0 0 0 0.214097 0.604743 4 1 1.86693 132 1 1.59091 0.542462 0.193304
0 0 0.181159 0 0 0 0.214097 0.604743 4 1 1.86693 131 1 1.59091 0.542462 0.193304
0 0 0.181159 0 0 0 0.214097 0.604743 4 1 1.86693 131 1 1.59091 0.542275 0.193304
0 0 0.181159 0 0 0 0.214097 0.604743 4 1 1.86693 132 1 1.59091 0.542275 0.193304
0 0 0.181159 0 0 0 0.214097 0.604743 4 1 1.86693 131 1 1.59091 0.542836 0.193304
0 0 0.181159 0 0 0 0.214097 0.604743 4 1 1.86693 132 1 1.59091 0.542462 0.193304
0 0 0.181159 0 0 0 0.214097 0.604743 4 1 1.86693 131 1 1.59091 0.542462 0.193304
0 0 0.180501 0 0 0 0.214097 0.605402 4 1 1.86759 131 1 1.59147 0.542088 0.193304
0 0 0.180501 0 0 0 0.214097 0.605402 4 1 1.86759 132 1 1.59147 0.542088 0.193304
0 0 0.180501 0 0 0 0.214097 0.605402 4 1 1.86759 131 1 1.59147 0.542649 0.193304
0 0 0.180501 0 0 0 0.214097 0.605402 4 1 1.86759 132 1 1.59147 0.542275 0.193304
0 0 0.180501 0 0 0 0.214097 0.605402 4 1 1.86759 131 1 1.59147 0.5419 0.193304
0 0 0.180501 0 0 0 0.214097 0.605402 4 1 1.86759 132 1 1.59147 0.5419 0.193304
0 0 0.181159 0 0 0 0.214097 0.604743 4 1 1.86693 132 1 1.59091 0.5419 0.193304
0 0 0.180501 0 0 0 0.214097 0.605402 4 1 1.86759 131 1 1.59147 0.542275 0.193304
0 0 0.180501 0 0 0 0.214097 0.605402 4 1 1.86759 132 1 1.59147 0.5419 0.193304
0 0 0.180501 0 0 0 0.214097 0.605402 4 1 1.86759 131 1 1.59147 0.542275 0.193304
0 0 0.180501 0 0 0 0.214097 0.605402 4 1 1.86759 132 1 1.59147 0.542275 0.193304
0 0 0.180501 0 0 0 0.214097 0.605402 4 1 1.86759 131 1 1.59147 0.542836 0.193304
0 0 0.180501 0 0 0 0.214097 0.605402 4 1 1.86759 132 1 1.59147 0.542462 0.193304
0 0 0.180501 0 0 0 0.214097 0.605402 4 1 1.86759 131 1 1.59147 0.5419 0.193304
0 0 0.180501 0 0 0 0.214097 0.605402 4 1 1.86759 132 1 1.59147 0.5419 0.193304
0 0 0.180501 0 0 0 0.214097 0.605402 4 1 1.86759 131 1 1.59147 0.542275 0.193304
0 0 0.180501 0 0 0 0.214097 0.605402 4 1 1.86759 132 1 1.59147 0.5419 0.193304
0 0 0.181159 0 0 0 0.214097 0.604743 4 1 1.86693 131 1 1.59091 0.5419 0.193304
0 0 0.180501 0 0 0 0.214097 0.605402 4 1 1.86759 131 1 1.59147 0.542088 0.193304
0 0 0.180501 0 0 0 0.214097 0.605402 4 1 1.86759 132 1 1.59147 0.542088 0.193304
0 0 0.180501 0 0 0 0.214097 0.605402 4 1 1.86759 131 1 1.59147 0.542649 0.193304
0 0 0.180501 0 0 0 0.214097 0.605402 4 1 1.86759 132 1 1.59147 0.542275 0.193304
0 0 0.180501 0 0 0 0.214097 0.605402 4 1 1.86759 131 1 1.59147 0.5419 0.193304
0 0 0.180501 0 0 0 0.214097 0.605402 4 1 1.86759 132 1 1.59147 0.5419 0.193304
0 0 0.180501 0 0 0 0.214097 0.605402 4 1 1.86759 131 1 1.59147 0.542275 0.193304
0 0 0.180501 0 0 0 0.214097 0.605402 4 1 1.86759 132 1 1.59147 0.5419 0.193304
0 0 0.180501 0 0 0 0.214097 0.605402 4 1 1.86759 131 1 1.59147 0.542275 0.193304
0 0 0.180501 0 0 0 0.214097 0.605402 4 1 1.86759 132 1 1.59147 0.542275 0.193304
0 0 0.181159 0 0 0 0.214097 0.604743 4 1 1.86693 132 1 1.59091 0.542275 0.193304
0 0 0.180501 0 0 0 0.214097 0.605402 4 1 1.86759 131 1 1.59147 0.542836 0.193304
0 0 0.180501 0 0 0 0.214097 0.605402 4 1 1.86759 132 1 1.59147 0.542462 0.193304
0 0 0.180501 0 0 0 0.214097 0.605402 4 1 1.86759 131 1 1.59147 0.5419 0.193304
0 0 0.180501 0 0 0 0.214097 0.605402 4 1 1.86759 132 1 1.59147 0.5419 0.193304
0 0 0.180501 0 0 0 0.214097 0.605402 4 1 1.86759 131 1 1.59147 0.542275 0.193304
0 0 0.180501 0 0 0 0.214097 0.605402 4 1 1.86759 132 1 1.59147 0.5419 0.193304
0 0 0.180501 0 0 0 0.214097 0.605402 4 1 1.86759 131 1 1.59147 0.542088 0.193304
0 0 0.180501 0 0 0 0.214097 0.605402 4 1 1.86759 132 1 1.59147 0.542088 0.193304
0 0 0.180501 0 0 0 0.214097 0.605402 4 1 1.86759 131 1 1.59147 0.542649 0.193304
0 0 0.180501 0 0 0 0.214097 0.605402 4 1 1.86759 132 1 1.59147 0.542275 0.193304
0 0 0.181159 0 0 0 0.214097 0.604743 4 1 1.86693 131 1 1.59091 0.542836 0.193304
