0 0 0 0 0 0 0 0 0 0 0 1 0 0.865854 0.865854 0
0 0 0.2 0 0 0 0 0.8 4 1 2.17143 7 1 1.67391 0.391304 0.438961
0 0 0.2 0 0 0 0 0.8 4 1 2.17143 7 1 1.67391 0.391304 0.438961
0 0 0.2 0 0 0 0 0.8 4 1 2.17143 7 1 1.67391 0.391304 0.438961
0 0 0.2 0 0 0 0 0.8 4 1 2.17143 7 1 1.67391 0.391304 0.438961
0 0 0.2 0 0 0 0 0.8 4 1 2.17143 7 1 1.67391 0.391304 0.438961
0 0 0.222222 0 0 0 0 0.777778 4 1 2.08333 6 1 1.61702 0.397163 0.434343
0 0 0.222222 0 0 0 0 0.777778 4 1 2.08333 6 1 1.61702 0.397163 0.434343
0 0 0 0 0 0 0 0 0 0 0 1 0 0.92449 0.92449 0
0 0 0.2 0 0 0 0.177778 0.622222 4 1 1.91667 19 1 1.59447 0.508449 0.285586
0 0 0.2 0 0 0 0.177778 0.622222 4 1 1.91667 18 1 1.59447 0.508449 0.285586
0 0 0.2 0 0 0 0.177778 0.622222 4 1 1.91667 19 1 1.59447 0.508449 0.285586
0 0 0.2 0 0 0 0.177778 0.622222 4 1 1.91667 18 1 1.59447 0.508449 0.285586
0 0 0.2 0 0 0 0.177778 0.622222 4 1 1.91667 19 1 1.59447 0.508449 0.285586
0 0 0.2 0 0 0 0.177778 0.622222 4 1 1.91667 18 1 1.59447 0.508449 0.285586
0 0 0.2 0 0 0 0.177778 0.622222 4 1 1.91667 19 1 1.59447 0.506912 0.285586
0 0 0.2 0 0 0 0.177778 0.622222 4 1 1.91667 18 1 1.59447 0.511521 0.285586
0 0 0.2 0 0 0 0.177778 0.622222 4 1 1.91667 19 1 1.59447 0.508449 0.285586
0 0 0.2 0 0 0 0.177778 0.622222 4 1 1.91667 18 1 1.59447 0.508449 0.285586
0 0 0.2 0 0 0 0.177778 0.622222 4 1 1.91667 19 1 1.59447 0.509985 0.285586
0 0 0.2 0 0 0 0.177778 0.622222 4 1 1.91667 19 1 1.59447 0.508449 0.285586
0 0 0.2 0 0 0 0.177778 0.622222 4 1 1.91667 18 1 1.59447 0.508449 0.285586
0 0 0.2 0 0 0 0.177778 0.622222 4 1 1.91667 19 1 1.59447 0.508449 0.285586
0 0 0.2 0 0 0 0.177778 0.622222 4 1 1.91667 18 1 1.59447 0.508449 0.285586
0 0 0.198895 0 0 0 0.18232 0.618785 4 1 1.91713 18 1 1.59633 0.510703 0.284306
0 0 0.198895 0 0 0 0.18232 0.618785 4 1 1.91713 19 1 1.59633 0.510703 0.284306
0 0 0.198895 0 0 0 0.18232 0.618785 4 1 1.91713 18 1 1.59633 0.515291 0.284306
0 0 0.198895 0 0 0 0.18232 0.618785 4 1 1.91713 19 1 1.59633 0.512232 0.284306
0 0 0.198895 0 0 0 0.176796 0.624309 4 1 1.9116 19 1 1.59174 0.507645 0.284605
0 0 0.198895 0 0 0 0.176796 0.624309 4 1 1.9116 18 1 1.59174 0.512232 0.284605
0 0 0.2 0 0 0 0.177778 0.622222 4 1 1.91667 18 1 1.59447 0.514593 0.285586
0 0 0.195531 0 0 0 0.178771 0.625698 4 1 1.92179 20 1 1.59722 0.509259 0.286577
0 0 0.195531 0 0 0 0.178771 0.625698 4 1 1.92179 18 1 1.59722 0.509259 0.286577
0 0 0.2 0 0 0 0.177778 0.622222 4 1 1.91667 19 1 1.59447 0.511521 0.285586
0 0 0.2 0 0 0 0.177778 0.622222 4 1 1.91667 19 1 1.59447 0.508449 0.285586
0 0 0.2 0 0 0 0.177778 0.622222 4 1 1.91667 18 1 1.59447 0.508449 0.285586
0 0 0.2 0 0 0 0.177778 0.622222 4 1 1.91667 19 1 1.59447 0.508449 0.285586
0 0 0.2 0 0 0 0.177778 0.622222 4 1 1.91667 18 1 1.59447 0.508449 0.285586
0 0 0.2 0 0 0 0.177778 0.622222 4 1 1.91667 19 1 1.59447 0.506912 0.285586
0 0 0.2 0 0 0 0.177778 0.622222 4 1 1.91667 18 1 1.59447 0.511521 0.285586
0 0 0 0 0 0 0 0 0 0 0 1 0 0.948355 0.948324 0
0.0027933 0 0.185754 0 0 0 0.118715 0.692737 4 1 1.96788 67 1 1.65687 0.504113 0.220753
0.0027933 0 0.185754 0 0 0 0.118715 0.692737 4 1 1.96788 65 1 1.65687 0.504896 0.220753
0.0027933 0 0.185754 0 0 0 0.118715 0.692737 4 1 1.96788 67 1 1.65687 0.504505 0.220753
0.0027933 0 0.185754 0 0 0 0.118715 0.692737 4 1 1.96788 65 1 1.65687 0.504505 0.220753
0.0027933 0 0.185754 0 0 0 0.118715 0.692737 4 1 1.96788 67 1 1.65687 0.504113 0.220753
0.0027933 0 0.185754 0 0 0 0.118715 0.692737 4 1 1.96788 65 1 1.65687 0.504896 0.220753
0.0027933 0 0.185754 0 0 0 0.118715 0.692737 4 1 1.96788 67 1 1.65687 0.504505 0.220753
0.0027933 0 0.185754 0 0 0 0.118715 0.692737 4 1 1.96788 65 1 1.65687 0.504505 0.220753
0.0027933 0 0.185754 0 0 0 0.118715 0.692737 4 1 1.96788 67 1 1.65687 0.504113 0.220753
0.0027933 0 0.185754 0 0 0 0.118715 0.692737 4 1 1.96788 65 1 1.65687 0.504896 0.220753
0.0027933 0 0.185754 0 0 0 0.118715 0.692737 4 1 1.96788 67 1 1.65687 0.504505 0.220753
0.0027933 0 0.185754 0 0 0 0.118715 0.692737 4 1 1.96788 67 1 1.65687 0.504505 0.220753
0.0027933 0 0.185754 0 0 0 0.118715 0.692737 4 1 1.96788 65 1 1.65687 0.504505 0.220753
0 0 0.188022 0 0 0 0.12117 0.690808 4 1 1.9624 66 1 1.65299 0.504494 0.220252
0 0 0.188022 0 0 0 0.12117 0.690808 4 1 1.9624 65 1 1.65299 0.505666 0.220252
0 0 0.188022 0 0 0 0.12117 0.690808 4 1 1.9624 66 1 1.65299 0.504885 0.220252
0 0 0.188022 0 0 0 0.12117 0.690808 4 1 1.9624 65 1 1.65299 0.504885 0.220252
0 0 0.188022 0 0 0 0.12117 0.690808 4 1 1.9624 66 1 1.65299 0.504494 0.220252
0 0 0.188022 0 0 0 0.12117 0.690808 4 1 1.9624 65 1 1.65299 0.505666 0.220252
0 0 0.188022 0 0 0 0.12117 0.690808 4 1 1.9624 66 1 1.65299 0.504885 0.220252
0 0 0.188022 0 0 0 0.12117 0.690808 4 1 1.9624 65 1 1.65299 0.504885 0.220252
0.0027933 0 0.185754 0 0 0 0.118715 0.692737 4 1 1.96788 65 1 1.65687 0.504505 0.220753
0.00278552 0 0.18663 0 0 0 0.12117 0.689415 4 1 1.961 66 1 1.65182 0.504885 0.220272
0.00278552 0 0.18663 0 0 0 0.12117 0.689415 4 1 1.961 65 1 1.65182 0.506057 0.220272
0.00278552 0 0.18663 0 0 0 0.12117 0.689415 4 1 1.961 66 1 1.65182 0.506057 0.220272
0.00278552 0 0.18663 0 0 0 0.12117 0.689415 4 1 1.961 65 1 1.65182 0.506057 0.220272
0.00278552 0 0.18663 0 0 0 0.12117 0.689415 4 1 1.961 66 1 1.65182 0.504885 0.220272
0.00278552 0 0.18663 0 0 0 0.12117 0.689415 4 1 1.961 65 1 1.65182 0.506057 0.220272
0.00278552 0 0.18663 0 0 0 0.12117 0.689415 4 1 1.961 66 1 1.65182 0.506057 0.220272
0.00278552 0 0.18663 0 0 0 0.12117 0.689415 4 1 1.961 65 1 1.65182 0.506057 0.220272
0.0027933 0 0.185754 0 0 0 0.118715 0.692737 4 1 1.96788 67 1 1.65687 0.504113 0.220753
0.0027933 0 0.185754 0 0 0 0.118715 0.692737 4 1 1.96788 65 1 1.65687 0.504896 0.220753
0.0027933 0 0.185754 0 0 0 0.118715 0.692737 4 1 1.96788 67 1 1.65687 0.504505 0.220753
0.0027933 0 0.185754 0 0 0 0.118715 0.692737 4 1 1.96788 65 1 1.65687 0.504505 0.220753
0.0027933 0 0.185754 0 0 0 0.118715 0.692737 4 1 1.96788 67 1 1.65687 0.504113 0.220753
0.0027933 0 0.185754 0 0 0 0.118715 0.692737 4 1 1.96788 65 1 1.65687 0.504896 0.220753
0.0027933 0 0.185754 0 0 0 0.118715 0.692737 4 1 1.96788 67 1 1.65687 0.504505 0.220753
0.0027933 0 0.185754 0 0 0 0.118715 0.692737 4 1 1.96788 65 1 1.65687 0.504505 0.220753
0.0027933 0 0.185754 0 0 0 0.118715 0.692737 4 1 1.96788 65 1 1.65687 0.504896 0.220753
0.0027933 0 0.185754 0 0 0 0.118715 0.692737 4 1 1.96788 67 1 1.65687 0.504113 0.220753
0.0027933 0 0.185754 0 0 0 0.118715 0.692737 4 1 1.96788 65 1 1.65687 0.504896 0.220753
0.0027933 0 0.185754 0 0 0 0.118715 0.692737 4 1 1.96788 67 1 1.65687 0.504505 0.220753
0.0027933 0 0.185754 0 0 0 0.118715 0.692737 4 1 1.96788 65 1 1.65687 0.504505 0.220753
0.0027933 0 0.185754 0 0 0 0.118715 0.692737 4 1 1.96788 67 1 1.65687 0.504113 0.220753
0.0027933 0 0.185754 0 0 0 0.118715 0.692737 4 1 1.96788 65 1 1.65687 0.504896 0.220753
0.0027933 0 0.185754 0 0 0 0.118715 0.692737 4 1 1.96788 67 1 1.65687 0.504505 0.220753
0.0027933 0 0.185754 0 0 0 0.118715 0.692737 4 1 1.96788 65 1 1.65687 0.504505 0.220753
0.0027933 0 0.185754 0 0 0 0.118715 0.692737 4 1 1.96788 67 1 1.65687 0.504113 0.220753
0.0027933 0 0.185754 0 0 0 0.118715 0.692737 4 1 1.96788 65 1 1.65687 0.504896 0.220753
0.0027933 0 0.185754 0 0 0 0.118715 0.692737 4 1 1.96788 67 1 1.65687 0.504505 0.220753
0.0027933 0 0.185754 0 0 0 0.118715 0.692737 4 1 1.96788 67 1 1.65687 0.504505 0.220753
0.0027933 0 0.185754 0 0 0 0.118715 0.692737 4 1 1.96788 65 1 1.65687 0.504505 0.220753
0.00278552 0 0.18663 0 0 0 0.12117 0.689415 4 1 1.961 66 1 1.65182 0.504885 0.220272
0.00278552 0 0.18663 0 0 0 0.12117 0.689415 4 1 1.961 65 1 1.65182 0.506057 0.220272
0.00278552 0 0.18663 0 0 0 0.12117 0.689415 4 1 1.961 66 1 1.65182 0.506057 0.220272
0.00278552 0 0.18663 0 0 0 0.12117 0.689415 4 1 1.961 65 1 1.65182 0.506057 0.220272
0.00278552 0 0.18663 0 0 0 0.12117 0.689415 4 1 1.961 66 1 1.65182 0.504885 0.220272
0.00278552 0 0.18663 0 0 0 0.12117 0.689415 4 1 1.961 65 1 1.65182 0.506057 0.220272
0.00278552 0 0.18663 0 0 0 0.12117 0.689415 4 1 1.961 66 1 1.65182 0.506057 0.220272
0.00278552 0 0.18663 0 0 0 0.12117 0.689415 4 1 1.961 65 1 1.65182 0.506057 0.220272
0.0027933 0 0.185754 0 0 0 0.118715 0.692737 4 1 1.96788 65 1 1.65687 0.504505 0.220753
0.00278552 0 0.18663 0 0 0 0.12117 0.689415 4 1 1.961 66 1 1.65182 0.504885 0.220272
0.00278552 0 0.18663 0 0 0 0.12117 0.689415 4 1 1.961 65 1 1.65182 0.506057 0.220272
0.00278552 0 0.18663 0 0 0 0.12117 0.689415 4 1 1.961 66 1 1.65182 0.506057 0.220272
0.00278552 0 0.18663 0 0 0 0.12117 0.689415 4 1 1.961 65 1 1.65182 0.506057 0.220272
0.00278552 0 0.18663 0 0 0 0.12117 0.689415 4 1 1.961 66 1 1.65182 0.504885 0.220272
0.00278552 0 0.18663 0 0 0 0.12117 0.689415 4 1 1.961 65 1 1.65182 0.506057 0.220272
0.00278552 0 0.18663 0 0 0 0.12117 0.689415 4 1 1.961 66 1 1.65182 0.506057 0.220272
0.00278552 0 0.18663 0 0 0 0.12117 0.689415 4 1 1.961 65 1 1.65182 0.506057 0.220272
0.00278552 0 0.18663 0 0 0 0.12117 0.689415 4 1 1.961 66 1 1.65182 0.504885 0.220272
0.00278552 0 0.18663 0 0 0 0.12117 0.689415 4 1 1.961 65 1 1.65182 0.506057 0.220272
0.0027933 0 0.185754 0 0 0 0.118715 0.692737 4 1 1.96788 67 1 1.65687 0.504113 0.220753
0.00278552 0 0.18663 0 0 0 0.12117 0.689415 4 1 1.961 66 1 1.65182 0.506057 0.220272
0.00278552 0 0.18663 0 0 0 0.12117 0.689415 4 1 1.961 65 1 1.65182 0.506057 0.220272
0.00278552 0 0.18663 0 0 0 0.12117 0.689415 4 1 1.961 66 1 1.65182 0.504885 0.220272
0.00278552 0 0.18663 0 0 0 0.12117 0.689415 4 1 1.961 65 1 1.65182 0.506057 0.220272
0.00278552 0 0.18663 0 0 0 0.12117 0.689415 4 1 1.961 66 1 1.65182 0.506057 0.220272
0.00278552 0 0.18663 0 0 0 0.12117 0.689415 4 1 1.961 65 1 1.65182 0.506057 0.220272
0.00278552 0 0.18663 0 0 0 0.12117 0.689415 4 1 1.961 66 1 1.65182 0.504885 0.220272
0.00278552 0 0.18663 0 0 0 0.12117 0.689415 4 1 1.961 65 1 1.65182 0.506057 0.220272
0.00278552 0 0.18663 0 0 0 0.12117 0.689415 4 1 1.961 66 1 1.65182 0.506057 0.220272
0.00278552 0 0.18663 0 0 0 0.12117 0.689415 4 1 1.961 65 1 1.65182 0.506057 0.220272
0.0027933 0 0.185754 0 0 0 0.118715 0.692737 4 1 1.96788 65 1 1.65687 0.504896 0.220753
0.00278552 0 0.18663 0 0 0 0.12117 0.689415 4 1 1.961 66 1 1.65182 0.504885 0.220272
0.00278552 0 0.18663 0 0 0 0.12117 0.689415 4 1 1.961 65 1 1.65182 0.506057 0.220272
0.00278552 0 0.18663 0 0 0 0.12117 0.689415 4 1 1.961 66 1 1.65182 0.506057 0.220272
0.00278552 0 0.18663 0 0 0 0.12117 0.689415 4 1 1.961 65 1 1.65182 0.506057 0.220272
0.00278552 0 0.18663 0 0 0 0.12117 0.689415 4 1 1.961 66 1 1.65182 0.504885 0.220272
0.00278552 0 0.18663 0 0 0 0.12117 0.689415 4 1 1.961 65 1 1.65182 0.506057 0.220272
0.00278552 0 0.18663 0 0 0 0.12117 0.689415 4 1 1.961 66 1 1.65182 0.506057 0.220272
0.00278552 0 0.18663 0 0 0 0.12117 0.689415 4 1 1.961 65 1 1.65182 0.506057 0.220272
0.00278552 0 0.18663 0 0 0 0.12117 0.689415 4 1 1.961 66 1 1.65182 0.504885 0.220272
0.00278552 0 0.18663 0 0 0 0.12117 0.689415 4 1 1.961 65 1 1.65182 0.506057 0.220272
0.0027933 0 0.185754 0 0 0 0.118715 0.692737 4 1 1.96788 67 1 1.65687 0.504505 0.220753
0.00278552 0 0.18663 0 0 0 0.12117 0.689415 4 1 1.961 66 1 1.65182 0.506057 0.220272
0.00278552 0 0.18663 0 0 0 0.12117 0.689415 4 1 1.961 65 1 1.65182 0.506057 0.220272
0.00278552 0 0.18663 0 0 0 0.12117 0.689415 4 1 1.961 66 1 1.65182 0.504885 0.220272
0.00278552 0 0.18663 0 0 0 0.12117 0.689415 4 1 1.961 65 1 1.65182 0.506057 0.220272
0.00278552 0 0.18663 0 0 0 0.12117 0.689415 4 1 1.961 66 1 1.65182 0.506057 0.220272
0.00278552 0 0.18663 0 0 0 0.12117 0.689415 4 1 1.961 65 1 1.65182 0.506057 0.220272
0.00278552 0 0.18663 0 0 0 0.12117 0.689415 4 1 1.961 66 1 1.65182 0.504885 0.220272
0.00278552 0 0.18663 0 0 0 0.12117 0.689415 4 1 1.961 65 1 1.65182 0.506057 0.220272
0.00278552 0 0.18663 0 0 0 0.12117 0.689415 4 1 1.961 66 1 1.65182 0.506057 0.220272
0.00278552 0 0.18663 0 0 0 0.12117 0.689415 4 1 1.961 65 1 1.65182 0.506057 0.220272
0.0027933 0 0.185754 0 0 0 0.118715 0.692737 4 1 1.96788 65 1 1.65687 0.504505 0.220753
0.00278552 0 0.18663 0 0 0 0.12117 0.689415 4 1 1.961 66 1 1.65182 0.504885 0.220272
0.00278552 0 0.18663 0 0 0 0.12117 0.689415 4 1 1.961 65 1 1.65182 0.506057 0.220272
0.00278552 0 0.18663 0 0 0 0.12117 0.689415 4 1 1.961 66 1 1.65182 0.506057 0.220272
0.00278552 0 0.18663 0 0 0 0.12117 0.689415 4 1 1.961 65 1 1.65182 0.506057 0.220272
0.00278552 0 0.18663 0 0 0 0.12117 0.689415 4 1 1.961 66 1 1.65182 0.504885 0.220272
0.00278552 0 0.18663 0 0 0 0.12117 0.689415 4 1 1.961 65 1 1.65182 0.506057 0.220272
0.00278552 0 0.18663 0 0 0 0.12117 0.689415 4 1 1.961 66 1 1.65182 0.506057 0.220272
0.00278552 0 0.18663 0 0 0 0.12117 0.689415 4 1 1.961 65 1 1.65182 0.506057 0.220272
0.00278552 0 0.18663 0 0 0 0.12117 0.689415 4 1 1.961 66 1 1.65182 0.504885 0.220272
0.00278552 0 0.18663 0 0 0 0.12117 0.689415 4 1 1.961 65 1 1.65182 0.506057 0.220272
0.0027933 0 0.185754 0 0 0 0.118715 0.692737 4 1 1.96788 67 1 1.65687 0.504113 0.220753
0.00278552 0 0.18663 0 0 0 0.12117 0.689415 4 1 1.961 66 1 1.65182 0.506057 0.220272
0.00278552 0 0.18663 0 0 0 0.12117 0.689415 4 1 1.961 65 1 1.65182 0.506057 0.220272
0.00278552 0 0.18663 0 0 0 0.12117 0.689415 4 1 1.961 66 1 1.65182 0.504885 0.220272
0.00278552 0 0.18663 0 0 0 0.12117 0.689415 4 1 1.961 65 1 1.65182 0.506057 0.220272
0.00278552 0 0.18663 0 0 0 0.12117 0.689415 4 1 1.961 66 1 1.65182 0.506057 0.220272
0.00278552 0 0.18663 0 0 0 0.12117 0.689415 4 1 1.961 65 1 1.65182 0.506057 0.220272
0.0027933 0 0.185754 0 0 0 0.118715 0.692737 4 1 1.96788 67 1 1.65687 0.504113 0.220753
0.0027933 0 0.185754 0 0 0 0.118715 0.692737 4 1 1.96788 65 1 1.65687 0.504896 0.220753
0.0027933 0 0.185754 0 0 0 0.118715 0.692737 4 1 1.96788 67 1 1.65687 0.504505 0.220753
0.0027933 0 0.185754 0 0 0 0.118715 0.692737 4 1 1.96788 65 1 1.65687 0.504505 0.220753
0.0027933 0 0.185754 0 0 0 0.118715 0.692737 4 1 1.96788 65 1 1.65687 0.504896 0.220753
0 0 0 0 0 0 0 0 0 0 0 1 0 0.960052 0.959969 0
0 0 0.210127 0 0 0 0.236709 0.553165 4 1 1.83038 259 1 1.57158 0.554197 0.176204
0 0 0.210127 0 0 0 0.236709 0.553165 4 1 1.83038 260 1 1.57158 0.554197 0.176204
0 0 0.210127 0 0 0 0.236709 0.553165 4 1 1.83038 259 1 1.57158 0.554197 0.176204
0 0 0.210127 0 0 0 0.236709 0.553165 4 1 1.83038 260 1 1.57158 0.554016 0.176204
0 0 0.210127 0 0 0 0.236709 0.553165 4 1 1.83038 259 1 1.57158 0.554197 0.176204
0 0 0.210127 0 0 0 0.236709 0.553165 4 1 1.83038 260 1 1.57158 0.554197 0.176204
0 0 0.210127 0 0 0 0.236709 0.553165 4 1 1.83038 259 1 1.57158 0.554197 0.176204
0 0 0.210127 0 0 0 0.236709 0.553165 4 1 1.83038 260 1 1.57158 0.554016 0.176204
0 0 0.210127 0 0 0 0.236709 0.553165 4 1 1.83038 259 1 1.57158 0.554107 0.176204
0 0 0.210127 0 0 0 0.236709 0.553165 4 1 1.83038 260 1 1.57158 0.554107 0.176204
0 0 0.21006 0 0 0 0.23695 0.55299 4 1 1.8298 259 1 1.57116 0.554318 0.176152
0 0 0.210127 0 0 0 0.236709 0.553165 4 1 1.83038 259 1 1.57158 0.554107 0.176204
0 0 0.210127 0 0 0 0.236709 0.553165 4 1 1.83038 260 1 1.57158 0.553926 0.176204
0 0 0.210127 0 0 0 0.236709 0.553165 4 1 1.83038 259 1 1.57158 0.554197 0.176204
0 0 0.210127 0 0 0 0.236709 0.553165 4 1 1.83038 260 1 1.57158 0.554197 0.176204
0 0 0.210127 0 0 0 0.236709 0.553165 4 1 1.83038 259 1 1.57158 0.554197 0.176204
0 0 0.210127 0 0 0 0.236709 0.553165 4 1 1.83038 260 1 1.57158 0.554016 0.176204
0 0 0.210127 0 0 0 0.236709 0.553165 4 1 1.83038 259 1 1.57158 0.554197 0.176204
0 0 0.210127 0 0 0 0.236709 0.553165 4 1 1.83038 260 1 1.57158 0.554197 0.176204
0 0 0.210127 0 0 0 0.236709 0.553165 4 1 1.83038 259 1 1.57158 0.554197 0.176204
0 0 0.210127 0 0 0 0.236709 0.553165 4 1 1.83038 260 1 1.57158 0.554016 0.176204
0 0 0.21006 0 0 0 0.23695 0.55299 4 1 1.8298 260 1 1.57116 0.554137 0.176152
0 0 0.210127 0 0 0 0.236709 0.553165 4 1 1.83038 259 1 1.57158 0.554197 0.176204
0 0 0.210127 0 0 0 0.236709 0.553165 4 1 1.83038 260 1 1.57158 0.554197 0.176204
0 0 0.210127 0 0 0 0.236709 0.553165 4 1 1.83038 259 1 1.57158 0.554197 0.176204
0 0 0.210127 0 0 0 0.236709 0.553165 4 1 1.83038 260 1 1.57158 0.554016 0.176204
0 0 0.210127 0 0 0 0.236709 0.553165 4 1 1.83038 259 1 1.57158 0.554107 0.176204
0 0 0.210127 0 0 0 0.236709 0.553165 4 1 1.83038 260 1 1.57158 0.554107 0.176204
0 0 0.210127 0 0 0 0.236709 0.553165 4 1 1.83038 259 1 1.57158 0.554107 0.176204
0 0 0.210127 0 0 0 0.236709 0.553165 4 1 1.83038 260 1 1.57158 0.553926 0.176204
0 0 0.209626 0 0 0 0.236542 0.553832 4 1 1.83059 259 1 1.57162 0.554045 0.176306
0 0 0.209626 0 0 0 0.236542 0.553832 4 1 1.83059 260 1 1.57162 0.554045 0.176306
0 0 0.21006 0 0 0 0.23695 0.55299 4 1 1.8298 259 1 1.57116 0.554137 0.176152
0 0 0.209626 0 0 0 0.236542 0.553832 4 1 1.83059 259 1 1.57162 0.554045 0.176306
0 0 0.209626 0 0 0 0.236542 0.553832 4 1 1.83059 260 1 1.57162 0.553864 0.176306
0 0 0.209626 0 0 0 0.236542 0.553832 4 1 1.83059 259 1 1.57162 0.554045 0.176306
0 0 0.209626 0 0 0 0.236542 0.553832 4 1 1.83059 260 1 1.57162 0.554045 0.176306
0 0 0.209626 0 0 0 0.236542 0.553832 4 1 1.83059 259 1 1.57162 0.554045 0.176306
0 0 0.209626 0 0 0 0.236542 0.553832 4 1 1.83059 260 1 1.57162 0.553864 0.176306
0 0 0.209626 0 0 0 0.236542 0.553832 4 1 1.83059 259 1 1.57162 0.554045 0.176306
0 0 0.209626 0 0 0 0.236542 0.553832 4 1 1.83059 260 1 1.57162 0.554045 0.176306
0 0 0.209626 0 0 0 0.236542 0.553832 4 1 1.83059 259 1 1.57162 0.554045 0.176306
0 0 0.209626 0 0 0 0.236542 0.553832 4 1 1.83059 260 1 1.57162 0.553864 0.176306
0 0 0.21006 0 0 0 0.23695 0.55299 4 1 1.8298 260 1 1.57116 0.554137 0.176152
0 0 0.209626 0 0 0 0.236542 0.553832 4 1 1.83059 259 1 1.57162 0.554045 0.176306
0 0 0.209626 0 0 0 0.236542 0.553832 4 1 1.83059 260 1 1.57162 0.554045 0.176306
0 0 0.209626 0 0 0 0.236542 0.553832 4 1 1.83059 259 1 1.57162 0.554045 0.176306
0 0 0.209626 0 0 0 0.236542 0.553832 4 1 1.83059 260 1 1.57162 0.553864 0.176306
0 0 0.209626 0 0 0 0.236542 0.553832 4 1 1.83059 259 1 1.57162 0.554045 0.176306
0 0 0.209626 0 0 0 0.236542 0.553832 4 1 1.83059 260 1 1.57162 0.554045 0.176306
0 0 0.209626 0 0 0 0.236542 0.553832 4 1 1.83059 259 1 1.57162 0.554045 0.176306
0 0 0.209626 0 0 0 0.236542 0.553832 4 1 1.83059 260 1 1.57162 0.553864 0.176306
0 0 0.209626 0 0 0 0.236542 0.553832 4 1 1.83059 259 1 1.57162 0.554045 0.176306
0 0 0.209626 0 0 0 0.236542 0.553832 4 1 1.83059 260 1 1.57162 0.554045 0.176306
0 0 0.21006 0 0 0 0.23695 0.55299 4 1 1.8298 259 1 1.57116 0.554137 0.176152
0 0 0.209626 0 0 0 0.236542 0.553832 4 1 1.83059 259 1 1.57162 0.554045 0.176306
0 0 0.209626 0 0 0 0.236542 0.553832 4 1 1.83059 260 1 1.57162 0.553864 0.176306
0 0 0.209626 0 0 0 0.236542 0.553832 4 1 1.83059 259 1 1.57162 0.554045 0.176306
0 0 0.209626 0 0 0 0.236542 0.553832 4 1 1.83059 260 1 1.57162 0.554045 0.176306
0 0 0.209626 0 0 0 0.236542 0.553832 4 1 1.83059 259 1 1.57162 0.554045 0.176306
0 0 0.209626 0 0 0 0.236542 0.553832 4 1 1.83059 260 1 1.57162 0.553864 0.176306
0 0 0.209626 0 0 0 0.236542 0.553832 4 1 1.83059 259 1 1.57162 0.554045 0.176306
0 0 0.209626 0 0 0 0.236542 0.553832 4 1 1.83059 260 1 1.57162 0.554045 0.176306
0 0 0.209626 0 0 0 0.236542 0.553832 4 1 1.83059 259 1 1.57162 0.554045 0.176306
0 0 0.209626 0 0 0 0.236542 0.553832 4 1 1.83059 260 1 1.57162 0.553864 0.176306
0 0 0.21006 0 0 0 0.23695 0.55299 4 1 1.8298 260 1 1.57116 0.553956 0.176152
0 0 0.209626 0 0 0 0.236542 0.553832 4 1 1.83059 259 1 1.57162 0.554045 0.176306
0 0 0.209626 0 0 0 0.236542 0.553832 4 1 1.83059 260 1 1.57162 0.554045 0.176306
0 0 0.209626 0 0 0 0.236542 0.553832 4 1 1.83059 259 1 1.57162 0.554045 0.176306
0 0 0.209626 0 0 0 0.236542 0.553832 4 1 1.83059 260 1 1.57162 0.553864 0.176306
0 0 0.209626 0 0 0 0.236542 0.553832 4 1 1.83059 259 1 1.57162 0.554045 0.176306
0 0 0.209626 0 0 0 0.236542 0.553832 4 1 1.83059 260 1 1.57162 0.554045 0.176306
0 0 0.209626 0 0 0 0.236542 0.553832 4 1 1.83059 259 1 1.57162 0.554045 0.176306
0 0 0.209626 0 0 0 0.236542 0.553832 4 1 1.83059 260 1 1.57162 0.553864 0.176306
0 0 0.209626 0 0 0 0.236542 0.553832 4 1 1.83059 259 1 1.57162 0.554045 0.176306
0 0 0.209626 0 0 0 0.236542 0.553832 4 1 1.83059 260 1 1.57162 0.554045 0.176306
0 0 0.21006 0 0 0 0.23695 0.55299 4 1 1.8298 259 1 1.57116 0.554228 0.176152
0 0 0.209626 0 0 0 0.236542 0.553832 4 1 1.83059 259 1 1.57162 0.554045 0.176306
0 0 0.209626 0 0 0 0.236542 0.553832 4 1 1.83059 260 1 1.57162 0.553864 0.176306
0 0 0.209626 0 0 0 0.236542 0.553832 4 1 1.83059 259 1 1.57162 0.554045 0.176306
0 0 0.209626 0 0 0 0.236542 0.553832 4 1 1.83059 260 1 1.57162 0.554045 0.176306
0 0 0.209626 0 0 0 0.236542 0.553832 4 1 1.83059 259 1 1.57162 0.554045 0.176306
0 0 0.209626 0 0 0 0.236542 0.553832 4 1 1.83059 260 1 1.57162 0.553864 0.176306
0 0 0.209626 0 0 0 0.236542 0.553832 4 1 1.83059 259 1 1.57162 0.554045 0.176306
0 0 0.209626 0 0 0 0.236542 0.553832 4 1 1.83059 260 1 1.57162 0.554045 0.176306
0 0 0.209626 0 0 0 0.236542 0.553832 4 1 1.83059 259 1 1.57162 0.554045 0.176306
0 0 0.209626 0 0 0 0.236542 0.553832 4 1 1.83059 260 1 1.57162 0.553864 0.176306
0 0 0.21006 0 0 0 0.23695 0.55299 4 1 1.8298 260 1 1.57116 0.554228 0.176152
0 0 0.209626 0 0 0 0.236542 0.553832 4 1 1.83059 259 1 1.57162 0.554045 0.176306
0 0 0.209626 0 0 0 0.236542 0.553832 4 1 1.83059 260 1 1.57162 0.554045 0.176306
0 0 0.209626 0 0 0 0.236542 0.553832 4 1 1.83059 259 1 1.57162 0.554045 0.176306
0 0 0.209626 0 0 0 0.236542 0.553832 4 1 1.83059 260 1 1.57162 0.553864 0.176306
0 0 0.209626 0 0 0 0.236542 0.553832 4 1 1.83059 259 1 1.57162 0.554045 0.176306
0 0 0.209626 0 0 0 0.236542 0.553832 4 1 1.83059 260 1 1.57162 0.554045 0.176306
0 0 0.209626 0 0 0 0.236542 0.553832 4 1 1.83059 259 1 1.57162 0.554045 0.176306
0 0 0.209626 0 0 0 0.236542 0.553832 4 1 1.83059 260 1 1.57162 0.553864 0.176306
0 0 0.209626 0 0 0 0.236542 0.553832 4 1 1.83059 259 1 1.57162 0.554045 0.176306
0 0 0.209626 0 0 0 0.236542 0.553832 4 1 1.83059 260 1 1.57162 0.554045 0.176306
0 0 0.21006 0 0 0 0.23695 0.55299 4 1 1.8298 259 1 1.57116 0.554228 0.176152
0 0 0.209626 0 0 0 0.236542 0.553832 4 1 1.83059 259 1 1.57162 0.554045 0.176306
0 0 0.209626 0 0 0 0.236542 0.553832 4 1 1.83059 260 1 1.57162 0.553864 0.176306
0 0 0.209626 0 0 0 0.236542 0.553832 4 1 1.83059 259 1 1.57162 0.554045 0.176306
0 0 0.209626 0 0 0 0.236542 0.553832 4 1 1.83059 260 1 1.57162 0.554045 0.176306
0 0 0.209626 0 0 0 0.236542 0.553832 4 1 1.83059 259 1 1.57162 0.554045 0.176306
0 0 0.209626 0 0 0 0.236542 0.553832 4 1 1.83059 260 1 1.57162 0.553864 0.176306
0 0 0.209626 0 0 0 0.236542 0.553832 4 1 1.83059 259 1 1.57162 0.554045 0.176306
0 0 0.209626 0 0 0 0.236542 0.553832 4 1 1.83059 260 1 1.57162 0.554045 0.176306
0 0 0.209626 0 0 0 0.236542 0.553832 4 1 1.83059 259 1 1.57162 0.554045 0.176306
0 0 0.209626 0 0 0 0.236542 0.553832 4 1 1.83059 260 1 1.57162 0.553864 0.176306
0 0 0.21006 0 0 0 0.23695 0.55299 4 1 1.8298 260 1 1.57116 0.554047 0.176152
0 0 0.21006 0 0 0 0.23695 0.55299 4 1 1.8298 260 1 1.57116 0.554228 0.176152
0 0 0.209626 0 0 0 0.236542 0.553832 4 1 1.83059 259 1 1.57162 0.554045 0.176306
0 0 0.209626 0 0 0 0.236542 0.553832 4 1 1.83059 260 1 1.57162 0.554045 0.176306
0 0 0.209626 0 0 0 0.236542 0.553832 4 1 1.83059 259 1 1.57162 0.554045 0.176306
0 0 0.209626 0 0 0 0.236542 0.553832 4 1 1.83059 260 1 1.57162 0.553864 0.176306
0 0 0.209626 0 0 0 0.236542 0.553832 4 1 1.83059 259 1 1.57162 0.554045 0.176306
0 0 0.209626 0 0 0 0.236542 0.553832 4 1 1.83059 260 1 1.57162 0.554045 0.176306
0 0 0.209626 0 0 0 0.236542 0.553832 4 1 1.83059 259 1 1.57162 0.554045 0.176306
0 0 0.209626 0 0 0 0.236542 0.553832 4 1 1.83059 260 1 1.57162 0.553864 0.176306
0 0 0.209626 0 0 0 0.236542 0.553832 4 1 1.83059 259 1 1.57162 0.554045 0.176306
0 0 0.209626 0 0 0 0.236542 0.553832 4 1 1.83059 260 1 1.57162 0.554045 0.176306
0 0 0.21006 0 0 0 0.23695 0.55299 4 1 1.8298 259 1 1.57116 0.554137 0.176152
0 0 0.209626 0 0 0 0.236542 0.553832 4 1 1.83059 259 1 1.57162 0.554045 0.176306
0 0 0.209626 0 0 0 0.236542 0.553832 4 1 1.83059 260 1 1.57162 0.553864 0.176306
0 0 0.209626 0 0 0 0.236542 0.553832 4 1 1.83059 259 1 1.57162 0.554045 0.176306
0 0 0.209626 0 0 0 0.236542 0.553832 4 1 1.83059 260 1 1.57162 0.554045 0.176306
0 0 0.209626 0 0 0 0.236542 0.553832 4 1 1.83059 259 1 1.57162 0.554045 0.176306
0 0 0.209626 0 0 0 0.236542 0.553832 4 1 1.83059 260 1 1.57162 0.553864 0.176306
0 0 0.209626 0 0 0 0.236542 0.553832 4 1 1.83059 259 1 1.57162 0.554045 0.176306
0 0 0.209626 0 0 0 0.236542 0.553832 4 1 1.83059 260 1 1.57162 0.554045 0.176306
0 0 0.209626 0 0 0 0.236542 0.553832 4 1 1.83059 259 1 1.57162 0.554045 0.176306
0 0 0.209626 0 0 0 0.236542 0.553832 4 1 1.83059 260 1 1.57162 0.553864 0.176306
0 0 0.21006 0 0 0 0.23695 0.55299 4 1 1.8298 260 1 1.57116 0.554137 0.176152
0 0 0.209626 0 0 0 0.236542 0.553832 4 1 1.83059 259 1 1.57162 0.554045 0.176306
0 0 0.209626 0 0 0 0.236542 0.553832 4 1 1.83059 260 1 1.57162 0.554045 0.176306
0 0 0.209626 0 0 0 0.236542 0.553832 4 1 1.83059 259 1 1.57162 0.554045 0.176306
0 0 0.209626 0 0 0 0.236542 0.553832 4 1 1.83059 260 1 1.57162 0.553864 0.176306
0 0 0.209626 0 0 0 0.236542 0.553832 4 1 1.83059 259 1 1.57162 0.554045 0.176306
0 0 0.209626 0 0 0 0.236542 0.553832 4 1 1.83059 260 1 1.57162 0.554045 0.176306
0 0 0.209626 0 0 0 0.236542 0.553832 4 1 1.83059 259 1 1.57162 0.554045 0.176306
0 0 0.209626 0 0 0 0.236542 0.553832 4 1 1.83059 260 1 1.57162 0.553864 0.176306
0 0 0.209626 0 0 0 0.236542 0.553832 4 1 1.83059 259 1 1.57162 0.554045 0.176306
0 0 0.209626 0 0 0 0.236542 0.553832 4 1 1.83059 260 1 1.57162 0.554045 0.176306
0 0 0.21006 0 0 0 0.23695 0.55299 4 1 1.8298 259 1 1.57116 0.554137 0.176152
0 0 0.209626 0 0 0 0.236542 0.553832 4 1 1.83059 259 1 1.57162 0.554045 0.176306
0 0 0.209626 0 0 0 0.236542 0.553832 4 1 1.83059 260 1 1.57162 0.553864 0.176306
0 0 0.209626 0 0 0 0.236542 0.553832 4 1 1.83059 259 1 1.57162 0.554045 0.176306
0 0 0.209626 0 0 0 0.236542 0.553832 4 1 1.83059 260 1 1.57162 0.554045 0.176306
0 0 0.209626 0 0 0 0.236542 0.553832 4 1 1.83059 259 1 1.57162 0.554045 0.176306
0 0 0.209626 0 0 0 0.236542 0.553832 4 1 1.83059 260 1 1.57162 0.553864 0.176306
0 0 0.209626 0 0 0 0.236542 0.553832 4 1 1.83059 259 1 1.57162 0.554045 0.176306
0 0 0.209626 0 0 0 0.236542 0.553832 4 1 1.83059 260 1 1.57162 0.554045 0.176306
0 0 0.209626 0 0 0 0.236542 0.553832 4 1 1.83059 259 1 1.57162 0.554045 0.176306
0 0 0.209626 0 0 0 0.236542 0.553832 4 1 1.83059 260 1 1.57162 0.553864 0.176306
0 0 0.21006 0 0 0 0.23695 0.55299 4 1 1.8298 260 1 1.57116 0.553956 0.176152
0 0 0.209626 0 0 0 0.236542 0.553832 4 1 1.83059 259 1 1.57162 0.554045 0.176306
0 0 0.209626 0 0 0 0.236542 0.553832 4 1 1.83059 260 1 1.57162 0.554045 0.176306
0 0 0.209626 0 0 0 0.236542 0.553832 4 1 1.83059 259 1 1.57162 0.554045 0.176306
0 0 0.209626 0 0 0 0.236542 0.553832 4 1 1.83059 260 1 1.57162 0.553864 0.176306
0 0 0.209626 0 0 0 0.236542 0.553832 4 1 1.83059 259 1 1.57162 0.554045 0.176306
0 0 0.209626 0 0 0 0.236542 0.553832 4 1 1.83059 260 1 1.57162 0.554045 0.176306
0 0 0.209626 0 0 0 0.236542 0.553832 4 1 1.83059 259 1 1.57162 0.554045 0.176306
0 0 0.209626 0 0 0 0.236542 0.553832 4 1 1.83059 260 1 1.57162 0.553864 0.176306
0 0 0.209626 0 0 0 0.236542 0.553832 4 1 1.83059 259 1 1.57162 0.554045 0.176306
0 0 0.209626 0 0 0 0.236542 0.553832 4 1 1.83059 260 1 1.57162 0.554045 0.176306
0 0 0.21006 0 0 0 0.23695 0.55299 4 1 1.8298 259 1 1.57116 0.554318 0.176152
0 0 0.209626 0 0 0 0.236542 0.553832 4 1 1.83059 259 1 1.57162 0.554045 0.176306
0 0 0.209626 0 0 0 0.236542 0.553832 4 1 1.83059 260 1 1.57162 0.553864 0.176306
0 0 0.209626 0 0 0 0.236542 0.553832 4 1 1.83059 259 1 1.57162 0.554045 0.176306
0 0 0.209626 0 0 0 0.236542 0.553832 4 1 1.83059 260 1 1.57162 0.554045 0.176306
0 0 0.209626 0 0 0 0.236542 0.553832 4 1 1.83059 259 1 1.57162 0.554045 0.176306
0 0 0.209626 0 0 0 0.236542 0.553832 4 1 1.83059 260 1 1.57162 0.553864 0.176306
0 0 0.209626 0 0 0 0.236542 0.553832 4 1 1.83059 259 1 1.57162 0.554045 0.176306
0 0 0.209626 0 0 0 0.236542 0.553832 4 1 1.83059 260 1 1.57162 0.554045 0.176306
0 0 0.209626 0 0 0 0.236542 0.553832 4 1 1.83059 259 1 1.57162 0.554045 0.176306
0 0 0.209626 0 0 0 0.236542 0.553832 4 1 1.83059 260 1 1.57162 0.553864 0.176306
0 0 0.21006 0 0 0 0.23695 0.55299 4 1 1.8298 260 1 1.57116 0.554318 0.176152
0 0 0.209626 0 0 0 0.236542 0.553832 4 1 1.83059 259 1 1.57162 0.554045 0.176306
0 0 0.209626 0 0 0 0.236542 0.553832 4 1 1.83059 260 1 1.57162 0.554045 0.176306
0 0 0.209626 0 0 0 0.236542 0.553832 4 1 1.83059 259 1 1.57162 0.554045 0.176306
0 0 0.209626 0 0 0 0.236542 0.553832 4 1 1.83059 260 1 1.57162 0.553864 0.176306
0 0 0.209626 0 0 0 0.236542 0.553832 4 1 1.83059 259 1 1.57162 0.554045 0.176306
0 0 0.209626 0 0 0 0.236542 0.553832 4 1 1.83059 260 1 1.57162 0.554045 0.176306
0 0 0.209626 0 0 0 0.236542 0.553832 4 1 1.83059 259 1 1.57162 0.554045 0.176306
0 0 0.209626 0 0 0 0.236542 0.553832 4 1 1.83059 260 1 1.57162 0.553864 0.176306
0 0 0.209626 0 0 0 0.236542 0.553832 4 1 1.83059 259 1 1.57162 0.554045 0.176306
0 0 0.209626 0 0 0 0.236542 0.553832 4 1 1.83059 260 1 1.57162 0.554045 0.176306
0 0 0.21006 0 0 0 0.23695 0.55299 4 1 1.8298 259 1 1.57116 0.554318 0.176152
0 0 0.209626 0 0 0 0.236542 0.553832 4 1 1.83059 259 1 1.57162 0.554045 0.176306
0 0 0.209626 0 0 0 0.236542 0.553832 4 1 1.83059 260 1 1.57162 0.553864 0.176306
0 0 0.209626 0 0 0 0.236542 0.553832 4 1 1.83059 259 1 1.57162 0.554045 0.176306
0 0 0.209626 0 0 0 0.236542 0.553832 4 1 1.83059 260 1 1.57162 0.554045 0.176306
0 0 0.209626 0 0 0 0.236542 0.553832 4 1 1.83059 259 1 1.57162 0.554045 0.176306
0 0 0.209626 0 0 0 0.236542 0.553832 4 1 1.83059 260 1 1.57162 0.553864 0.176306
0 0 0.209626 0 0 0 0.236542 0.553832 4 1 1.83059 259 1 1.57162 0.554045 0.176306
0 0 0.209626 0 0 0 0.236542 0.553832 4 1 1.83059 260 1 1.57162 0.554045 0.176306
0 0 0.209626 0 0 0 0.236542 0.553832 4 1 1.83059 259 1 1.57162 0.554045 0.176306
0 0 0.209626 0 0 0 0.236542 0.553832 4 1 1.83059 260 1 1.57162 0.553864 0.176306
0 0 0.21006 0 0 0 0.23695 0.55299 4 1 1.8298 260 1 1.57116 0.554137 0.176152
0 0 0.209626 0 0 0 0.236542 0.553832 4 1 1.83059 259 1 1.57162 0.554045 0.176306
0 0 0.209626 0 0 0 0.236542 0.553832 4 1 1.83059 260 1 1.57162 0.554045 0.176306
0 0 0.209626 0 0 0 0.236542 0.553832 4 1 1.83059 259 1 1.57162 0.554045 0.176306
0 0 0.209626 0 0 0 0.236542 0.553832 4 1 1.83059 260 1 1.57162 0.553864 0.176306
0 0 0.209626 0 0 0 0.236542 0.553832 4 1 1.83059 259 1 1.57162 0.554045 0.176306
0 0 0.209626 0 0 0 0.236542 0.553832 4 1 1.83059 260 1 1.57162 0.554045 0.176306
0 0 0.209626 0 0 0 0.236542 0.553832 4 1 1.83059 259 1 1.57162 0.554045 0.176306
0 0 0.209626 0 0 0 0.236542 0.553832 4 1 1.83059 260 1 1.57162 0.553864 0.176306
0 0 0.209626 0 0 0 0.236542 0.553832 4 1 1.83059 259 1 1.57162 0.554045 0.176306
0 0 0.209626 0 0 0 0.236542 0.553832 4 1 1.83059 260 1 1.57162 0.554045 0.176306
0 0 0.21006 0 0 0 0.23695 0.55299 4 1 1.8298 259 1 1.57116 0.554137 0.176152
0 0 0.209626 0 0 0 0.236542 0.553832 4 1 1.83059 259 1 1.57162 0.554045 0.176306
0 0 0.209626 0 0 0 0.236542 0.553832 4 1 1.83059 260 1 1.57162 0.553864 0.176306
0 0 0.209626 0 0 0 0.236542 0.553832 4 1 1.83059 259 1 1.57162 0.554045 0.176306
0 0 0.209626 0 0 0 0.236542 0.553832 4 1 1.83059 260 1 1.57162 0.554045 0.176306
0 0 0.209626 0 0 0 0.236542 0.553832 4 1 1.83059 259 1 1.57162 0.554045 0.176306
0 0 0.209626 0 0 0 0.236542 0.553832 4 1 1.83059 260 1 1.57162 0.553864 0.176306
0 0 0.209626 0 0 0 0.236542 0.553832 4 1 1.83059 259 1 1.57162 0.554045 0.176306
0 0 0.209626 0 0 0 0.236542 0.553832 4 1 1.83059 260 1 1.57162 0.554045 0.176306
0 0 0.209626 0 0 0 0.236542 0.553832 4 1 1.83059 259 1 1.57162 0.554045 0.176306
0 0 0.209626 0 0 0 0.236542 0.553832 4 1 1.83059 260 1 1.57162 0.553864 0.176306
0 0 0.21006 0 0 0 0.23695 0.55299 4 1 1.8298 260 1 1.57116 0.554137 0.176152
0 0 0.21006 0 0 0 0.23695 0.55299 4 1 1.8298 259 1 1.57116 0.554228 0.176152
0 0 0.209626 0 0 0 0.236542 0.553832 4 1 1.83059 259 1 1.57162 0.554045 0.176306
0 0 0.209626 0 0 0 0.236542 0.553832 4 1 1.83059 260 1 1.57162 0.554045 0.176306
0 0 0.209626 0 0 0 0.236542 0.553832 4 1 1.83059 259 1 1.57162 0.554045 0.176306
0 0 0.209626 0 0 0 0.236542 0.553832 4 1 1.83059 260 1 1.57162 0.553864 0.176306
0 0 0.209626 0 0 0 0.236542 0.553832 4 1 1.83059 259 1 1.57162 0.554045 0.176306
0 0 0.209626 0 0 0 0.236542 0.553832 4 1 1.83059 260 1 1.57162 0.554045 0.176306
0 0 0.209626 0 0 0 0.236542 0.553832 4 1 1.83059 259 1 1.57162 0.554045 0.176306
0 0 0.209626 0 0 0 0.236542 0.553832 4 1 1.83059 260 1 1.57162 0.553864 0.176306
0 0 0.209626 0 0 0 0.236542 0.553832 4 1 1.83059 259 1 1.57162 0.554045 0.176306
0 0 0.209626 0 0 0 0.236542 0.553832 4 1 1.83059 260 1 1.57162 0.554045 0.176306
0 0 0.21006 0 0 0 0.23695 0.55299 4 1 1.8298 259 1 1.57116 0.554137 0.176152
0 0 0.209626 0 0 0 0.236542 0.553832 4 1 1.83059 259 1 1.57162 0.554045 0.176306
0 0 0.209626 0 0 0 0.236542 0.553832 4 1 1.83059 260 1 1.57162 0.553864 0.176306
0 0 0.209626 0 0 0 0.236542 0.553832 4 1 1.83059 259 1 1.57162 0.554045 0.176306
0 0 0.209626 0 0 0 0.236542 0.553832 4 1 1.83059 260 1 1.57162 0.554045 0.176306
0 0 0.209626 0 0 0 0.236542 0.553832 4 1 1.83059 259 1 1.57162 0.554045 0.176306
0 0 0.209626 0 0 0 0.236542 0.553832 4 1 1.83059 260 1 1.57162 0.553864 0.176306
0 0 0.209626 0 0 0 0.236542 0.553832 4 1 1.83059 259 1 1.57162 0.554045 0.176306
0 0 0.209626 0 0 0 0.236542 0.553832 4 1 1.83059 260 1 1.57162 0.554045 0.176306
0 0 0.209626 0 0 0 0.236542 0.553832 4 1 1.83059 259 1 1.57162 0.554045 0.176306
0 0 0.209626 0 0 0 0.236542 0.553832 4 1 1.83059 260 1 1.57162 0.553864 0.176306
0 0 0.21006 0 0 0 0.23695 0.55299 4 1 1.8298 260 1 1.57116 0.553956 0.176152
0 0 0.209626 0 0 0 0.236542 0.553832 4 1 1.83059 259 1 1.57162 0.554045 0.176306
0 0 0.209626 0 0 0 0.236542 0.553832 4 1 1.83059 260 1 1.57162 0.554045 0.176306
0 0 0.209626 0 0 0 0.236542 0.553832 4 1 1.83059 259 1 1.57162 0.554045 0.176306
0 0 0.209626 0 0 0 0.236542 0.553832 4 1 1.83059 260 1 1.57162 0.553864 0.176306
0 0 0.209626 0 0 0 0.236542 0.553832 4 1 1.83059 259 1 1.57162 0.554045 0.176306
0 0 0.209626 0 0 0 0.236542 0.553832 4 1 1.83059 260 1 1.57162 0.554045 0.176306
0 0 0.209626 0 0 0 0.236542 0.553832 4 1 1.83059 259 1 1.57162 0.554045 0.176306
0 0 0.209626 0 0 0 0.236542 0.553832 4 1 1.83059 260 1 1.57162 0.553864 0.176306
0 0 0.209626 0 0 0 0.236542 0.553832 4 1 1.83059 259 1 1.57162 0.554045 0.176306
0 0 0.209626 0 0 0 0.236542 0.553832 4 1 1.83059 260 1 1.57162 0.554045 0.176306
0 0 0.21006 0 0 0 0.23695 0.55299 4 1 1.8298 259 1 1.57116 0.554228 0.176152
0 0 0.209626 0 0 0 0.236542 0.553832 4 1 1.83059 259 1 1.57162 0.554045 0.176306
0 0 0.209626 0 0 0 0.236542 0.553832 4 1 1.83059 260 1 1.57162 0.553864 0.176306
0 0 0.209626 0 0 0 0.236542 0.553832 4 1 1.83059 259 1 1.57162 0.554045 0.176306
0 0 0.209626 0 0 0 0.236542 0.553832 4 1 1.83059 260 1 1.57162 0.554045 0.176306
0 0 0.209626 0 0 0 0.236542 0.553832 4 1 1.83059 259 1 1.57162 0.554045 0.176306
0 0 0.209626 0 0 0 0.236542 0.553832 4 1 1.83059 260 1 1.57162 0.553864 0.176306
0 0 0.209626 0 0 0 0.236542 0.553832 4 1 1.83059 259 1 1.57162 0.554045 0.176306
0 0 0.209626 0 0 0 0.236542 0.553832 4 1 1.83059 260 1 1.57162 0.554045 0.176306
0 0 0.209626 0 0 0 0.236542 0.553832 4 1 1.83059 259 1 1.57162 0.554045 0.176306
0 0 0.209626 0 0 0 0.236542 0.553832 4 1 1.83059 260 1 1.57162 0.553864 0.176306
0 0 0.21006 0 0 0 0.23695 0.55299 4 1 1.8298 260 1 1.57116 0.554228 0.176152
0 0 0.209626 0 0 0 0.236542 0.553832 4 1 1.83059 259 1 1.57162 0.554045 0.176306
0 0 0.209626 0 0 0 0.236542 0.553832 4 1 1.83059 260 1 1.57162 0.554045 0.176306
0 0 0.209626 0 0 0 0.236542 0.553832 4 1 1.83059 259 1 1.57162 0.554045 0.176306
0 0 0.209626 0 0 0 0.236542 0.553832 4 1 1.83059 260 1 1.57162 0.553864 0.176306
0 0 0.209626 0 0 0 0.236542 0.553832 4 1 1.83059 259 1 1.57162 0.554045 0.176306
0 0 0.209626 0 0 0 0.236542 0.553832 4 1 1.83059 260 1 1.57162 0.554045 0.176306
0 0 0.209626 0 0 0 0.236542 0.553832 4 1 1.83059 259 1 1.57162 0.554045 0.176306
0 0 0.209626 0 0 0 0.236542 0.553832 4 1 1.83059 260 1 1.57162 0.553864 0.176306
0 0 0.209626 0 0 0 0.236542 0.553832 4 1 1.83059 259 1 1.57162 0.554045 0.176306
0 0 0.209626 0 0 0 0.236542 0.553832 4 1 1.83059 260 1 1.57162 0.554045 0.176306
0 0 0.21006 0 0 0 0.23695 0.55299 4 1 1.8298 259 1 1.57116 0.554228 0.176152
0 0 0.209626 0 0 0 0.236542 0.553832 4 1 1.83059 259 1 1.57162 0.554045 0.176306
0 0 0.209626 0 0 0 0.236542 0.553832 4 1 1.83059 260 1 1.57162 0.553864 0.176306
0 0 0.209626 0 0 0 0.236542 0.553832 4 1 1.83059 259 1 1.57162 0.554045 0.176306
0 0 0.209626 0 0 0 0.236542 0.553832 4 1 1.83059 260 1 1.57162 0.554045 0.176306
0 0 0.209626 0 0 0 0.236542 0.553832 4 1 1.83059 259 1 1.57162 0.554045 0.176306
0 0 0.209626 0 0 0 0.236542 0.553832 4 1 1.83059 260 1 1.57162 0.553864 0.176306
0 0 0.209626 0 0 0 0.236542 0.553832 4 1 1.83059 259 1 1.57162 0.554045 0.176306
0 0 0.209626 0 0 0 0.236542 0.553832 4 1 1.83059 260 1 1.57162 0.554045 0.176306
0 0 0.209626 0 0 0 0.236542 0.553832 4 1 1.83059 259 1 1.57162 0.554045 0.176306
0 0 0.209626 0 0 0 0.236542 0.553832 4 1 1.83059 260 1 1.57162 0.553864 0.176306
0 0 0.21006 0 0 0 0.23695 0.55299 4 1 1.8298 260 1 1.57116 0.554047 0.176152
0 0 0.209626 0 0 0 0.236542 0.553832 4 1 1.83059 259 1 1.57162 0.554045 0.176306
0 0 0.209626 0 0 0 0.236542 0.553832 4 1 1.83059 260 1 1.57162 0.554045 0.176306
0 0 0.209626 0 0 0 0.236542 0.553832 4 1 1.83059 259 1 1.57162 0.554045 0.176306
0 0 0.209626 0 0 0 0.236542 0.553832 4 1 1.83059 260 1 1.57162 0.553864 0.176306
0 0 0.209626 0 0 0 0.236542 0.553832 4 1 1.83059 259 1 1.57162 0.554045 0.176306
0 0 0.209626 0 0 0 0.236542 0.553832 4 1 1.83059 260 1 1.57162 0.554045 0.176306
0 0 0.209626 0 0 0 0.236542 0.553832 4 1 1.83059 259 1 1.57162 0.554045 0.176306
0 0 0.209626 0 0 0 0.236542 0.553832 4 1 1.83059 260 1 1.57162 0.553864 0.176306
0 0 0.209626 0 0 0 0.236542 0.553832 4 1 1.83059 259 1 1.57162 0.554045 0.176306
0 0 0.209626 0 0 0 0.236542 0.553832 4 1 1.83059 260 1 1.57162 0.554045 0.176306
0 0 0.21006 0 0 0 0.23695 0.55299 4 1 1.8298 259 1 1.57116 0.554137 0.176152
0 0 0.209626 0 0 0 0.236542 0.553832 4 1 1.83059 259 1 1.57162 0.554045 0.176306
0 0 0.209626 0 0 0 0.236542 0.553832 4 1 1.83059 260 1 1.57162 0.553864 0.176306
0 0 0.209626 0 0 0 0.236542 0.553832 4 1 1.83059 259 1 1.57162 0.554045 0.176306
0 0 0.209626 0 0 0 0.236542 0.553832 4 1 1.83059 260 1 1.57162 0.554045 0.176306
0 0 0.209626 0 0 0 0.236542 0.553832 4 1 1.83059 259 1 1.57162 0.554045 0.176306
0 0 0.209626 0 0 0 0.236542 0.553832 4 1 1.83059 260 1 1.57162 0.553864 0.176306
0 0 0.209626 0 0 0 0.236542 0.553832 4 1 1.83059 259 1 1.57162 0.554045 0.176306
0 0 0.209626 0 0 0 0.236542 0.553832 4 1 1.83059 260 1 1.57162 0.554045 0.176306
0 0 0.209626 0 0 0 0.236542 0.553832 4 1 1.83059 259 1 1.57162 0.554045 0.176306
0 0 0.209626 0 0 0 0.236542 0.553832 4 1 1.83059 260 1 1.57162 0.553864 0.176306
0 0 0.21006 0 0 0 0.23695 0.55299 4 1 1.8298 260 1 1.57116 0.554137 0.176152
0 0 0.209626 0 0 0 0.236542 0.553832 4 1 1.83059 259 1 1.57162 0.554045 0.176306
0 0 0.209626 0 0 0 0.236542 0.553832 4 1 1.83059 260 1 1.57162 0.554045 0.176306
0 0 0.209626 0 0 0 0.236542 0.553832 4 1 1.83059 259 1 1.57162 0.554045 0.176306
0 0 0.209626 0 0 0 0.236542 0.553832 4 1 1.83059 260 1 1.57162 0.553864 0.176306
0 0 0.21006 0 0 0 0.23695 0.55299 4 1 1.8298 259 1 1.57116 0.554228 0.176152
0 0 0.21006 0 0 0 0.23695 0.55299 4 1 1.8298 260 1 1.57116 0.554228 0.176152
0 0 0.21006 0 0 0 0.23695 0.55299 4 1 1.8298 259 1 1.57116 0.554228 0.176152
0 0 0.21006 0 0 0 0.23695 0.55299 4 1 1.8298 260 1 1.57116 0.554047 0.176152
0 0 0.21006 0 0 0 0.23695 0.55299 4 1 1.8298 259 1 1.57116 0.554137 0.176152
0 0 0.21006 0 0 0 0.23695 0.55299 4 1 1.8298 260 1 1.57116 0.554137 0.176152
0 0 0.21006 0 0 0 0.23695 0.55299 4 1 1.8298 259 1 1.57116 0.554137 0.176152
0 0 0.21006 0 0 0 0.23695 0.55299 4 1 1.8298 259 1 1.57116 0.554137 0.176152
0 0 0.21006 0 0 0 0.23695 0.55299 4 1 1.8298 260 1 1.57116 0.553956 0.176152
0 0 0.21006 0 0 0 0.23695 0.55299 4 1 1.8298 259 1 1.57116 0.554318 0.176152
0 0 0.21006 0 0 0 0.23695 0.55299 4 1 1.8298 260 1 1.57116 0.554318 0.176152
0 0 0.21006 0 0 0 0.23695 0.55299 4 1 1.8298 259 1 1.57116 0.554318 0.176152
0 0 0.21006 0 0 0 0.23695 0.55299 4 1 1.8298 260 1 1.57116 0.554137 0.176152
0 0 0.21006 0 0 0 0.23695 0.55299 4 1 1.8298 259 1 1.57116 0.554137 0.176152
0 0 0.21006 0 0 0 0.23695 0.55299 4 1 1.8298 260 1 1.57116 0.554137 0.176152
0 0 0.21006 0 0 0 0.23695 0.55299 4 1 1.8298 259 1 1.57116 0.554137 0.176152
0 0 0.21006 0 0 0 0.23695 0.55299 4 1 1.8298 260 1 1.57116 0.553956 0.176152
0 0 0.21006 0 0 0 0.23695 0.55299 4 1 1.8298 260 1 1.57116 0.553956 0.176152
0 0 0.21006 0 0 0 0.23695 0.55299 4 1 1.8298 260 1 1.57116 0.554047 0.176152
0 0 0.21006 0 0 0 0.23695 0.55299 4 1 1.8298 259 1 1.57116 0.554228 0.176152
0 0 0.21006 0 0 0 0.23695 0.55299 4 1 1.8298 260 1 1.57116 0.554228 0.176152
0 0 0.21006 0 0 0 0.23695 0.55299 4 1 1.8298 259 1 1.57116 0.554228 0.176152
0 0 0.21006 0 0 0 0.23695 0.55299 4 1 1.8298 260 1 1.57116 0.554047 0.176152
0 0 0.21006 0 0 0 0.23695 0.55299 4 1 1.8298 259 1 1.57116 0.554137 0.176152
0 0 0.21006 0 0 0 0.23695 0.55299 4 1 1.8298 260 1 1.57116 0.554137 0.176152
0 0 0.21006 0 0 0 0.23695 0.55299 4 1 1.8298 259 1 1.57116 0.554137 0.176152
0 0 0.21006 0 0 0 0.23695 0.55299 4 1 1.8298 260 1 1.57116 0.553956 0.176152
0 0 0.21006 0 0 0 0.23695 0.55299 4 1 1.8298 259 1 1.57116 0.554318 0.176152
0 0 0.21006 0 0 0 0.23695 0.55299 4 1 1.8298 260 1 1.57116 0.554318 0.176152
0 0 0.21006 0 0 0 0.23695 0.55299 4 1 1.8298 259 1 1.57116 0.554318 0.176152
0 0 0.21006 0 0 0 0.23695 0.55299 4 1 1.8298 259 1 1.57116 0.554318 0.176152
0 0 0.21006 0 0 0 0.23695 0.55299 4 1 1.8298 260 1 1.57116 0.554137 0.176152
0 0 0.21006 0 0 0 0.23695 0.55299 4 1 1.8298 259 1 1.57116 0.554137 0.176152
0 0 0.21006 0 0 0 0.23695 0.55299 4 1 1.8298 260 1 1.57116 0.554137 0.176152
0 0 0.21006 0 0 0 0.23695 0.55299 4 1 1.8298 259 1 1.57116 0.554137 0.176152
0 0 0.21006 0 0 0 0.23695 0.55299 4 1 1.8298 260 1 1.57116 0.553956 0.176152
0 0 0.21006 0 0 0 0.23695 0.55299 4 1 1.8298 259 1 1.57116 0.554228 0.176152
0 0 0.21006 0 0 0 0.23695 0.55299 4 1 1.8298 260 1 1.57116 0.554228 0.176152
0 0 0.21006 0 0 0 0.23695 0.55299 4 1 1.8298 259 1 1.57116 0.554228 0.176152
0 0 0.21006 0 0 0 0.23695 0.55299 4 1 1.8298 260 1 1.57116 0.554047 0.176152
0 0 0.21006 0 0 0 0.23695 0.55299 4 1 1.8298 260 1 1.57116 0.554318 0.176152
0 0 0.21006 0 0 0 0.23695 0.55299 4 1 1.8298 259 1 1.57116 0.554137 0.176152
0 0 0.21006 0 0 0 0.23695 0.55299 4 1 1.8298 260 1 1.57116 0.554137 0.176152
0 0 0.21006 0 0 0 0.23695 0.55299 4 1 1.8298 259 1 1.57116 0.554137 0.176152
0 0 0.21006 0 0 0 0.23695 0.55299 4 1 1.8298 260 1 1.57116 0.553956 0.176152
0 0 0.21006 0 0 0 0.23695 0.55299 4 1 1.8298 259 1 1.57116 0.554318 0.176152
0 0 0.21006 0 0 0 0.23695 0.55299 4 1 1.8298 260 1 1.57116 0.554318 0.176152
0 0 0.21006 0 0 0 0.23695 0.55299 4 1 1.8298 259 1 1.57116 0.554318 0.176152
0 0 0.21006 0 0 0 0.23695 0.55299 4 1 1.8298 260 1 1.57116 0.554137 0.176152
0 0 0.21006 0 0 0 0.23695 0.55299 4 1 1.8298 259 1 1.57116 0.554137 0.176152
0 0 0.21006 0 0 0 0.23695 0.55299 4 1 1.8298 260 1 1.57116 0.554137 0.176152
0 0 0.21006 0 0 0 0.23695 0.55299 4 1 1.8298 259 1 1.57116 0.554318 0.176152
0 0 0.21006 0 0 0 0.23695 0.55299 4 1 1.8298 259 1 1.57116 0.554137 0.176152
0 0 0.21006 0 0 0 0.23695 0.55299 4 1 1.8298 260 1 1.57116 0.553956 0.176152
0 0 0.21006 0 0 0 0.23695 0.55299 4 1 1.8298 259 1 1.57116 0.554228 0.176152
0 0 0.21006 0 0 0 0.23695 0.55299 4 1 1.8298 260 1 1.57116 0.554228 0.176152
0 0 0.21006 0 0 0 0.23695 0.55299 4 1 1.8298 259 1 1.57116 0.554228 0.176152
0 0 0.21006 0 0 0 0.23695 0.55299 4 1 1.8298 260 1 1.57116 0.554047 0.176152
0 0 0.21006 0 0 0 0.23695 0.55299 4 1 1.8298 259 1 1.57116 0.554137 0.176152
0 0 0.21006 0 0 0 0.23695 0.55299 4 1 1.8298 260 1 1.57116 0.554137 0.176152
0 0 0.21006 0 0 0 0.23695 0.55299 4 1 1.8298 259 1 1.57116 0.554137 0.176152
0 0 0.21006 0 0 0 0.23695 0.55299 4 1 1.8298 260 1 1.57116 0.553956 0.176152
0 0 0.21006 0 0 0 0.23695 0.55299 4 1 1.8298 260 1 1.57116 0.554137 0.176152
0 0 0.21006 0 0 0 0.23695 0.55299 4 1 1.8298 259 1 1.57116 0.554318 0.176152
0 0 0.21006 0 0 0 0.23695 0.55299 4 1 1.8298 260 1 1.57116 0.554318 0.176152
0 0 0.21006 0 0 0 0.23695 0.55299 4 1 1.8298 259 1 1.57116 0.554318 0.176152
0 0 0.21006 0 0 0 0.23695 0.55299 4 1 1.8298 260 1 1.57116 0.554137 0.176152
0 0 0.21006 0 0 0 0.23695 0.55299 4 1 1.8298 259 1 1.57116 0.554137 0.176152
0 0 0.21006 0 0 0 0.23695 0.55299 4 1 1.8298 260 1 1.57116 0.554137 0.176152
0 0 0.21006 0 0 0 0.23695 0.55299 4 1 1.8298 259 1 1.57116 0.554137 0.176152
0 0 0.21006 0 0 0 0.23695 0.55299 4 1 1.8298 260 1 1.57116 0.553956 0.176152
0 0 0.209626 0 0 0 0.236542 0.553832 4 1 1.83122 261 1 1.57217 0.553864 0.176305
0 0 0.209626 0 0 0 0.236542 0.553832 4 1 1.83122 259 1 1.57217 0.554045 0.176305
0 0 0.21006 0 0 0 0.23695 0.55299 4 1 1.8298 259 1 1.57116 0.554137 0.176152
0 0 0.209626 0 0 0 0.236542 0.553832 4 1 1.83122 261 1 1.57217 0.553955 0.176305
0 0 0.209626 0 0 0 0.236542 0.553832 4 1 1.83122 259 1 1.57217 0.553955 0.176305
0 0 0.209626 0 0 0 0.236542 0.553832 4 1 1.83122 261 1 1.57217 0.553864 0.176305
0 0 0.209626 0 0 0 0.236542 0.553832 4 1 1.83122 259 1 1.57217 0.554045 0.176305
0 0 0.209626 0 0 0 0.236542 0.553832 4 1 1.83122 261 1 1.57217 0.553955 0.176305
0 0 0.209626 0 0 0 0.236542 0.553832 4 1 1.83122 259 1 1.57217 0.553955 0.176305
0 0 0.209626 0 0 0 0.236542 0.553832 4 1 1.83122 261 1 1.57217 0.553864 0.176305
0 0 0.209626 0 0 0 0.236542 0.553832 4 1 1.83122 259 1 1.57217 0.554045 0.176305
0 0 0.209626 0 0 0 0.236542 0.553832 4 1 1.83122 261 1 1.57217 0.553955 0.176305
0 0 0.209626 0 0 0 0.236542 0.553832 4 1 1.83122 259 1 1.57217 0.553955 0.176305
0 0 0.21006 0 0 0 0.23695 0.55299 4 1 1.8298 260 1 1.57116 0.554137 0.176152
0 0 0.209626 0 0 0 0.236542 0.553832 4 1 1.83122 261 1 1.57217 0.553864 0.176305
0 0 0.209626 0 0 0 0.236542 0.553832 4 1 1.83122 259 1 1.57217 0.554045 0.176305
0 0 0.209626 0 0 0 0.236542 0.553832 4 1 1.83122 261 1 1.57217 0.553955 0.176305
0 0 0.209626 0 0 0 0.236542 0.553832 4 1 1.83122 259 1 1.57217 0.553955 0.176305
0 0 0.209626 0 0 0 0.236542 0.553832 4 1 1.83122 261 1 1.57217 0.553864 0.176305
0 0 0.209626 0 0 0 0.236542 0.553832 4 1 1.83122 259 1 1.57217 0.554045 0.176305
0 0 0.209626 0 0 0 0.236542 0.553832 4 1 1.83122 261 1 1.57217 0.553955 0.176305
0 0 0.209626 0 0 0 0.236542 0.553832 4 1 1.83122 259 1 1.57217 0.553955 0.176305
0 0 0.209626 0 0 0 0.236542 0.553832 4 1 1.83122 261 1 1.57217 0.553864 0.176305
0 0 0.209626 0 0 0 0.236542 0.553832 4 1 1.83122 259 1 1.57217 0.554045 0.176305
0 0 0.21006 0 0 0 0.23695 0.55299 4 1 1.8298 259 1 1.57116 0.554137 0.176152
0 0 0.209626 0 0 0 0.236542 0.553832 4 1 1.83122 261 1 1.57217 0.553955 0.176305
0 0 0.209626 0 0 0 0.236542 0.553832 4 1 1.83122 259 1 1.57217 0.553955 0.176305
0 0 0.209626 0 0 0 0.236542 0.553832 4 1 1.83122 261 1 1.57217 0.553864 0.176305
0 0 0.209626 0 0 0 0.236542 0.553832 4 1 1.83122 259 1 1.57217 0.554045 0.176305
0 0 0.209626 0 0 0 0.236542 0.553832 4 1 1.83122 261 1 1.57217 0.553955 0.176305
0 0 0.209626 0 0 0 0.236542 0.553832 4 1 1.83122 259 1 1.57217 0.553955 0.176305
0 0 0.209626 0 0 0 0.236542 0.553832 4 1 1.83122 261 1 1.57217 0.553864 0.176305
0 0 0.209626 0 0 0 0.236542 0.553832 4 1 1.83122 259 1 1.57217 0.554045 0.176305
0 0 0.209626 0 0 0 0.236542 0.553832 4 1 1.83122 261 1 1.57217 0.553955 0.176305
0 0 0.209626 0 0 0 0.236542 0.553832 4 1 1.83122 259 1 1.57217 0.553955 0.176305
0 0 0.21006 0 0 0 0.23695 0.55299 4 1 1.8298 260 1 1.57116 0.553956 0.176152
0 0 0.209626 0 0 0 0.236542 0.553832 4 1 1.83059 259 1 1.57162 0.554045 0.176306
0 0 0.209626 0 0 0 0.236542 0.553832 4 1 1.83059 260 1 1.57162 0.554045 0.176306
0 0 0.209626 0 0 0 0.236542 0.553832 4 1 1.83059 259 1 1.57162 0.554045 0.176306
0 0 0.209626 0 0 0 0.236542 0.553832 4 1 1.83059 260 1 1.57162 0.553864 0.176306
0 0 0.209626 0 0 0 0.236542 0.553832 4 1 1.83059 259 1 1.57162 0.554045 0.176306
0 0 0.209626 0 0 0 0.236542 0.553832 4 1 1.83059 260 1 1.57162 0.554045 0.176306
0 0 0.209626 0 0 0 0.236542 0.553832 4 1 1.83059 259 1 1.57162 0.554045 0.176306
0 0 0.209626 0 0 0 0.236542 0.553832 4 1 1.83059 260 1 1.57162 0.553864 0.176306
0 0 0.209626 0 0 0 0.236542 0.553832 4 1 1.83059 259 1 1.57162 0.554045 0.176306
0 0 0.209626 0 0 0 0.236542 0.553832 4 1 1.83059 260 1 1.57162 0.554045 0.176306
0 0 0.21006 0 0 0 0.23695 0.55299 4 1 1.8298 259 1 1.57116 0.554228 0.176152
0 0 0.209626 0 0 0 0.236542 0.553832 4 1 1.83059 259 1 1.57162 0.554045 0.176306
0 0 0.209626 0 0 0 0.236542 0.553832 4 1 1.83059 260 1 1.57162 0.553864 0.176306
0 0 0.209626 0 0 0 0.236542 0.553832 4 1 1.83059 259 1 1.57162 0.554045 0.176306
0 0 0.209626 0 0 0 0.236542 0.553832 4 1 1.83059 260 1 1.57162 0.554045 0.176306
0 0 0.209626 0 0 0 0.236542 0.553832 4 1 1.83059 259 1 1.57162 0.554045 0.176306
0 0 0.209626 0 0 0 0.236542 0.553832 4 1 1.83059 260 1 1.57162 0.553864 0.176306
0 0 0.209626 0 0 0 0.236542 0.553832 4 1 1.83059 259 1 1.57162 0.554045 0.176306
0 0 0.209626 0 0 0 0.236542 0.553832 4 1 1.83059 260 1 1.57162 0.554045 0.176306
0 0 0.209626 0 0 0 0.236542 0.553832 4 1 1.83059 259 1 1.57162 0.554045 0.176306
0 0 0.209626 0 0 0 0.236542 0.553832 4 1 1.83059 260 1 1.57162 0.553864 0.176306
0 0 0.21006 0 0 0 0.23695 0.55299 4 1 1.8298 260 1 1.57116 0.554228 0.176152
0 0 0.21006 0 0 0 0.23695 0.55299 4 1 1.8298 259 1 1.57116 0.554137 0.176152
0 0 0.209626 0 0 0 0.236542 0.553832 4 1 1.83059 259 1 1.57162 0.554045 0.176306
0 0 0.209626 0 0 0 0.236542 0.553832 4 1 1.83059 260 1 1.57162 0.554045 0.176306
0 0 0.209626 0 0 0 0.236542 0.553832 4 1 1.83059 259 1 1.57162 0.554045 0.176306
0 0 0.209626 0 0 0 0.236542 0.553832 4 1 1.83059 260 1 1.57162 0.553864 0.176306
0 0 0.209626 0 0 0 0.236542 0.553832 4 1 1.83059 259 1 1.57162 0.554045 0.176306
0 0 0.209626 0 0 0 0.236542 0.553832 4 1 1.83059 260 1 1.57162 0.554045 0.176306
0 0 0.209626 0 0 0 0.236542 0.553832 4 1 1.83059 259 1 1.57162 0.554045 0.176306
0 0 0.209626 0 0 0 0.236542 0.553832 4 1 1.83059 260 1 1.57162 0.553864 0.176306
0 0 0.209626 0 0 0 0.236542 0.553832 4 1 1.83059 259 1 1.57162 0.553955 0.176306
0 0 0.209626 0 0 0 0.236542 0.553832 4 1 1.83059 258 1 1.57162 0.554136 0.176306
0 0 0.21006 0 0 0 0.23695 0.55299 4 1 1.8298 259 1 1.57116 0.554228 0.176152
0 0 0.209626 0 0 0 0.236542 0.553832 4 1 1.83027 259 1 1.57135 0.553864 0.176306
0 0 0.209626 0 0 0 0.236542 0.553832 4 1 1.83027 258 1 1.57135 0.553864 0.176306
0 0 0.21006 0 0 0 0.23695 0.55299 4 1 1.8298 260 1 1.57116 0.554047 0.176152
0 0 0.21006 0 0 0 0.23695 0.55299 4 1 1.8298 259 1 1.57116 0.554137 0.176152
0 0 0.21006 0 0 0 0.23695 0.55299 4 1 1.8298 260 1 1.57116 0.554137 0.176152
0 0 0.21006 0 0 0 0.23695 0.55299 4 1 1.8298 259 1 1.57116 0.554137 0.176152
0 0 0.21006 0 0 0 0.23695 0.55299 4 1 1.8298 260 1 1.57116 0.553956 0.176152
0 0 0.21006 0 0 0 0.23695 0.55299 4 1 1.8298 259 1 1.57116 0.554318 0.176152
0 0 0.21006 0 0 0 0.23695 0.55299 4 1 1.8298 260 1 1.57116 0.554318 0.176152
0 0 0.21006 0 0 0 0.23695 0.55299 4 1 1.8298 259 1 1.57116 0.554318 0.176152
0 0 0.21006 0 0 0 0.23695 0.55299 4 1 1.8298 260 1 1.57116 0.554137 0.176152
0 0 0.21006 0 0 0 0.23695 0.55299 4 1 1.8298 260 1 1.57116 0.554137 0.176152
0 0 0.21006 0 0 0 0.23695 0.55299 4 1 1.8298 259 1 1.57116 0.554137 0.176152
0 0 0.21006 0 0 0 0.23695 0.55299 4 1 1.8298 260 1 1.57116 0.554137 0.176152
0 0 0.21006 0 0 0 0.23695 0.55299 4 1 1.8298 259 1 1.57116 0.554137 0.176152
0 0 0.21006 0 0 0 0.23695 0.55299 4 1 1.8298 260 1 1.57116 0.553956 0.176152
0 0 0.210127 0 0 0 0.236709 0.553165 4 1 1.83038 259 1 1.57158 0.554288 0.176204
0 0 0.210127 0 0 0 0.236709 0.553165 4 1 1.83038 260 1 1.57158 0.554288 0.176204
0 0 0.210127 0 0 0 0.236709 0.553165 4 1 1.83038 259 1 1.57158 0.554288 0.176204
0 0 0.210127 0 0 0 0.236709 0.553165 4 1 1.83038 260 1 1.57158 0.554107 0.176204
0 0 0.210127 0 0 0 0.236709 0.553165 4 1 1.83038 259 1 1.57158 0.554197 0.176204
0 0 0.210127 0 0 0 0.236709 0.553165 4 1 1.83038 260 1 1.57158 0.554197 0.176204
0 0 0.21006 0 0 0 0.23695 0.55299 4 1 1.8298 259 1 1.57116 0.554137 0.176152
0 0 0.210127 0 0 0 0.236709 0.553165 4 1 1.83038 259 1 1.57158 0.554197 0.176204
0 0 0.210127 0 0 0 0.236709 0.553165 4 1 1.83038 260 1 1.57158 0.554016 0.176204
0 0 0.210127 0 0 0 0.236709 0.553165 4 1 1.83038 259 1 1.57158 0.554197 0.176204
0 0 0.210127 0 0 0 0.236709 0.553165 4 1 1.83038 260 1 1.57158 0.554197 0.176204
0 0 0.210127 0 0 0 0.236709 0.553165 4 1 1.83038 259 1 1.57158 0.554197 0.176204
0 0 0.210127 0 0 0 0.236709 0.553165 4 1 1.83038 260 1 1.57158 0.554016 0.176204
0 0 0.210127 0 0 0 0.236709 0.553165 4 1 1.83038 259 1 1.57158 0.554107 0.176204
0 0 0.210127 0 0 0 0.236709 0.553165 4 1 1.83038 260 1 1.57158 0.554107 0.176204
0 0 0.210127 0 0 0 0.236709 0.553165 4 1 1.83038 259 1 1.57158 0.554107 0.176204
0 0 0.210127 0 0 0 0.236709 0.553165 4 1 1.83038 260 1 1.57158 0.553926 0.176204
0 0 0.21006 0 0 0 0.23695 0.55299 4 1 1.8298 260 1 1.57116 0.553956 0.176152
0 0 0.210127 0 0 0 0.236709 0.553165 4 1 1.83038 259 1 1.57158 0.554197 0.176204
0 0 0.210127 0 0 0 0.236709 0.553165 4 1 1.83038 260 1 1.57158 0.554197 0.176204
0 0 0.210127 0 0 0 0.236709 0.553165 4 1 1.83038 259 1 1.57158 0.554197 0.176204
0 0 0.210127 0 0 0 0.236709 0.553165 4 1 1.83038 260 1 1.57158 0.554016 0.176204
0 0 0.210127 0 0 0 0.236709 0.553165 4 1 1.83038 259 1 1.57158 0.554197 0.176204
0 0 0.210127 0 0 0 0.236709 0.553165 4 1 1.83038 260 1 1.57158 0.554197 0.176204
0 0 0.210127 0 0 0 0.236709 0.553165 4 1 1.83038 259 1 1.57158 0.554197 0.176204
0 0 0.210127 0 0 0 0.236709 0.553165 4 1 1.83038 260 1 1.57158 0.554016 0.176204
0 0 0.210127 0 0 0 0.236709 0.553165 4 1 1.83038 259 1 1.57158 0.554197 0.176204
0 0 0.210127 0 0 0 0.236709 0.553165 4 1 1.83038 260 1 1.57158 0.554197 0.176204
0 0 0.21006 0 0 0 0.23695 0.55299 4 1 1.8298 259 1 1.57116 0.554318 0.176152
0 0 0.210127 0 0 0 0.236709 0.553165 4 1 1.83038 259 1 1.57158 0.554197 0.176204
0 0 0.210127 0 0 0 0.236709 0.553165 4 1 1.83038 260 1 1.57158 0.554016 0.176204
0 0 0.210127 0 0 0 0.236709 0.553165 4 1 1.83038 259 1 1.57158 0.554107 0.176204
0 0 0.210127 0 0 0 0.236709 0.553165 4 1 1.83038 260 1 1.57158 0.554107 0.176204
0 0 0.210127 0 0 0 0.236709 0.553165 4 1 1.83038 259 1 1.57158 0.554107 0.176204
0 0 0.210127 0 0 0 0.236709 0.553165 4 1 1.83038 260 1 1.57158 0.553926 0.176204
0 0 0.210127 0 0 0 0.236709 0.553165 4 1 1.83038 259 1 1.57158 0.554288 0.176204
0 0 0.210127 0 0 0 0.236709 0.553165 4 1 1.83038 260 1 1.57158 0.554288 0.176204
0 0 0.210127 0 0 0 0.236709 0.553165 4 1 1.83038 259 1 1.57158 0.554288 0.176204
0 0 0.210127 0 0 0 0.236709 0.553165 4 1 1.83038 260 1 1.57158 0.554107 0.176204
0 0 0.21006 0 0 0 0.23695 0.55299 4 1 1.8298 260 1 1.57116 0.554318 0.176152
