PercentageTypeGateAND,PercentageTypeGateOR,PercentageTypeGateNOT,PercentageTypeGateXOR,PercentageTypeGateXNOR,PercentageTypeGateBUF,PercentageTypeGateNOR,PercentageTypeGateNAND,MaxInputDegree,MinInputDegree,MiddleInputDegree,MaxOutputDegree,MinOutputDegree,MiddleOutputDegree,PercentageMiddleDepth,PercentageMiddleSignVar,isMultiplexer
0,0,0.390244,0,0,0,0.287805,0.321951,4,1,2.25366,0.0103093,1,1.59107,0.424399,0.327907,0
0.0258621,0.00862069,0.0862069,0,0,0,0.415948,0.463362,4,1,3.32974,0.0565657,1,3.12323,0.391919,0.580506,0
0.0185185,0.00589226,0.0664983,0,0,0,0.445286,0.463805,4,1,3.30556,0.0222399,1,3.11994,0.391581,0.527232,0
0.00756757,0.00486486,0.0540541,0,0,0,0.456757,0.476757,4,1,3.47838,0.0223261,1,3.34164,0.388197,0.53298,0
0.0455975,0.00314465,0.0833333,0,0,0,0.40566,0.462264,4,1,3.34119,0.0430267,1,3.1543,0.382789,0.559997,0
0.00628535,0.00125707,0.0653677,0,0,0,0.451917,0.475173,4,1,3.33941,0.0184634,1,3.16498,0.383165,0.524563,0
0.0502793,0.00558659,0.0931099,0,0,0,0.391061,0.459963,4,1,3.26816,0.0507881,1,3.07531,0.392294,0.57049,0
0.102459,0.0184426,0.0717213,0,0,0,0.372951,0.434426,4,1,3.2582,0.0805501,1,3.12574,0.421087,0.654274,0
0,0.0023753,0.133017,0,0,0,0.408551,0.456057,4,1,3.02138,0.0319149,1,2.70851,0.370922,0.508556,0
0.00627615,0,0.08159,0,0,0,0.439331,0.472803,4,1,3.32427,0.0254403,1,3.11057,0.376386,0.520287,0
0.0235064,0.00391773,0.0577865,0,0,0,0.444662,0.470127,4,1,3.43879,0.0326493,1,3.27612,0.392724,0.552227,0
0,0,0.285714,0,0,0,0.339768,0.374517,4,1,2.48263,0.014881,1,1.91667,0.314484,0.390112,0
0.0103093,0,0.151203,0,0,0,0.381443,0.457045,4,1,3.06873,0.0464396,1,2.7678,0.374613,0.525021,0
0.0172745,0.00287908,0.0710173,0,0,0,0.433781,0.475048,4,1,3.44626,0.0301095,1,3.27737,0.388078,0.542902,0
0.0015949,0.00318979,0.118022,0,0,0,0.422648,0.454545,4,1,3.00319,0.0245665,1,2.72254,0.380058,0.501558,0
0.027027,0.108108,0.243243,0,0,0,0.202703,0.418919,4,1,2.60811,0.2,1,2.425,0.479167,0.813063,0
0.0184502,0,0.151292,0,0,0,0.387454,0.442804,4,1,2.90037,0.0358306,1,2.56352,0.373507,0.507278,0
0.00309406,0.00247525,0.0680693,0,0,0,0.454827,0.471535,4,1,3.26856,0.0163265,1,3.08047,0.383868,0.516614,0
0.0365359,0.00270636,0.0730717,0,0,0,0.427605,0.460081,4,1,3.34641,0.0356234,1,3.14758,0.382952,0.545533,0
0.0750605,0.0217918,0.116223,0,0,0,0.343826,0.443099,4,1,3.16949,0.0762125,1,3.0254,0.424942,0.637167,0
0.000814332,0,0.0920195,0,0,0,0.442182,0.464984,4,1,3.07329,0.015861,1,2.85121,0.381923,0.504818,0
0.00723589,0.00217077,0.0701881,0,0,0,0.447902,0.472504,4,1,3.3191,0.0197682,1,3.12747,0.384685,0.522831,0
0.014095,0.0037092,0.0667656,0,0,0,0.448071,0.467359,4,1,3.31528,0.0196216,1,3.13245,0.385658,0.525091,0
0.0113852,0.0113852,0.0910816,0,0,0,0.425047,0.461101,4,1,3.29222,0.0424028,1,3.06714,0.387515,0.5461,0
0.0321932,0.00402414,0.108652,0,0,0,0.404427,0.450704,4,1,3.17103,0.0372439,1,2.93669,0.382371,0.539638,0
0.0395137,0.00759878,0.0851064,0,0,0,0.416413,0.451368,4,1,3.269,0.0355619,1,3.06117,0.389284,0.548936,0
0.0269017,0.00278293,0.067718,0,0,0,0.429499,0.473098,4,1,3.41744,0.0318021,1,3.2553,0.385748,0.548083,0
0.0494118,0.00470588,0.101176,0,0,0,0.388235,0.456471,4,1,3.32941,0.0688889,1,3.14667,0.398519,0.597176,0
0.00487805,0.00162602,0.156098,0,0,0,0.40813,0.429268,4,1,2.74959,0.0141643,1,2.3966,0.367328,0.456928,0
0.00827815,0,0.115894,0,0,0,0.418874,0.456954,4,1,3.02483,0.0240964,1,2.75301,0.386546,0.504167,0
0.0100739,0.00201478,0.0611148,0,0,0,0.45131,0.475487,4,1,3.40698,0.0230032,1,3.24217,0.389563,0.529656,0
0.00218818,0.00218818,0.105033,0,0,0,0.432166,0.458425,4,1,3.02188,0.018,1,2.763,0.383,0.501438,0
0,0.00431034,0.206897,0,0,0,0.375,0.413793,4,1,2.65948,0.0289855,1,2.23913,0.525362,0.453272,0
0.0336283,0.00884956,0.0548673,0,0,0,0.440708,0.461947,4,1,3.44602,0.0382328,1,3.30926,0.389125,0.568537,0
0.00974026,0.0021645,0.0833333,0,0,0,0.437229,0.467532,4,1,3.2868,0.0262892,1,3.07179,0.386586,0.527456,0
0.025227,0.00403633,0.073663,0,0,0,0.435923,0.46115,4,1,3.31584,0.0266413,1,3.1275,0.385982,0.534578,0
0.0170052,0.000472367,0.0491261,0,0,0,0.455361,0.478035,4,1,3.50165,0.0213345,1,3.36541,0.385837,0.532483,0
0.0153846,0.00192308,0.0605769,0,0,0,0.440385,0.481731,4,1,3.49231,0.0330275,1,3.33303,0.388379,0.551019,0
0.0387029,0.0041841,0.0606695,0,0,0,0.430962,0.465481,4,1,3.45188,0.0348953,1,3.29113,0.389498,0.567213,0
0.0413081,0.00516351,0.080895,0,0,0,0.407917,0.464716,4,1,3.35972,0.0556465,1,3.1964,0.386252,0.593173,0
0.0364026,0.0107066,0.0588865,0,0,0,0.433619,0.460385,4,1,3.45182,0.0431655,1,3.31449,0.392943,0.574837,0
0.0152236,0.000951475,0.0837298,0,0,0,0.434824,0.465271,4,1,3.23787,0.0213713,1,3.03117,0.387058,0.522611,0
0.00941493,0.00336247,0.0591796,0,0,0,0.455279,0.472764,4,1,3.41762,0.0230474,1,3.25416,0.387964,0.531988,0
0.029517,0.00536673,0.0644007,0,0,0,0.437388,0.463327,4,1,3.34436,0.0297872,1,3.18298,0.395177,0.550011,0
0.0291971,0.0255474,0.124088,0,0,0,0.335766,0.485401,4,1,3.15693,0.146341,1,3.01742,0.445993,0.700168,0
0.012605,0.00140056,0.0550887,0,0,0,0.456116,0.47479,4,1,3.39262,0.0169492,1,3.24175,0.389384,0.524631,0
0.0275527,0.00648298,0.0875203,0,0,0,0.416532,0.461912,4,1,3.29984,0.0378788,1,3.08636,0.387879,0.545852,0
0.00380228,0.00095057,0.0922053,0,0,0,0.438213,0.464829,4,1,3.14639,0.0212014,1,2.92491,0.391048,0.507022,0
0.00140449,0,0.141854,0,0,0,0.418539,0.438202,4,1,2.83146,0.0148699,1,2.49938,0.373399,0.474246,0
0.00763359,0,0.267176,0,0,0,0.320611,0.40458,4,1,2.59542,0.0432099,1,2.10494,0.316872,0.449643,0
0.00340909,0.00568182,0.0613636,0,0,0,0.457386,0.472159,4,1,3.29943,0.0172136,1,3.12426,0.392326,0.520219,0
0.0526839,0.00298211,0.0596421,0,0,0,0.420477,0.464215,4,1,3.46024,0.0352046,1,3.31304,0.393276,0.567815,0
0.0111326,0.00338819,0.0474347,0,0,0,0.461278,0.476767,4,1,3.4666,0.0185787,1,3.32699,0.39294,0.532625,0
0.0095518,0.00220426,0.0631888,0,0,0,0.452608,0.472447,4,1,3.38722,0.0215877,1,3.211,0.37442,0.525271,0
0,0.00433839,0.125813,0,0,0,0.418655,0.451193,4,1,3,0.0292969,1,2.70312,0.376953,0.508358,0
0.00539568,0.00179856,0.100719,0,0,0,0.431655,0.460432,4,1,3.19784,0.029654,1,2.93081,0.380011,0.51721,0
0.0413223,0,0.136364,0,0,0,0.367769,0.454545,4,1,3.10744,0.0597015,1,2.8097,0.385572,0.54768,0
0.00479616,0.00119904,0.11271,0,0,0,0.429257,0.452038,4,1,2.94245,0.0162866,1,2.66558,0.389794,0.493633,0
0.0217391,0.0434783,0.152174,0,0,0,0.282609,0.5,4,1,2.8913,0.254902,1,2.62745,0.431373,0.830435,0
0.00127877,0.00127877,0.113811,0,0,0,0.424552,0.459079,4,1,2.99361,0.018648,1,2.7296,0.375291,0.496214,0
0.046875,0,0.114583,0,0,0,0.385417,0.453125,4,1,3.17708,0.0455635,1,2.92806,0.383693,0.554609,0
0.0501567,0.00940439,0.103448,0,0,0,0.369906,0.467085,4,1,3.18809,0.0892857,1,3.02976,0.416667,0.666605,0
0.00867679,0,0.0845987,0,0,0,0.438178,0.468547,4,1,3.24295,0.0232558,1,3.02427,0.383889,0.52187,0
0.00289855,0,0.182609,0,0,0,0.382609,0.431884,4,1,2.75072,0.0249377,1,2.36908,0.36409,0.462164,0
0,0,0.356322,0,0,0,0.287356,0.356322,4,1,2.36782,0.0336134,1,1.7395,0.453782,0.390086,0
0.00805802,0.0016116,0.073328,0,0,0,0.448832,0.468171,4,1,3.278,0.0188822,1,3.07326,0.384441,0.51847,0
0.0129995,0.00288878,0.0500722,0,0,0,0.457872,0.476168,4,1,3.49302,0.0189464,1,3.35305,0.386938,0.533595,0
0.114035,0.0146199,0.0964912,0,0,0,0.342105,0.432749,4,1,3.15789,0.0914127,1,2.99446,0.420129,0.651893,0
0.013986,0.002997,0.0739261,0,0,0,0.442557,0.466533,4,1,3.32068,0.0282752,1,3.13384,0.390512,0.536397,0
0.00570125,0.0022805,0.0923603,0,0,0,0.435576,0.464082,4,1,3.16648,0.0232313,1,2.93347,0.38578,0.51484,0
0.00873362,0.00436681,0.131004,0,0,0,0.393013,0.462882,4,1,3.08734,0.0748032,1,2.7874,0.371391,0.561921,0
0,0,0.329268,0,0,0,0.323171,0.347561,4,1,2.39024,0.0177778,1,1.74667,0.444444,0.378848,0
0.047619,0.0408163,0.14966,0,0,0,0.292517,0.469388,4,1,2.98639,0.179487,1,2.82051,0.457265,0.780801,0
0.0193165,0,0.0950966,0,0,0,0.421991,0.463596,4,1,3.24666,0.030303,1,3.01102,0.376492,0.531218,0
0.04,0.04,0.2,0,0,0,0.28,0.44,4,1,2.72,0.266667,1,2.3,0.4,0.776,0
0,0,0.271967,0,0,0,0.351464,0.376569,4,1,2.48536,0.0160772,1,1.91318,0.310825,0.396676,0
0,0,0.334532,0,0,0,0.316547,0.348921,4,1,2.36331,0.0107239,1,1.76408,0.447721,0.352329,0
0,0,0.206751,0,0,0,0.371308,0.421941,4,1,2.70042,0.0319149,1,2.27305,0.351064,0.448945,0
0,0,0.222222,0,0,0,0.37037,0.407407,4,1,2.61481,0.0244648,1,2.16208,0.347604,0.438467,0
0.0175268,0.00389484,0.0662123,0,0,0,0.444012,0.468354,4,1,3.38754,0.0294659,1,3.20442,0.383057,0.54234,0
0.00305344,0.00152672,0.145038,0,0,0,0.415267,0.435115,4,1,2.77557,0.0147453,1,2.43834,0.372207,0.463636,0
0,0.00239808,0.123501,0,0,0,0.426859,0.447242,4,1,2.88369,0.0172414,1,2.59267,0.374282,0.48394,0
0.0149584,0.00277008,0.0509695,0,0,0,0.455956,0.475346,4,1,3.4687,0.0201699,1,3.32378,0.385881,0.535937,0
0.025,0,0.0588235,0,0,0,0.444118,0.472059,4,1,3.41691,0.0216783,1,3.25035,0.383916,0.535273,0
0.0679612,0.00582524,0.0951456,0,0,0,0.382524,0.448544,4,1,3.26796,0.0492701,1,3.07299,0.391119,0.57717,0
0.025974,0,0.0755608,0,0,0,0.42503,0.473436,4,1,3.40378,0.0334448,1,3.21516,0.384244,0.544227,0
0.0306713,0.00462963,0.0480324,0,0,0,0.448495,0.468171,4,1,3.46296,0.0222346,1,3.32685,0.390402,0.543949,0
0,0.0133333,0.24,0,0,0,0.293333,0.453333,4,1,2.81333,0.114943,1,2.43678,0.367816,0.583333,0
0,0,0.230392,0,0,0,0.372549,0.397059,4,1,2.58088,0.0139721,1,2.10379,0.342648,0.411817,0
0,0.00253807,0.205584,0,0,0,0.383249,0.408629,4,1,2.63706,0.0168421,1,2.18947,0.347368,0.426239,0
0,0,0.292887,0,0,0,0.338912,0.368201,4,1,2.43933,0.0161812,1,1.88997,0.335491,0.387029,0
0.0414747,0.00614439,0.0691244,0,0,0,0.419355,0.463902,4,1,3.37481,0.0558824,1,3.23235,0.40098,0.603263,0
0.00248756,0.00248756,0.11194,0,0,0,0.426617,0.456468,4,1,2.99627,0.0226757,1,2.73243,0.384732,0.49815,0
0.0127298,0.00141443,0.0919378,0,0,0,0.427157,0.466761,4,1,3.27723,0.0328947,1,3.05,0.379386,0.532438,0
0.00256246,0,0.0691864,0,0,0,0.454196,0.474055,4,1,3.28956,0.017491,1,3.09771,0.384399,0.519222,0
0.0487805,0.0487805,0.292683,0,0,0,0.195122,0.414634,4,1,2.63415,0.191489,1,2.31915,0.425532,0.756098,0
0.016178,0.00505561,0.0677452,0,0,0,0.437816,0.473205,4,1,3.41658,0.0327553,1,3.25626,0.398844,0.549081,0
0.0135249,0.00253593,0.0769231,0,0,0,0.444632,0.462384,4,1,3.18512,0.0189873,1,2.9818,0.385812,0.519604,0
0,0.003663,0.120879,0,0,0,0.424908,0.450549,4,1,2.96154,0.0230643,1,2.66557,0.384953,0.502222,0
0.0165041,0.00450113,0.0690173,0,0,0,0.44111,0.468867,4,1,3.37509,0.0220641,1,3.20285,0.387189,0.528913,0
0.0337972,0.00596421,0.0934394,0,0,0,0.393638,0.473161,4,1,3.38569,0.0662879,1,3.22727,0.40846,0.609066,0
0.00377358,0.00188679,0.137736,0,0,0,0.413208,0.443396,4,1,2.86038,0.0234506,1,2.54104,0.375768,0.483582,0
0.0515267,0.0133588,0.0744275,0,0,0,0.402672,0.458015,4,1,3.35496,0.061706,1,3.19238,0.398064,0.604184,0
0.00403226,0.00302419,0.09375,0,0,0,0.438508,0.460685,4,1,3.05343,0.0185874,1,2.81599,0.385068,0.5075,0
0.0163767,0.00102354,0.0849539,0,0,0,0.432958,0.464688,4,1,3.24667,0.0258126,1,3.03346,0.389101,0.523727,0
0,0,0.100363,0,0,0,0.438936,0.460701,4,1,3.0786,0.0199115,1,2.81748,0.381268,0.508519,0
0.00928793,0,0.0975232,0,0,0,0.427245,0.465944,4,1,3.22755,0.0314286,1,2.98,0.38,0.525341,0
0,0,0.168142,0,0,0,0.389381,0.442478,4,1,2.81121,0.0310078,1,2.46512,0.368648,0.476708,0
0.0177706,0,0.0718901,0,0,0,0.444265,0.466074,4,1,3.28271,0.0189538,1,3.08188,0.379328,0.522228,0
0.0148368,0.00148368,0.0875371,0,0,0,0.425816,0.470326,4,1,3.34125,0.0359613,1,3.11618,0.379899,0.538273,0
0.00984103,0.000757002,0.0582892,0,0,0,0.451173,0.479939,4,1,3.43982,0.0252525,1,3.27922,0.385522,0.540616,0
0,0,0.150649,0,0,0,0.405195,0.444156,4,1,2.88831,0.0251142,1,2.5411,0.362253,0.486988,0
0.0423862,0.00313972,0.0596546,0,0,0,0.433281,0.461538,4,1,3.41287,0.02855,1,3.26747,0.395192,0.550236,0
0,0,0.333333,0,0,0,0.222222,0.444444,4,1,2.55556,0.138889,1,1.94444,0.314815,0.555556,0
0.002,0.002,0.084,0,0,0,0.444,0.468,4,1,3.241,0.0195349,1,3.01581,0.385736,0.516293,0
0,0.0241935,0.258065,0,0,0,0.16129,0.556452,4,1,2.91935,0.198473,1,2.77099,0.506361,0.846774,0
0.0333904,0.00256849,0.0556507,0,0,0,0.436644,0.471747,4,1,3.49743,0.0345111,1,3.35744,0.386196,0.5607,0
0,0,0.465116,0,0,0,0.139535,0.395349,4,1,2.27907,0.0701754,1,1.73684,0.464912,0.418605,0
0.0535714,0.0107143,0.128571,0,0,0,0.335714,0.471429,4,1,3.16429,0.097973,1,2.99662,0.442568,0.660491,0
0.0303777,0.00492611,0.0574713,0,0,0,0.439245,0.46798,4,1,3.42611,0.0289969,1,3.27116,0.385319,0.549785,0
0.002693,0.000897666,0.0861759,0,0,0,0.438959,0.471275,4,1,3.25494,0.0218487,1,3.0479,0.386835,0.513784,0
0,0,0.207386,0,0,0,0.383523,0.409091,4,1,2.6392,0.0188235,1,2.18824,0.510588,0.431079,0
0.00353357,0,0.14841,0,0,0,0.404594,0.443463,4,1,2.83216,0.0187207,1,2.50234,0.367135,0.472839,0
0,0.001386,0.0741511,0,0,0,0.452529,0.471933,4,1,3.22592,0.0162338,1,3.02338,0.387879,0.515385,0
0.0108401,0.00225836,0.0492322,0,0,0,0.461156,0.476513,4,1,3.4318,0.017301,1,3.28676,0.38466,0.526699,0
0.00695048,0.00260643,0.0807993,0,0,0,0.443962,0.465682,4,1,3.18071,0.0202429,1,2.96518,0.390013,0.515411,0
0.0145688,0.00291375,0.0524476,0,0,0,0.456294,0.473776,4,1,3.44056,0.022309,1,3.29336,0.385016,0.535132,0
0.0183824,0,0.143382,0,0,0,0.389706,0.448529,4,1,2.99632,0.0390879,1,2.65798,0.375679,0.51166,0
0.0229592,0.00127551,0.0854592,0,0,0,0.431122,0.459184,4,1,3.24235,0.027381,1,3.02738,0.386111,0.529519,0
0,0,0.333333,0,0,0,0.121212,0.545455,4,1,2.90909,0.205479,1,2.64384,0.447489,0.772727,0
0.0596026,0.0115894,0.0728477,0,0,0,0.403974,0.451987,4,1,3.36921,0.068038,1,3.22152,0.397152,0.609035,0
0,0,0.197492,0,0,0,0.373041,0.429467,4,1,2.74922,0.0265957,1,2.33511,0.358156,0.460485,0
0.0136054,0,0.133787,0,0,0,0.399093,0.453515,4,1,3.00227,0.0306748,1,2.70961,0.379686,0.503212,0
0.0016,0.0016,0.1216,0,0,0,0.4192,0.456,4,1,2.9616,0.0231548,1,2.68017,0.386879,0.494715,0
0.00621118,0.00207039,0.128364,0,0,0,0.405797,0.457557,4,1,3.08075,0.0318949,1,2.79362,0.380863,0.510559,0
0.0149942,0.00461361,0.0692042,0,0,0,0.439446,0.471742,4,1,3.39331,0.0348584,1,3.20588,0.377269,0.542416,0
0,0,0.266667,0,0,0,0.306667,0.426667,4,1,2.72,0.0869565,1,2.22826,0.333333,0.505098,0
0,0,0.247788,0,0,0,0.349558,0.402655,4,1,2.5885,0.0251799,1,2.10791,0.340528,0.424864,0
0.109504,0.00413223,0.0681818,0,0,0,0.369835,0.448347,4,1,3.29132,0.0790514,1,3.1502,0.408432,0.642844,0
0.00441501,0.00220751,0.116998,0,0,0,0.408389,0.467991,4,1,3.19868,0.0404858,1,2.93522,0.38529,0.537555,0
0,0,0.245,0,0,0,0.355,0.4,4,1,2.5725,0.0142857,1,2.10204,0.345578,0.407778,0
0,0.00253165,0.187342,0,0,0,0.387342,0.422785,4,1,2.69367,0.0194384,1,2.30022,0.37293,0.448064,0
0.0165826,0.00216294,0.0605624,0,0,0,0.446287,0.474405,4,1,3.44701,0.0254646,1,3.29112,0.381739,0.540036,0
0.046729,0.00934579,0.121495,0,0,0,0.336449,0.485981,4,1,3.14953,0.114035,1,2.96053,0.422515,0.6749,0
0.0043057,0.00215285,0.0871905,0,0,0,0.441335,0.465016,4,1,3.13348,0.0209581,1,2.90619,0.380572,0.511774,0
0.00566038,0.00141509,0.0542453,0,0,0,0.458491,0.480189,4,1,3.44623,0.0171403,1,3.2959,0.38731,0.522043,0
0.112583,0.00331126,0.102649,0,0,0,0.34106,0.440397,4,1,3.16887,0.0743034,1,2.96594,0.393189,0.613371,0
0,0.0015083,0.116139,0,0,0,0.423831,0.458522,4,1,3.06637,0.0233838,1,2.7978,0.376433,0.505491,0
0.0384615,0.00327332,0.0613748,0,0,0,0.432079,0.464812,4,1,3.41326,0.028147,1,3.26192,0.387282,0.553278,0
0.0424779,0.0106195,0.0707965,0,0,0,0.412389,0.463717,4,1,3.41416,0.0658784,1,3.26014,0.401464,0.614094,0
0,0,0.219858,0,0,0,0.35461,0.425532,4,1,2.70213,0.0470588,1,2.24706,0.343137,0.491563,0
0.0265418,0.00234192,0.0616706,0,0,0,0.440281,0.469165,4,1,3.42779,0.0290828,1,3.27517,0.390256,0.546851,0
0.0434783,0.0217391,0.195652,0,0,0,0.195652,0.543478,4,1,2.95652,0.215686,1,2.68627,0.464052,0.86087,0
0.020145,0.0016116,0.0757454,0,0,0,0.43755,0.464948,4,1,3.29734,0.0236101,1,3.11729,0.384108,0.523077,0
0,0.012987,0.194805,0,0,0,0.337662,0.454545,4,1,3.01299,0.111111,1,2.58889,0.366667,0.581419,0
0.0040404,0.0020202,0.0939394,0,0,0,0.437374,0.462626,4,1,3.12424,0.0196262,1,2.89159,0.38567,0.512109,0
0.00831025,0.00138504,0.108033,0,0,0,0.425208,0.457064,4,1,3.05817,0.022756,1,2.79267,0.382217,0.507046,0
0.0350877,0.00350877,0.071345,0,0,0,0.419883,0.470175,4,1,3.42105,0.039019,1,3.26198,0.388703,0.562322,0
0.0546875,0.0078125,0.113281,0,0,0,0.351562,0.472656,4,1,3.15625,0.113553,1,2.96337,0.394383,0.639706,0
0.00824742,0.00618557,0.113402,0,0,0,0.414433,0.457732,4,1,3.14227,0.0378072,1,2.8828,0.382483,0.527694,0
0,0,0.141115,0,0,0,0.416376,0.442509,4,1,2.84321,0.0184332,1,2.50845,0.357911,0.479071,0
0,0,0.347826,0,0,0,0.275362,0.376812,4,1,2.43478,0.0425532,1,1.79787,0.452128,0.40058,0
0.0104167,0.00173611,0.119792,0,0,0,0.411458,0.456597,4,1,3.09896,0.028436,1,2.82149,0.370195,0.51066,0
0.0537084,0.00895141,0.0780051,0,0,0,0.402813,0.456522,4,1,3.35933,0.0550122,1,3.21271,0.394458,0.575909,0
0.0143946,0.0042337,0.0635055,0,0,0,0.443692,0.474174,4,1,3.40813,0.0281577,1,3.23894,0.388576,0.535235,0
0.060241,0.0481928,0.114458,0,0,0,0.325301,0.451807,4,1,3,0.171429,1,2.85143,0.455238,0.779116,0
0,0,0.268657,0,0,0,0.323383,0.40796,4,1,2.58706,0.0283401,1,2.10931,0.345479,0.42202,0
0,0.00362976,0.114338,0,0,0,0.424682,0.45735,4,1,3.01815,0.0279605,1,2.73684,0.379934,0.505779,0
0.0307692,0,0.292308,0,0,0,0.246154,0.430769,4,1,2.69231,0.101266,1,2.22785,0.367089,0.506593,0
0.0177353,0.00545703,0.0927694,0,0,0,0.421555,0.462483,4,1,3.27422,0.0305732,1,3.0586,0.385987,0.533109,0
0.0031348,0.0015674,0.133229,0,0,0,0.412226,0.449843,4,1,2.88401,0.0211268,1,2.59296,0.382629,0.482933,0
0.00274725,0,0.164835,0,0,0,0.384615,0.447802,4,1,2.90934,0.0315534,1,2.57282,0.37055,0.49296,0
0.00822368,0.0060307,0.0542763,0,0,0,0.457785,0.473684,4,1,3.39583,0.0188383,1,3.24176,0.384964,0.523663,0
0.0290557,0.00242131,0.0613398,0,0,0,0.438257,0.468927,4,1,3.43664,0.0293436,1,3.2888,0.391763,0.548801,0
0,0,0.290323,0,0,0,0.311828,0.397849,4,1,2.54839,0.0508475,1,2.01695,0.327684,0.447742,0
0.049763,0.00236967,0.0971564,0,0,0,0.400474,0.450237,4,1,3.22986,0.0504386,1,2.99123,0.38962,0.56649,0
0.00591716,0.0236686,0.248521,0,0,0,0.207101,0.514793,4,1,3.01183,0.156425,1,2.84916,0.450652,0.730178,0
0.0216931,0.0031746,0.0507937,0,0,0,0.453968,0.47037,4,1,3.44762,0.0207805,1,3.30309,0.391451,0.5348,0
0.0154703,0,0.0612624,0,0,0,0.450495,0.472772,4,1,3.39233,0.0188457,1,3.22909,0.389085,0.528963,0
0.042677,0.00678952,0.0640155,0,0,0,0.42871,0.457808,4,1,3.39767,0.0333642,1,3.24745,0.389867,0.555225,0
0.027027,0.018018,0.171171,0,0,0,0.297297,0.486486,4,1,3.02703,0.130081,1,2.73984,0.384824,0.644144,0
0.00469484,0,0.295775,0,0,0,0.328638,0.370892,4,1,2.44601,0.0181818,1,1.89818,0.474545,0.383386,0
0.0189633,0.00505689,0.0922882,0,0,0,0.428571,0.45512,4,1,3.19595,0.0246769,1,2.9718,0.392871,0.51968,0
0.0214153,0.00558659,0.0623836,0,0,0,0.44041,0.470205,4,1,3.46182,0.0356189,1,3.31167,0.390324,0.55712,0
0.0300526,0.00601052,0.0488355,0,0,0,0.446281,0.46882,4,1,3.48084,0.0295815,1,3.34343,0.392977,0.556956,0
0.010425,0.00481155,0.0753809,0,0,0,0.443464,0.465918,4,1,3.25421,0.020362,1,3.06109,0.389392,0.521698,0
0,0,0.301818,0,0,0,0.341818,0.356364,4,1,2.40727,0.0107239,1,1.77748,0.422252,0.366345,0
0.0647482,0.0359712,0.172662,0,0,0,0.280576,0.446043,4,1,2.94964,0.155405,1,2.77703,0.466216,0.753797,0
0.0212766,0.0212766,0.0881459,0,0,0,0.389058,0.480243,4,1,3.25532,0.122093,1,3.11628,0.415698,0.689564,0
0.0555556,0.0147059,0.0718954,0,0,0,0.403595,0.454248,4,1,3.35784,0.0575428,1,3.19751,0.393986,0.596036,0
0.0133753,0.00314713,0.0731707,0,0,0,0.437451,0.472856,4,1,3.36192,0.0223048,1,3.1777,0.388104,0.523274,0
0.0617577,0,0.0807601,0,0,0,0.391924,0.465558,4,1,3.29216,0.0626398,1,3.10291,0.390753,0.596474,0
0.00700771,0.00280308,0.0700771,0,0,0,0.453399,0.466713,4,1,3.23055,0.0177866,1,3.03755,0.383619,0.515968,0
0.0381125,0.00362976,0.0598911,0,0,0,0.435572,0.462795,4,1,3.4755,0.0356832,1,3.3342,0.391355,0.567344,0
0,0.0138889,0.236111,0,0,0,0.319444,0.430556,4,1,2.65278,0.0909091,1,2.18182,0.348485,0.511285,0
0.0264211,0.00480384,0.0616493,0,0,0,0.439552,0.467574,4,1,3.44035,0.0306513,1,3.29349,0.396679,0.551198,0
0.0217391,0.00217391,0.0586957,0,0,0,0.447101,0.47029,4,1,3.39493,0.0241713,1,3.23619,0.38651,0.5401,0
0.0691004,0.00130378,0.0612777,0,0,0,0.40678,0.461538,4,1,3.3781,0.051186,1,3.23595,0.397836,0.597784,0
0.00684932,0.00513699,0.107877,0,0,0,0.421233,0.458904,4,1,3.14726,0.0298742,1,2.89151,0.3826,0.513007,0
0.0150033,0.00391389,0.0639269,0,0,0,0.448793,0.468363,4,1,3.35029,0.0204208,1,3.17884,0.385726,0.527417,0
0,0.0153846,0.246154,0,0,0,0.276923,0.461538,4,1,2.83077,0.103896,1,2.4026,0.350649,0.569231,0
0.0247813,0.0131195,0.0889213,0,0,0,0.419825,0.453353,4,1,3.27405,0.0383562,1,3.07808,0.39589,0.54678,0
0.002,0.002,0.15,0,0,0,0.404,0.442,4,1,2.838,0.0229277,1,2.50441,0.363904,0.478388,0
0,0,0.325203,0,0,0,0.329268,0.345528,4,1,2.36992,0.0120846,1,1.76435,0.44713,0.357054,0
0.0170316,0.00608273,0.080292,0,0,0,0.434307,0.462287,4,1,3.28467,0.0296465,1,3.07982,0.381984,0.535988,0
0.0277778,0.0138889,0.208333,0,0,0,0.319444,0.430556,4,1,2.77778,0.119048,1,2.39286,0.357143,0.607639,0
0.0641283,0.00200401,0.0741483,0,0,0,0.392786,0.466934,4,1,3.3988,0.0782443,1,3.23855,0.392494,0.620762,0
0.0205479,0.00684932,0.191781,0,0,0,0.349315,0.431507,4,1,2.90411,0.0650888,1,2.51479,0.353057,0.526206,0
0.0190476,0.00571429,0.100952,0,0,0,0.417143,0.457143,4,1,3.23619,0.0389381,1,3.00885,0.386431,0.537095,0
0.0231729,0.00356506,0.108734,0,0,0,0.397504,0.467023,4,1,3.30303,0.0415973,1,3.08486,0.39046,0.537923,0
0.0629371,0.0034965,0.104895,0,0,0,0.34965,0.479021,4,1,3.23427,0.116667,1,3.08667,0.428889,0.705544,0
0.00554236,0.00158353,0.0831354,0,0,0,0.441805,0.467934,4,1,3.17102,0.0177646,1,2.96521,0.391068,0.512416,0
0.03443,0.00459067,0.0573833,0,0,0,0.439174,0.464422,4,1,3.45371,0.0300146,1,3.30527,0.389458,0.550802,0
0.0364769,0.00177936,0.0578292,0,0,0,0.430605,0.47331,4,1,3.4653,0.0340715,1,3.31857,0.385576,0.556868,0
0.012945,0,0.142395,0,0,0,0.391586,0.453074,4,1,3.06149,0.0405797,1,2.74493,0.373913,0.52616,0
0.0140647,0.00281294,0.0576653,0,0,0,0.448664,0.476793,4,1,3.42897,0.0255548,1,3.27976,0.387133,0.541253,0
0.00585366,0.00292683,0.0995122,0,0,0,0.43122,0.460488,4,1,3.06634,0.0171326,1,2.83499,0.382928,0.508397,0
0.0547945,0.0164384,0.0561644,0,0,0,0.416438,0.456164,4,1,3.40548,0.0512484,1,3.26807,0.397722,0.604949,0
0.00223048,0.000743494,0.0817844,0,0,0,0.447584,0.467658,4,1,3.16357,0.0159611,1,2.9535,0.382142,0.510401,0
0.0366972,0.00917431,0.211009,0,0,0,0.293578,0.449541,4,1,2.90826,0.0806452,1,2.56452,0.392473,0.571254,0
0.0352113,0.00704225,0.102113,0,0,0,0.369718,0.485915,4,1,3.19366,0.0963455,1,3.01661,0.419712,0.657001,0
0,0,0.32,0,0,0,0.24,0.44,4,1,2.66,0.0952381,1,2.12698,0.31746,0.521538,0
0.100858,0.00214592,0.0858369,0,0,0,0.358369,0.45279,4,1,3.24249,0.0696721,1,3.09836,0.409153,0.632755,0
0.0639456,0.00272109,0.0639456,0,0,0,0.408163,0.461224,4,1,3.38503,0.0546164,1,3.23667,0.390117,0.591677,0
0,0.00336417,0.0908326,0,0,0,0.446594,0.459209,4,1,2.98234,0.0147401,1,2.75175,0.396949,0.500622,0
0.0351494,0.00351494,0.0931459,0,0,0,0.405975,0.462214,4,1,3.3058,0.0411862,1,3.10049,0.390994,0.552585,0
0,0,0.307087,0,0,0,0.314961,0.377953,4,1,2.48031,0.0301205,1,1.90361,0.307229,0.416919,0
0.0200669,0.00668896,0.062709,0,0,0,0.444816,0.465719,4,1,3.36371,0.023753,1,3.18606,0.387437,0.532259,0
0.0122324,0.00458716,0.100917,0,0,0,0.428135,0.454128,4,1,3.10398,0.026648,1,2.84853,0.385694,0.513528,0
0.0326797,0.0261438,0.101307,0,0,0,0.362745,0.477124,4,1,3.22222,0.115265,1,3.07477,0.426791,0.692375,0
0.0103595,0.00182815,0.0578915,0,0,0,0.453382,0.476539,4,1,3.45338,0.023865,1,3.29919,0.379123,0.537073,0
0,0.00196078,0.133333,0,0,0,0.417647,0.447059,4,1,2.88824,0.0244755,1,2.57692,0.376457,0.492536,0
0.0642857,0.0428571,0.142857,0,0,0,0.271429,0.478571,4,1,3,0.194631,1,2.8255,0.436242,0.762698,0
0.0154355,0.00220507,0.0771775,0,0,0,0.439912,0.46527,4,1,3.29989,0.0268595,1,3.09298,0.383953,0.531025,0
0.00431344,0,0.0754853,0,0,0,0.44716,0.473041,4,1,3.26168,0.0182556,1,3.06829,0.381564,0.517826,0
0.00489168,0.000698812,0.0768693,0,0,0,0.447939,0.469602,4,1,3.20825,0.0170046,1,3.00327,0.387835,0.511366,0
0.0380711,0.0101523,0.0989848,0,0,0,0.393401,0.459391,4,1,3.30711,0.064133,1,3.09739,0.395883,0.592499,0
0.0180723,0,0.0855422,0,0,0,0.431325,0.46506,4,1,3.2506,0.026936,1,3.02918,0.377478,0.527474,0
0,0,0.327586,0,0,0,0.321839,0.350575,4,1,2.39655,0.0170213,1,1.77872,0.438298,0.36612,0
0,0,0.382609,0,0,0,0.3,0.317391,4,1,2.26087,0.00917431,1,1.59327,0.425076,0.327387,0
0,0,0.151007,0,0,0,0.417785,0.431208,4,1,2.76342,0.0145985,1,2.40584,0.36253,0.460636,0
0.0169492,0.0169492,0.186441,0,0,0,0.305085,0.474576,4,1,2.91525,0.19403,1,2.58209,0.412935,0.709746,0
0,0,0.355556,0,0,0,0.3,0.344444,4,1,2.32222,0.0230769,1,1.61538,0.423077,0.360556,0
0.0422654,0.00169062,0.0625528,0,0,0,0.431107,0.462384,4,1,3.40406,0.0282258,1,3.24839,0.389785,0.549777,0
0.00876095,0,0.0663329,0,0,0,0.449312,0.475594,4,1,3.35607,0.0189573,1,3.17773,0.388231,0.51926,0
0.0178571,0.00714286,0.0738095,0,0,0,0.432143,0.469048,4,1,3.31667,0.0325843,1,3.13146,0.392135,0.538333,0
0.032316,0.00359066,0.0825853,0,0,0,0.400359,0.481149,4,1,3.37343,0.0545145,1,3.20273,0.396366,0.590545,0
0.0571429,0.00150376,0.075188,0,0,0,0.4,0.466165,4,1,3.36541,0.0500715,1,3.20315,0.387697,0.583016,0
0.00631912,0.00157978,0.0726698,0,0,0,0.452607,0.466825,4,1,3.20537,0.0177384,1,3,0.389012,0.519239,0
0.0298507,0.00149254,0.0835821,0,0,0,0.422388,0.462687,4,1,3.31791,0.0320781,1,3.10181,0.383078,0.54303,0
0,0,0.339286,0,0,0,0.3125,0.348214,4,1,2.39286,0.0261438,1,1.75817,0.424837,0.385453,0
0.0168856,0.00500313,0.054409,0,0,0,0.454034,0.469669,4,1,3.41964,0.0244922,1,3.26702,0.389088,0.537027,0
0.0454545,0.0227273,0.25,0,0,0,0.113636,0.568182,4,1,2.88636,0.244898,1,2.61224,0.496599,0.868182,0
0.00705467,0,0.109347,0,0,0,0.419753,0.463845,4,1,3.13757,0.0290323,1,2.87097,0.372581,0.519783,0
0.0408805,0.00314465,0.128931,0,0,0,0.36478,0.462264,4,1,3.19182,0.0641399,1,2.9621,0.391642,0.574717,0
0,0,0.187793,0,0,0,0.380282,0.431925,4,1,2.81221,0.04,1,2.4,0.344,0.491943,0
0.00166945,0.00166945,0.156928,0,0,0,0.409015,0.430718,4,1,2.7429,0.014556,1,2.39301,0.368753,0.454526,0
0,0,0.230769,0,0,0,0.330769,0.438462,4,1,2.81538,0.0580645,1,2.36774,0.365591,0.497846,0
0,0,0.2,0,0,0,0.379592,0.420408,4,1,2.67755,0.0309278,1,2.25773,0.352806,0.448713,0
0.0091135,0.0024855,0.0687655,0,0,0,0.451533,0.468103,4,1,3.33471,0.0210608,1,3.14041,0.381435,0.52728,0
0.103131,0.0110497,0.0607735,0,0,0,0.383057,0.441989,4,1,3.32044,0.0742049,1,3.18728,0.405183,0.641364,0
0.019084,0,0.112595,0,0,0,0.406489,0.461832,4,1,3.18321,0.0350877,1,2.92807,0.380702,0.524851,0
0.0249042,0.0191571,0.0651341,0,0,0,0.425287,0.465517,4,1,3.3908,0.0637523,1,3.22587,0.392228,0.605009,0
0,0,0.314159,0,0,0,0.318584,0.367257,4,1,2.4292,0.0171233,1,1.88356,0.323059,0.386565,0
0,0,0.247368,0,0,0,0.347368,0.405263,4,1,2.6,0.0299145,1,2.11538,0.337607,0.431459,0
0,0,0.155624,0,0,0,0.412943,0.431433,4,1,2.76271,0.0147453,1,2.40483,0.364611,0.458961,0
0.00560224,0.00280112,0.085901,0,0,0,0.438842,0.466853,4,1,3.19795,0.0226678,1,2.98692,0.391456,0.515431,0
0,0,0.205882,0,0,0,0.388655,0.405462,4,1,2.62395,0.0139616,1,2.1815,0.346713,0.42045,0
0.0207254,0.00518135,0.243523,0,0,0,0.202073,0.528497,4,1,3.03627,0.152709,1,2.89163,0.456486,0.751295,0
0.0185067,0.00446713,0.0523293,0,0,0,0.451181,0.473516,4,1,3.47862,0.0263642,1,3.34273,0.391784,0.542877,0
0.00689655,0.00137931,0.106207,0,0,0,0.426207,0.45931,4,1,3.08138,0.0239899,1,2.82197,0.382997,0.504848,0
0,0,0.269231,0,0,0,0.230769,0.5,4,1,2.75,0.189655,1,2.48276,0.442529,0.782051,0
0,0.0045977,0.236782,0,0,0,0.363218,0.395402,4,1,2.56552,0.0131332,1,2.09568,0.346467,0.407108,0
0.0897666,0.005386,0.075404,0,0,0,0.38061,0.448833,4,1,3.31059,0.0651801,1,3.16467,0.40709,0.622911,0
0.0258493,0.00221566,0.0598227,0,0,0,0.442393,0.469719,4,1,3.38479,0.0245959,1,3.22136,0.390724,0.538694,0
0.0217755,0.00167504,0.0904523,0,0,0,0.420436,0.465662,4,1,3.31993,0.0390625,1,3.09844,0.381771,0.546765,0
0.00438276,0,0.0759679,0,0,0,0.451424,0.468225,4,1,3.23009,0.017796,1,3.02738,0.386265,0.515586,0
0.00966184,0.00772947,0.0753623,0,0,0,0.445411,0.461836,4,1,3.2628,0.0235721,1,3.06256,0.386824,0.52782,0
0.021164,0.00396825,0.10582,0,0,0,0.414021,0.455026,4,1,3.1455,0.0257353,1,2.91544,0.388889,0.514705,0
0.0213058,0.00549828,0.0570447,0,0,0,0.44811,0.468041,4,1,3.41443,0.0229358,1,3.25623,0.387942,0.537747,0
0.00573614,0,0.114723,0,0,0,0.42065,0.458891,4,1,3.08987,0.0277296,1,2.80243,0.382438,0.508746,0
0,0,0.295775,0,0,0,0.330986,0.373239,4,1,2.45775,0.013624,1,1.90463,0.306994,0.380451,0
0.017284,0.00658436,0.0625514,0,0,0,0.441152,0.472428,4,1,3.43786,0.0298977,1,3.28718,0.390244,0.545547,0
0.0959752,0.00619195,0.0990712,0,0,0,0.362229,0.436532,4,1,3.21053,0.0784884,1,3.01744,0.402132,0.625682,0
0.00297177,0.00148588,0.0980683,0,0,0,0.421991,0.475483,4,1,3.25706,0.0316804,1,3.02066,0.381543,0.530853,0
0.0335196,0.0111732,0.0656425,0,0,0,0.412011,0.477654,4,1,3.38687,0.0522788,1,3.25201,0.397676,0.602747,0
0,0,0.388393,0,0,0,0.294643,0.316964,4,1,2.25,0.00943396,1,1.58805,0.41195,0.326368,0
0.0656814,0.00492611,0.0853859,0,0,0,0.389163,0.454844,4,1,3.3399,0.0596546,1,3.19466,0.405024,0.600692,0
0,0.047619,0.214286,0,0,0,0.285714,0.452381,4,1,2.78571,0.14,1,2.36,0.346667,0.64881,0
0.00877193,0,0.223684,0,0,0,0.359649,0.407895,4,1,2.63158,0.0254545,1,2.18545,0.351515,0.437383,0
0.0488323,0.0106157,0.0785563,0,0,0,0.399151,0.462845,4,1,3.3397,0.0662651,1,3.16064,0.392905,0.604702,0
0,0,0.206278,0,0,0,0.358744,0.434978,4,1,2.75785,0.0384615,1,2.36923,0.358974,0.479336,0
0.0197044,0.00738916,0.091133,0,0,0,0.403941,0.477833,4,1,3.36207,0.0696056,1,3.16937,0.390565,0.595172,0
0,0.00325733,0.162866,0,0,0,0.394137,0.439739,4,1,2.82085,0.02849,1,2.47009,0.551282,0.482677,0
0.0365854,0.0121951,0.189024,0,0,0,0.335366,0.426829,4,1,2.78659,0.0473684,1,2.41053,0.37193,0.512664,0
0.0578778,0.022508,0.0836013,0,0,0,0.37299,0.463023,4,1,3.24116,0.101227,1,3.09509,0.4182,0.693891,0
0.0203762,0.0015674,0.0697492,0,0,0,0.442006,0.466301,4,1,3.33777,0.022997,1,3.16024,0.386746,0.528006,0
0.0111111,0.00833333,0.147222,0,0,0,0.383333,0.45,4,1,3.01667,0.035,1,2.7175,0.3825,0.512292,0
0.0197006,0.00551615,0.0646178,0,0,0,0.443656,0.466509,4,1,3.36564,0.0216418,1,3.18806,0.387313,0.529973,0
0.0246914,0.0123457,0.148148,0,0,0,0.339506,0.475309,4,1,3.14815,0.12,1,2.92,0.434286,0.650997,0
0.0034626,0.00207756,0.0720222,0,0,0,0.450831,0.471607,4,1,3.27909,0.0182648,1,3.08937,0.384431,0.51883,0
0.011713,0.00219619,0.0578331,0,0,0,0.449488,0.47877,4,1,3.46779,0.0251397,1,3.30866,0.388501,0.544101,0
0.00168776,0.00506329,0.0810127,0,0,0,0.443882,0.468354,4,1,3.24557,0.0206186,1,3.05075,0.387787,0.513091,0
0,0,0.234694,0,0,0,0.367347,0.397959,4,1,2.59694,0.0145228,1,2.11411,0.335408,0.411395,0
0.0414201,0.00591716,0.153846,0,0,0,0.337278,0.461538,4,1,3.02367,0.0909091,1,2.73797,0.385027,0.583826,0
0.0186047,0.00620155,0.0573643,0,0,0,0.448062,0.469767,4,1,3.45814,0.0266075,1,3.29786,0.384824,0.539806,0
0.00581734,0.00116347,0.0645724,0,0,0,0.456079,0.472368,4,1,3.34846,0.0176991,1,3.18418,0.390487,0.526018,0
0.125683,0.00910747,0.0673953,0,0,0,0.364299,0.433515,4,1,3.27505,0.0699301,1,3.1451,0.407925,0.642354,0
0.0103917,0.0039968,0.0639488,0,0,0,0.446843,0.47482,4,1,3.3789,0.025076,1,3.21277,0.384752,0.535116,0
0.0243902,0.0365854,0.182927,0,0,0,0.304878,0.451219,4,1,2.87805,0.188889,1,2.63333,0.433333,0.733232,0
0.0833333,0.0116279,0.0794574,0,0,0,0.393411,0.432171,4,1,3.27713,0.0685185,1,3.13333,0.408025,0.621285,0
0.0087073,0.000669792,0.070998,0,0,0,0.448091,0.471534,4,1,3.26859,0.0163831,1,3.07561,0.381853,0.517336,0
0.022792,0.002849,0.125356,0,0,0,0.390313,0.458689,4,1,3.16239,0.0493506,1,2.88571,0.379221,0.544998,0
0.00927152,0.0013245,0.0596026,0,0,0,0.45298,0.476821,4,1,3.40927,0.020794,1,3.24449,0.390674,0.530343,0
0,0.00313972,0.11146,0,0,0,0.430141,0.455259,4,1,3.00314,0.022792,1,2.7265,0.381766,0.500954,0
0.00220751,0.00220751,0.172185,0,0,0,0.397351,0.426049,4,1,2.72406,0.0209524,1,2.35238,0.368889,0.453612,0
0.0453216,0.00438596,0.0730994,0,0,0,0.409357,0.467836,4,1,3.39766,0.051532,1,3.23816,0.396007,0.583978,0
0.0167464,0.00478469,0.107656,0,0,0,0.411483,0.45933,4,1,3.16507,0.0440529,1,2.9163,0.375184,0.544059,0
0.02998,0.000666223,0.0546302,0,0,0,0.441706,0.473018,4,1,3.49367,0.0287908,1,3.35573,0.388569,0.54757,0
0.0362401,0.00453001,0.0781427,0,0,0,0.423556,0.457531,4,1,3.31823,0.0287234,1,3.11809,0.390426,0.539469,0
0.00709639,0.00236546,0.0555884,0,0,0,0.456535,0.478415,4,1,3.42756,0.0214811,1,3.27699,0.383079,0.53298,0
0.00784929,0,0.0784929,0,0,0,0.445055,0.468603,4,1,3.20879,0.0168869,1,3.0022,0.389623,0.514967,0
0.0129412,0.00235294,0.0623529,0,0,0,0.452353,0.47,4,1,3.33647,0.0172702,1,3.16045,0.389786,0.521709,0
0.0552147,0.00204499,0.0777096,0,0,0,0.398773,0.466258,4,1,3.35378,0.0719844,1,3.19261,0.397536,0.61317,0
0.0394922,0.00705219,0.077574,0,0,0,0.417489,0.458392,4,1,3.32722,0.0371353,1,3.12997,0.38992,0.550509,0
0.0221106,0.0040201,0.0643216,0,0,0,0.438191,0.471357,4,1,3.44925,0.0315488,1,3.28203,0.381772,0.550813,0
0.0259481,0.00898204,0.0628743,0,0,0,0.43513,0.467066,4,1,3.43413,0.0372849,1,3.29063,0.390057,0.566685,0
0.00535475,0.00535475,0.100402,0,0,0,0.435074,0.453815,4,1,3.02811,0.0233129,1,2.77669,0.386503,0.506162,0
0,0,0.158228,0,0,0,0.408228,0.433544,4,1,2.76582,0.0165289,1,2.40909,0.368687,0.456571,0
0.0109375,0.003125,0.109375,0,0,0,0.420312,0.45625,4,1,3.08594,0.0271429,1,2.82286,0.378095,0.508802,0
0.0305085,0.00169492,0.0567797,0,0,0,0.438983,0.472034,4,1,3.49153,0.0357724,1,3.35041,0.389431,0.557814,0
0,0.0769231,0.230769,0,0,0,0.179487,0.512821,4,1,2.74359,0.204545,1,2.45455,0.462121,0.830769,0
0.00101523,0.00203046,0.0994924,0,0,0,0.435533,0.461929,4,1,3.05482,0.0177404,1,2.81046,0.383442,0.501145,0
0.0461538,0.0769231,0.2,0,0,0,0.230769,0.446154,4,1,2.76923,0.164384,1,2.47945,0.406393,0.701923,0
0,0,0.371859,0,0,0,0.306533,0.321608,4,1,2.26633,0.0105634,1,1.59155,0.408451,0.333195,0
0.00946143,0.00363901,0.0669578,0,0,0,0.449054,0.470888,4,1,3.33479,0.0185822,1,3.15416,0.391145,0.52609,0
0,0,0.239766,0,0,0,0.359649,0.400585,4,1,2.57018,0.0166667,1,2.09524,0.334127,0.414905,0
0.0609137,0.0152284,0.167513,0,0,0,0.299492,0.456853,4,1,3.01523,0.084507,1,2.79343,0.405321,0.618338,0
0,0,0.328244,0,0,0,0.305344,0.366412,4,1,2.39695,0.0225989,1,1.77966,0.303202,0.373714,0
0,0,0.260163,0,0,0,0.325203,0.414634,4,1,2.60976,0.0460526,1,2.11842,0.337719,0.450799,0
0,0,0.363636,0,0,0,0.151515,0.484848,4,1,2.72727,0.142857,1,2.16667,0.34127,0.558923,0
0.00277008,0.00138504,0.101108,0,0,0,0.433518,0.461219,4,1,3.08033,0.0266836,1,2.82719,0.382889,0.510036,0
0.00990099,0,0.0634828,0,0,0,0.451951,0.474665,4,1,3.33489,0.0176698,1,3.16234,0.385975,0.522801,0
0.0196078,0.00217865,0.0610022,0,0,0,0.436819,0.480392,4,1,3.45861,0.0406674,1,3.31178,0.394508,0.574366,0
0.00828157,0.00414079,0.0869565,0,0,0,0.414079,0.486542,4,1,3.3354,0.0605469,1,3.14844,0.388672,0.591204,0
0.0181976,0.00433276,0.0701906,0,0,0,0.442808,0.464471,4,1,3.31196,0.0236735,1,3.12082,0.385034,0.525545,0
0.0152722,0.00199203,0.059761,0,0,0,0.448871,0.474104,4,1,3.39575,0.0214646,1,3.22917,0.382997,0.529285,0
0,0,0.34,0,0,0,0.26,0.4,4,1,2.42,0.0588235,1,1.79412,0.448529,0.421111,0
0.0130902,0.00187003,0.0500234,0,0,0,0.460028,0.474988,4,1,3.44787,0.0170098,1,3.3017,0.387198,0.529672,0
0.00124688,0.00124688,0.110973,0,0,0,0.432668,0.453865,4,1,2.94763,0.0204082,1,2.68141,0.380574,0.496898,0
0.0865007,0.00524246,0.0642202,0,0,0,0.393185,0.450852,4,1,3.37615,0.048995,1,3.23744,0.394472,0.600342,0
0.028151,0.00127959,0.0537428,0,0,0,0.445937,0.470889,4,1,3.46897,0.0238824,1,3.32088,0.387834,0.543543,0
0.0105263,0,0.226316,0,0,0,0.352632,0.410526,4,1,2.63158,0.0349345,1,2.18777,0.521834,0.441296,0
0.00787402,0,0.173228,0,0,0,0.374016,0.444882,4,1,2.92126,0.0412371,1,2.55326,0.355097,0.509576,0
0.00539707,0.00154202,0.074017,0,0,0,0.451041,0.468003,4,1,3.18119,0.0172911,1,2.97334,0.384486,0.517382,0
0.0143043,0.0117035,0.0637191,0,0,0,0.436931,0.473342,4,1,3.43173,0.0445545,1,3.26733,0.387376,0.566937,0
0.0773067,0.00498753,0.0997506,0,0,0,0.361596,0.456359,4,1,3.2394,0.0608899,1,3.0445,0.406713,0.591886,0
0.0660377,0,0.0727763,0,0,0,0.40027,0.460916,4,1,3.38679,0.0451031,1,3.23969,0.400344,0.592318,0
0.0258427,0.00224719,0.0865169,0,0,0,0.426966,0.458427,4,1,3.26517,0.0294737,1,3.06,0.39193,0.52839,0
0.0239521,0,0.179641,0,0,0,0.359281,0.437126,4,1,2.87425,0.0572917,1,2.50521,0.369792,0.518084,0
0.0101614,0,0.0651524,0,0,0,0.449492,0.475194,4,1,3.34728,0.0169779,1,3.16978,0.385399,0.52073,0
0.0112994,0.00338983,0.0949153,0,0,0,0.428249,0.462147,4,1,3.14463,0.0230366,1,2.91518,0.394415,0.512591,0
0.00896861,0.00896861,0.130045,0,0,0,0.394619,0.457399,4,1,3.08969,0.0685484,1,2.78226,0.385753,0.550314,0
0.018393,0.00580833,0.070668,0,0,0,0.441433,0.463698,4,1,3.32914,0.0255474,1,3.13869,0.390207,0.531216,0
0.0213392,0.00294334,0.0603385,0,0,0,0.446652,0.468727,4,1,3.3738,0.0244755,1,3.20699,0.386946,0.538486,0
0.0212355,0.00579151,0.0791506,0,0,0,0.425676,0.468147,4,1,3.35811,0.0274725,1,3.18681,0.385226,0.536852,0
0.0285714,0.0010582,0.0857143,0,0,0,0.421164,0.463492,4,1,3.31429,0.0268657,1,3.11741,0.385406,0.531746,0
0.0670498,0.00191571,0.0823755,0,0,0,0.385057,0.463602,4,1,3.33716,0.0656934,1,3.18066,0.416667,0.60809,0
0,0,0.4,0,0,0,0.2,0.4,4,1,2.46667,0.0847458,1,1.89831,0.327684,0.480952,0
0.0274725,0.0384615,0.197802,0,0,0,0.236264,0.5,4,1,2.95055,0.140625,1,2.80208,0.470486,0.743407,0
0.0674603,0.0198413,0.115079,0,0,0,0.333333,0.464286,4,1,3.15079,0.105263,1,2.98872,0.428571,0.686224,0
0.0318949,0.00375235,0.0750469,0,0,0,0.410882,0.478424,4,1,3.42402,0.0642857,1,3.26071,0.396429,0.613092,0
0.0846906,0.00651466,0.0977199,0,0,0,0.345277,0.465798,4,1,3.1987,0.0892308,1,3.02462,0.426667,0.64857,0
0,0,0.113855,0,0,0,0.432099,0.454047,4,1,2.96571,0.0210918,1,2.68362,0.372622,0.497408,0
0.00670241,0.00268097,0.0991957,0,0,0,0.432976,0.458445,4,1,3.08713,0.0233702,1,2.83395,0.377204,0.510184,0
0.0699301,0,0.167832,0,0,0,0.286713,0.475524,4,1,3.04895,0.11465,1,2.78344,0.403397,0.624376,0
0.0239268,0.00140746,0.0661506,0,0,0,0.441239,0.467277,4,1,3.37931,0.0221031,1,3.21701,0.384907,0.531922,0
0,0,0.305195,0,0,0,0.318182,0.376623,4,1,2.48052,0.025,1,1.915,0.311667,0.403303,0
0.0769231,0.010989,0.21978,0,0,0,0.230769,0.461538,4,1,2.93407,0.107843,1,2.62745,0.408497,0.627373,0
0.00806452,0.00107527,0.0607527,0,0,0,0.454301,0.475806,4,1,3.37258,0.0168625,1,3.20593,0.384091,0.522614,0
0,0,0.188889,0,0,0,0.377778,0.433333,4,1,2.75278,0.0239234,1,2.37321,0.358054,0.460536,0
0.0334572,0.0148699,0.100372,0,0,0,0.36803,0.483271,4,1,3.20446,0.116197,1,3.03873,0.409624,0.683024,0
0.0102041,0.193878,0.193878,0,0,0,0.183673,0.418367,4,1,2.67347,0.173077,1,2.52885,0.509615,0.845238,0
0.012087,0.00322321,0.0676873,0,0,0,0.450443,0.466559,4,1,3.32796,0.0212766,1,3.13906,0.378166,0.526124,0
0.00228833,0,0.104119,0,0,0,0.430206,0.463387,4,1,3.08581,0.019958,1,2.83403,0.395308,0.505398,0
0.011396,0.0014245,0.0705128,0,0,0,0.445157,0.47151,4,1,3.30199,0.0187919,1,3.11208,0.391051,0.521989,0
0.020934,0.000536769,0.0547504,0,0,0,0.449275,0.474503,4,1,3.45303,0.0200514,1,3.30797,0.387318,0.533142,0
0,0.00340136,0.132653,0,0,0,0.421769,0.442177,4,1,2.85204,0.0181269,1,2.53474,0.375126,0.481545,0
0.11583,0,0.111969,0,0,0,0.339768,0.432432,4,1,3.15444,0.0785714,1,2.92143,0.396429,0.615187,0
0.00522193,0.00261097,0.140992,0,0,0,0.402089,0.449086,4,1,2.96606,0.032634,1,2.65035,0.370629,0.50403,0
0.0952381,0.012987,0.0865801,0,0,0,0.357143,0.448052,4,1,3.21645,0.0788382,1,3.08506,0.427386,0.655195,0
0.0302198,0.0018315,0.0677656,0,0,0,0.43315,0.467033,4,1,3.37912,0.0278503,1,3.21236,0.387293,0.542044,0
0.022963,0.00444444,0.0637037,0,0,0,0.439259,0.46963,4,1,3.44,0.0276596,1,3.29433,0.38818,0.544074,0
0.0641026,0.00854701,0.119658,0,0,0,0.354701,0.452991,4,1,3.13675,0.0750988,1,2.90514,0.395257,0.61516,0
0,0.00125,0.12125,0,0,0,0.42875,0.44875,4,1,2.87625,0.0157303,1,2.58652,0.374532,0.482417,0
0.124122,0.00702576,0.0772834,0,0,0,0.358314,0.433255,4,1,3.22248,0.0691964,1,3.07366,0.427083,0.644809,0
0,0.0165289,0.256198,0,0,0,0.22314,0.504132,4,1,2.98347,0.145038,1,2.76336,0.427481,0.692562,0
0.00394477,0.00394477,0.120316,0,0,0,0.418146,0.453649,4,1,2.99803,0.0284698,1,2.70641,0.392645,0.503102,0
0,0,0.186246,0,0,0,0.389685,0.424069,4,1,2.72779,0.0219512,1,2.32439,0.354472,0.455212,0
0.0197842,0.00134892,0.0490108,0,0,0,0.455935,0.473921,4,1,3.44424,0.0168248,1,3.305,0.392148,0.531097,0
0.0105541,0.00329815,0.0639842,0,0,0,0.448549,0.473615,4,1,3.40831,0.0213568,1,3.24623,0.390285,0.529675,0
0.00634115,0.00190235,0.0684845,0,0,0,0.450222,0.47305,4,1,3.31833,0.0173965,1,3.13977,0.385123,0.51946,0
0.0119966,0.00771208,0.0702656,0,0,0,0.443873,0.466153,4,1,3.29649,0.0234818,1,3.11579,0.390553,0.528139,0
0.00686499,0.00228833,0.085431,0,0,0,0.440122,0.465294,4,1,3.13883,0.0156361,1,2.92537,0.390429,0.510115,0
0.0248262,0.00893744,0.0734856,0,0,0,0.424032,0.468719,4,1,3.3853,0.036156,1,3.24453,0.399937,0.562336,0
0.0042735,0,0.299145,0,0,0,0.333333,0.363248,4,1,2.44872,0.0165017,1,1.89439,0.485149,0.384677,0
0.0652174,0,0.16087,0,0,0,0.330435,0.443478,4,1,3.02174,0.0507812,1,2.71875,0.388021,0.543813,0
0,0,0.211864,0,0,0,0.383475,0.404661,4,1,2.61653,0.0140598,1,2.17223,0.345636,0.423401,0
0.0112693,0.00059312,0.059312,0,0,0,0.453144,0.475682,4,1,3.4051,0.0180587,1,3.24041,0.382995,0.528139,0
0.0236407,0.00472813,0.0992908,0,0,0,0.41844,0.453901,4,1,3.18676,0.0411255,1,2.91991,0.377345,0.536158,0
0,0,0.144928,0,0,0,0.410628,0.444444,4,1,2.8913,0.0277778,1,2.55983,0.372507,0.494543,0
0.00332502,0.00249377,0.0731505,0,0,0,0.446384,0.474647,4,1,3.33832,0.0227273,1,3.14812,0.3814,0.522347,0
0.0243902,0.0121951,0.146341,0,0,0,0.353659,0.463415,4,1,3.06707,0.0828729,1,2.78453,0.39779,0.611549,0
0.0415879,0.00756144,0.0595463,0,0,0,0.427221,0.464083,4,1,3.43667,0.0361991,1,3.2914,0.396078,0.562201,0
0.00787402,0.00551181,0.0677165,0,0,0,0.450394,0.468504,4,1,3.33543,0.0237918,1,3.15019,0.384634,0.524441,0
0.0679825,0.00438596,0.0964912,0,0,0,0.370614,0.460526,4,1,3.29825,0.06639,1,3.12241,0.403181,0.602817,0
0.00924499,0.00231125,0.0616333,0,0,0,0.450693,0.476117,4,1,3.42373,0.0256786,1,3.26119,0.390316,0.539931,0
0.00175439,0.000877193,0.0921053,0,0,0,0.439474,0.465789,4,1,3.10263,0.0153971,1,2.8671,0.386008,0.50699,0
0.0550162,0.00970874,0.119741,0,0,0,0.36246,0.453074,4,1,3.17152,0.0690691,1,2.94595,0.401401,0.582389,0
0.00892857,0,0.232143,0,0,0,0.3125,0.446429,4,1,2.83036,0.0681818,1,2.40909,0.361111,0.520536,0
0.0361146,0.00747198,0.0821918,0,0,0,0.417186,0.457036,4,1,3.35367,0.0317274,1,3.16569,0.385037,0.546389,0
0.0898204,0.00898204,0.0898204,0,0,0,0.371257,0.44012,4,1,3.21257,0.0728291,1,3.0084,0.392157,0.605571,0
0,0,0.307692,0,0,0,0.285714,0.406593,4,1,2.52747,0.0521739,1,2.0087,0.330435,0.445513,0
0.0354523,0.00855746,0.0696822,0,0,0,0.429095,0.457213,4,1,3.36308,0.0369942,1,3.1815,0.383815,0.554544,0
0,0.037037,0.222222,0,0,0,0.259259,0.481481,4,1,2.77778,0.25,1,2.375,0.5625,0.755556,0
0.00378788,0,0.162879,0,0,0,0.403409,0.429924,4,1,2.75758,0.0181219,1,2.40033,0.534596,0.462529,0
0.0376712,0.0022831,0.0684932,0,0,0,0.420091,0.471461,4,1,3.4258,0.037037,1,3.27015,0.395062,0.569934,0
0,0,0.306338,0,0,0,0.327465,0.366197,4,1,2.44014,0.0136612,1,1.89617,0.307832,0.378263,0
0.111111,0,0.166667,0,0,0,0.222222,0.5,4,1,2.94444,0.219512,1,2.60976,0.406504,0.794444,0
0.0101713,0.00107066,0.0615632,0,0,0,0.451285,0.47591,4,1,3.38062,0.0178389,1,3.21916,0.3877,0.524084,0
0.0512821,0.025641,0.282051,0,0,0,0.205128,0.435897,4,1,2.69231,0.170213,1,2.25532,0.368794,0.608974,0
0.0675,0.01,0.05875,0,0,0,0.41,0.45375,4,1,3.39375,0.0467066,1,3.25269,0.401996,0.591357,0
0.0492228,0.00777202,0.0932643,0,0,0,0.365285,0.484456,4,1,3.23834,0.08933,1,3.10422,0.42349,0.677385,0
0,0,0.121472,0,0,0,0.430675,0.447853,4,1,2.87607,0.0142544,1,2.57127,0.377924,0.481374,0
0.0774194,0.0580645,0.154839,0,0,0,0.277419,0.432258,4,1,3.05806,0.168675,1,2.86145,0.453815,0.702053,0
0.0439414,0.0106525,0.0785619,0,0,0,0.400799,0.466045,4,1,3.36218,0.0523627,1,3.22605,0.40911,0.591961,0
0,0.00473485,0.092803,0,0,0,0.440341,0.462121,4,1,3.08996,0.0174978,1,2.85564,0.389618,0.507587,0
0.0107692,0.00923077,0.0984615,0,0,0,0.427692,0.453846,4,1,3.10769,0.0253879,1,2.85049,0.380348,0.514029,0
0.0206649,0,0.0763702,0,0,0,0.436658,0.466307,4,1,3.31986,0.0245347,1,3.1269,0.384659,0.529734,0
0.00868056,0.00173611,0.116319,0,0,0,0.418403,0.454861,4,1,3.05903,0.0236593,1,2.78076,0.376446,0.506795,0
0.0122494,0.00167038,0.0606904,0,0,0,0.452116,0.473274,4,1,3.41091,0.0180276,1,3.24867,0.290164,0.526639,0
0.00512492,0,0.0685458,0,0,0,0.450352,0.475977,4,1,3.32543,0.0187879,1,3.14667,0.383434,0.519704,0
0.0020202,0.0020202,0.151515,0,0,0,0.406061,0.438384,4,1,2.83636,0.019573,1,2.5,0.374259,0.482376,0
0,0.00190114,0.0893536,0,0,0,0.443916,0.464829,4,1,3.12167,0.0175902,1,2.88918,0.382293,0.511631,0
0.0205761,0.00411523,0.17284,0,0,0,0.358025,0.444444,4,1,2.92593,0.0507246,1,2.57971,0.374396,0.517396,0
0.0260047,0.000788022,0.0661939,0,0,0,0.440504,0.466509,4,1,3.38928,0.0239163,1,3.21525,0.38565,0.536986,0
0,0,0.214286,0,0,0,0.267857,0.517857,4,1,3,0.138462,1,2.6,0.394872,0.670635,0
0.00482315,0,0.144695,0,0,0,0.411576,0.438907,4,1,2.83441,0.0184397,1,2.50213,0.374941,0.474063,0
0.0176018,0.00220022,0.0550055,0,0,0,0.452695,0.472497,4,1,3.44719,0.0210748,1,3.30242,0.38602,0.533533,0
0,0,0.227273,0,0,0,0.331169,0.441558,4,1,2.75974,0.0494506,1,2.34066,0.349817,0.486317,0
0,0,0.258152,0,0,0,0.355978,0.38587,4,1,2.52717,0.012987,1,2.01515,0.334055,0.39726,0
0.0373945,0.00603136,0.0711701,0,0,0,0.416164,0.46924,4,1,3.44511,0.0415225,1,3.29527,0.397924,0.572726,0
0.0379747,0.0189873,0.158228,0,0,0,0.316456,0.468354,4,1,3.05063,0.109827,1,2.79191,0.575145,0.623207,0
0.0206044,0.00412088,0.0576923,0,0,0,0.447802,0.46978,4,1,3.42788,0.0235756,1,3.26916,0.386815,0.534834,0
0.0545455,0,0.227273,0,0,0,0.254545,0.463636,4,1,2.92727,0.104839,1,2.60484,0.556452,0.590909,0
0.0153846,0.0025641,0.0623932,0,0,0,0.44188,0.477778,4,1,3.47949,0.0310711,1,3.32952,0.389207,0.552814,0
0.00125313,0.00250627,0.0758145,0,0,0,0.449248,0.471178,4,1,3.19987,0.0153302,1,3.01179,0.387186,0.512274,0
0.00251467,0.00167645,0.0846605,0,0,0,0.447611,0.463537,4,1,3.10813,0.0170807,1,2.87966,0.380952,0.508387,0
0.026087,0.00248447,0.0869565,0,0,0,0.427329,0.457143,4,1,3.21491,0.0278422,1,3.00348,0.385924,0.53159,0
0.0111607,0.00223214,0.0691964,0,0,0,0.441964,0.475446,4,1,3.41443,0.0254958,1,3.25071,0.384089,0.532935,0
0.0105263,0.00350877,0.101754,0,0,0,0.424561,0.459649,4,1,3.14386,0.0289855,1,2.88728,0.388084,0.51978,0
0.0332779,0,0.0948419,0,0,0,0.400998,0.470882,4,1,3.32446,0.0521327,1,3.15798,0.395471,0.574875,0
0.00546448,0,0.125683,0,0,0,0.39071,0.478142,4,1,3.2623,0.0558376,1,3.03299,0.397631,0.559621,0
0.100671,0.0402685,0.161074,0,0,0,0.268456,0.42953,4,1,3.01342,0.15,1,2.8125,0.433333,0.687614,0
0.0355987,0.00647249,0.12945,0,0,0,0.378641,0.449838,4,1,3.11327,0.0471976,1,2.84071,0.391347,0.547033,0
0.049459,0.0015456,0.0695518,0,0,0,0.408037,0.471406,4,1,3.38331,0.05613,1,3.23486,0.399311,0.597269,0
0.0849057,0.0660377,0.132075,0,0,0,0.264151,0.45283,4,1,2.92453,0.175439,1,2.72807,0.423977,0.762972,0
0.0266667,0,0.16,0,0,0,0.333333,0.48,4,1,3.02667,0.154762,1,2.71429,0.400794,0.697778,0
0.0811808,0.0110701,0.121771,0,0,0,0.339483,0.446494,4,1,3.1845,0.0716724,1,2.94881,0.394767,0.594599,0
0.0625,0.0625,0.125,0,0,0,0.2875,0.4625,4,1,3.025,0.181818,1,2.76136,0.412879,0.740625,0
0,0.00236967,0.154028,0,0,0,0.412322,0.43128,4,1,2.75355,0.0226337,1,2.393,0.537037,0.471379,0
0.00294985,0.00196657,0.0894789,0,0,0,0.436578,0.469027,4,1,3.20157,0.0228519,1,2.97715,0.380256,0.515892,0
0.0115607,0.00289017,0.0599711,0,0,0,0.450144,0.475434,4,1,3.45954,0.0255349,1,3.30504,0.386934,0.540129,0
0,0,0.120321,0,0,0,0.433155,0.446524,4,1,2.85695,0.0167264,1,2.55436,0.377539,0.484243,0
0.105023,0.00684932,0.0890411,0,0,0,0.356164,0.442922,4,1,3.20091,0.0673913,1,3.05,0.413768,0.629722,0
0.0337756,0.00361882,0.0639324,0,0,0,0.424608,0.474065,4,1,3.4427,0.0461894,1,3.29677,0.390685,0.579272,0
0.00322581,0,0.26129,0,0,0,0.348387,0.387097,4,1,2.52581,0.0154242,1,2.01542,0.326478,0.399265,0
0.0222883,0.00148588,0.105498,0,0,0,0.414562,0.456166,4,1,3.10847,0.0259563,1,2.85929,0.378871,0.515627,0
0,0,0.240418,0,0,0,0.358885,0.400697,4,1,2.58188,0.0198864,1,2.10795,0.338068,0.415063,0
0.0116279,0.00581395,0.215116,0,0,0,0.319767,0.447674,4,1,2.88372,0.0561224,1,2.53571,0.387755,0.511386,0
0.025974,0.001998,0.0859141,0,0,0,0.424575,0.461538,4,1,3.26773,0.0233645,1,3.05794,0.387539,0.524258,0
0,0,0.232143,0,0,0,0.321429,0.446429,4,1,2.82143,0.102941,1,2.33824,0.492647,0.555059,0
0.0113792,0.0040965,0.0541648,0,0,0,0.457442,0.472918,4,1,3.41693,0.0174444,1,3.27431,0.390173,0.524299,0
0.0147601,0,0.110701,0,0,0,0.418819,0.45572,4,1,3.13284,0.0302521,1,2.85546,0.37479,0.52409,0
0.0223005,0.00704225,0.0715962,0,0,0,0.424883,0.474178,4,1,3.42606,0.0426009,1,3.27354,0.389387,0.565728,0
0.0416667,0.00505051,0.0669192,0,0,0,0.42298,0.463384,4,1,3.41035,0.0433735,1,3.25542,0.387149,0.575326,0
0.00943396,0.0283019,0.254717,0,0,0,0.150943,0.556604,4,1,2.95283,0.19469,1,2.77876,0.477876,0.816712,0
0.0147783,0.00492611,0.192118,0,0,0,0.349754,0.438424,4,1,2.83251,0.0515021,1,2.4721,0.54721,0.499179,0
0.0271647,0.00169779,0.103565,0,0,0,0.410866,0.456706,4,1,3.17487,0.0313972,1,2.93721,0.391941,0.527518,0
0,0,0.302439,0,0,0,0.326829,0.370732,4,1,2.44878,0.0188679,1,1.89811,0.315723,0.389675,0
0.0927835,0.00343643,0.127148,0,0,0,0.343643,0.43299,4,1,3.08591,0.0634921,1,2.85397,0.394709,0.583333,0
0.0255591,0.00319489,0.127796,0,0,0,0.386581,0.456869,4,1,3.13419,0.0523256,1,2.85465,0.388566,0.544986,0
0.0385965,0.00701754,0.0912281,0,0,0,0.407018,0.45614,4,1,3.32105,0.0462046,1,3.12541,0.385038,0.565497,0
0.0587393,0.00716332,0.0802292,0,0,0,0.395415,0.458453,4,1,3.33668,0.0479452,1,3.19178,0.403196,0.590929,0
0.00514139,0.00257069,0.14653,0,0,0,0.401028,0.44473,4,1,2.89974,0.0272727,1,2.56591,0.374242,0.493724,0
